#
# A fatal error has been detected by the Java Runtime Environment:
#
#  EXCEPTION_ACCESS_VIOLATION (0xc0000005) at pc=0x00007ff8e2e6d9ea, pid=51556, tid=49332
#
# JRE version: Java(TM) SE Runtime Environment (22.0.2+9) (build 22.0.2+9-70)
# Java VM: Java HotSpot(TM) 64-Bit Server VM (22.0.2+9-70, mixed mode, sharing, tiered, compressed oops, compressed class ptrs, g1 gc, windows-amd64)
# Problematic frame:
# C  [d3d9.dll+0xcd9ea]
#
# No core dump will be written. Minidumps are not enabled by default on client versions of Windows
#
# If you would like to submit a bug report, please visit:
#   https://bugreport.java.com/bugreport/crash.jsp
# The crash happened outside the Java Virtual Machine in native code.
# See problematic frame for where to report the bug.
#

---------------  S U M M A R Y ------------

Command Line: -javaagent:C:\Program Files\JetBrains\IntelliJ IDEA Community Edition 2024.1\lib\idea_rt.jar=51656:C:\Program Files\JetBrains\IntelliJ IDEA Community Edition 2024.1\bin -Dfile.encoding=UTF-8 -Dsun.stdout.encoding=UTF-8 -Dsun.stderr.encoding=UTF-8 Main

Host: AMD Ryzen 5 7640HS w/ Radeon 760M Graphics     , 12 cores, 15G,  Windows 11 , 64 bit Build 22621 (10.0.22621.4391)
Time: Mon Dec 23 01:54:04 2024 Eastern Standard Time elapsed time: 65.644690 seconds (0d 0h 1m 5s)

---------------  T H R E A D  ---------------

Current thread (0x000002c37e0057b0):  JavaThread "AWT-Windows" daemon [_thread_in_native, id=49332, stack(0x000000f4ddd00000,0x000000f4dde00000) (1024K)]

Stack: [0x000000f4ddd00000,0x000000f4dde00000],  sp=0x000000f4dddfee60,  free space=1019k
Native frames: (J=compiled Java code, j=interpreted, Vv=VM code, C=native code)
C  [d3d9.dll+0xcd9ea]  (no source info available)
C  [d3d9.dll+0x49196]  (no source info available)
C  [d3d9.dll+0x68429]  (no source info available)
C  [d3d9.dll+0x1996e]  (no source info available)
C  [d3d9.dll+0x2ba02]  (no source info available)
C  [awt.dll+0x21755]  (no source info available)
C  [awt.dll+0x22b93]  (no source info available)
C  [awt.dll+0x1a42b]  (no source info available)
C  [awt.dll+0x1a237]  (no source info available)
C  [awt.dll+0x18e1e]  (no source info available)
C  [awt.dll+0x1f87b]  (no source info available)
C  [awt.dll+0x1e689]  (no source info available)
C  [awt.dll+0xd3d1c]  (no source info available)
C  [awt.dll+0xd6f6e]  (no source info available)
C  0x000002c328a8d0c7  (no source info available)

The last pc belongs to native method entry point (kind = native) (printed below).
Java frames: (J=compiled Java code, j=interpreted, Vv=VM code)
j  sun.awt.windows.WToolkit.eventLoop()V+0 java.desktop@22.0.2
j  sun.awt.windows.WToolkit.run()V+50 java.desktop@22.0.2
j  java.lang.Thread.runWith(Ljava/lang/Object;Ljava/lang/Runnable;)V+5 java.base@22.0.2
j  java.lang.Thread.run()V+19 java.base@22.0.2
v  ~StubRoutines::call_stub 0x000002c328a8100d

siginfo: EXCEPTION_ACCESS_VIOLATION (0xc0000005), reading address 0x0000000000000008


Registers:
RAX=0x0000000000000000, RBX=0x000002c30f867560, RCX=0x000000000000001c, RDX=0x0000000000000000
RSP=0x000000f4dddfee60, RBP=0x0000000000000001, RSI=0x0000000000000000, RDI=0x000002c30f867560
R8 =0x000002c30fbb7e00, R9 =0x0000000000000001, R10=0x000002c30f3b20e8, R11=0x000000f4dddfee40
R12=0x0000000000000000, R13=0x000002c37a1f0a48, R14=0x000000f4dddff1c8, R15=0x000002c37e0057b0
RIP=0x00007ff8e2e6d9ea, EFLAGS=0x0000000000010212


Register to memory mapping:

RAX=0x0 is null
RBX=0x000002c30f867560 points into unknown readable memory: 0x0000000000000000 | 00 00 00 00 00 00 00 00
RCX=0x000000000000001c is an unknown value
RDX=0x0 is null
RSP=0x000000f4dddfee60 is pointing into the stack for thread: 0x000002c37e0057b0
RBP=0x0000000000000001 is an unknown value
RSI=0x0 is null
RDI=0x000002c30f867560 points into unknown readable memory: 0x0000000000000000 | 00 00 00 00 00 00 00 00
R8 =0x000002c30fbb7e00 points into unknown readable memory: 0x0000000000000000 | 00 00 00 00 00 00 00 00
R9 =0x0000000000000001 is an unknown value
R10=0x000002c30f3b20e8 points into unknown readable memory: 0x0000040000000000 | 00 00 00 00 00 04 00 00
R11=0x000000f4dddfee40 is pointing into the stack for thread: 0x000002c37e0057b0
R12=0x0 is null
R13={method} {0x000002c37a1f0a50} 'eventLoop' '()V' in 'sun/awt/windows/WToolkit'
R14=0x000000f4dddff1c8 is pointing into the stack for thread: 0x000002c37e0057b0
R15=0x000002c37e0057b0 is a thread

Top of Stack: (sp=0x000000f4dddfee60)
0x000000f4dddfee60:   000002c37e0fdde0 00007ff92136b001
0x000000f4dddfee70:   000002c37e0fddd0 000002c317070000
0x000000f4dddfee80:   000002c30fbc17c8 00007ff8e2de9196
0x000000f4dddfee90:   000002c30f867560 00007ff8e2db9a1c
0x000000f4dddfeea0:   000002c30fbc17c8 00007ff91e6c1f9f
0x000000f4dddfeeb0:   000002c30f58e3e8 00007ff8e2e08429
0x000000f4dddfeec0:   000002c311789020 000002c30f4304c0
0x000000f4dddfeed0:   000002c311a3e520 00007ff8e2dacfb6
0x000000f4dddfeee0:   000002c30f58e3e0 00007ff8e2db996e
0x000000f4dddfeef0:   0000000000000000 000002c30f58e3e0
0x000000f4dddfef00:   0000000000000000 00007ff8e2dda01f
0x000000f4dddfef10:   000002c30f58e3e0 00007ff8e2dcba02
0x000000f4dddfef20:   00007ff8d06d97f0 0000000000000000
0x000000f4dddfef30:   000002c30fbc17c8 000000f4dddff1c8
0x000000f4dddfef40:   0000000000000001 00007ff8d05c1755
0x000000f4dddfef50:   000002c311a3c0d0 0000000000000000
0x000000f4dddfef60:   000002c30fbc17c8 00007ff800000001
0x000000f4dddfef70:   0000000000000001 00007ff8d05c2b93
0x000000f4dddfef80:   000002c30f51ef60 0000000000000000
0x000000f4dddfef90:   000002c30fbc17c8 00007ff900000001
0x000000f4dddfefa0:   000002c37e3f9cd0 00007ff8d05ba42b
0x000000f4dddfefb0:   000002c300000048 00007ff8d06c7dec
0x000000f4dddfefc0:   00007ff8d06e28c0 00007ff8d06b0db0
0x000000f4dddfefd0:   0000000000000001 00007ff8d05ba237
0x000000f4dddfefe0:   000002c37e3f9cd0 0000000000000000
0x000000f4dddfeff0:   0000000000000000 000000f4dc24d800
0x000000f4dddff000:   0000000000000001 00007ff8d05b8e1e
0x000000f4dddff010:   000002c37e3f9cd0 0000000000000000
0x000000f4dddff020:   0000000000000000 00007ff8d06893b2
0x000000f4dddff030:   000002c37e000510 00007ff8d05bf87b
0x000000f4dddff040:   0000000000000000 0000000000000000
0x000000f4dddff050:   00007ff8d06d97e0 00007ff8d06d97f0 

Instructions: (pc=0x00007ff8e2e6d9ea)
0x00007ff8e2e6d8ea:   8b 53 08 41 ff c8 49 c1 e0 03 48 83 c2 08 e8 75
0x00007ff8e2e6d8fa:   2a f7 ff 48 8b 4b 08 48 85 c9 74 12 48 2b 49 f8
0x00007ff8e2e6d90a:   74 0c 48 ff 15 c5 86 07 00 0f 1f 44 00 00 48 89
0x00007ff8e2e6d91a:   73 08 48 63 47 08 8b 57 14 48 f7 d8 44 8b 03 48
0x00007ff8e2e6d92a:   c1 e0 3f 48 d1 ea 48 03 d0 8b 07 48 c1 e0 1f 48
0x00007ff8e2e6d93a:   03 d0 eb 48 4c 8b 5b 08 41 8b c0 48 d1 e8 45 8b
0x00007ff8e2e6d94a:   c8 4d 8b 14 c3 49 63 42 08 41 8b 4a 14 48 f7 d8
0x00007ff8e2e6d95a:   48 c1 e0 3f 48 d1 e9 48 03 c8 41 8b 02 48 c1 e0
0x00007ff8e2e6d96a:   1f 48 03 c8 48 3b d1 73 19 4f 89 14 cb 48 8b 43
0x00007ff8e2e6d97a:   08 4a 8b 0c c8 44 89 41 0c 41 d1 e8 41 83 f8 01
0x00007ff8e2e6d98a:   77 b2 48 8b 4b 08 b8 01 00 00 00 41 8b d0 48 89
0x00007ff8e2e6d99a:   3c d1 48 8b 4b 08 48 8b 14 d1 44 89 42 0c ff 03
0x00007ff8e2e6d9aa:   48 8b 5c 24 38 48 8b 74 24 40 48 83 c4 20 5f c3
0x00007ff8e2e6d9ba:   cc cc cc cc cc cc cc cc cc cc 48 89 5c 24 08 57
0x00007ff8e2e6d9ca:   48 83 ec 20 4c 8b 41 08 48 8b fa 44 8b 4a 0c 4c
0x00007ff8e2e6d9da:   8b d1 ff 09 8b 01 8b 4f 14 48 d1 e9 49 8b 14 c0
0x00007ff8e2e6d9ea:   48 63 42 08 8b 5a 14 48 f7 d8 48 c1 e0 3f 48 d1
0x00007ff8e2e6d9fa:   eb 48 03 d8 8b 02 48 c1 e0 1f 48 03 d8 48 63 47
0x00007ff8e2e6da0a:   08 48 f7 d8 48 c1 e0 3f 48 03 c8 8b 07 48 c1 e0
0x00007ff8e2e6da1a:   1f 48 03 c8 48 3b d9 72 6e 4b 89 14 c8 41 8b d1
0x00007ff8e2e6da2a:   49 8b 42 08 4a 8b 0c c8 44 89 49 0c 49 8b ca e8
0x00007ff8e2e6da3a:   3c b8 f7 ff 83 67 0c 00 48 8b 5c 24 30 48 83 c4
0x00007ff8e2e6da4a:   20 5f c3 cc 4d 8b 5a 08 41 8b c1 48 d1 e8 49 8b
0x00007ff8e2e6da5a:   14 c3 48 63 42 08 8b 4a 14 48 f7 d8 48 c1 e0 3f
0x00007ff8e2e6da6a:   48 d1 e9 48 03 c8 8b 02 48 c1 e0 1f 48 03 c8 48
0x00007ff8e2e6da7a:   3b d9 73 19 4b 89 14 cb 49 8b 42 08 4a 8b 0c c8
0x00007ff8e2e6da8a:   44 89 49 0c 41 d1 e9 41 83 f9 01 77 b7 41 8b 02
0x00007ff8e2e6da9a:   49 8b 52 08 48 8b 0c c2 4a 89 0c ca 49 8b 42 08
0x00007ff8e2e6daaa:   4a 8b 0c c8 44 89 49 0c eb 8a cc cc cc cc cc cc
0x00007ff8e2e6daba:   cc cc 48 89 5c 24 08 48 89 74 24 10 48 89 7c 24
0x00007ff8e2e6daca:   18 41 56 48 83 ec 20 44 8b 19 33 f6 48 8b f9 45
0x00007ff8e2e6dada:   8d 4b ff 43 8d 04 09 45 8b c1 41 8b d9 41 3b c3 


Stack slot to memory mapping:

stack at sp + 0 slots: 0x000002c37e0fdde0 points into unknown readable memory: 0x000002c3106ca930 | 30 a9 6c 10 c3 02 00 00
stack at sp + 1 slots: 0x00007ff92136b001 ntdll.dll
stack at sp + 2 slots: 0x000002c37e0fddd0 points into unknown readable memory: 0x0000000100000002 | 02 00 00 00 01 00 00 00
stack at sp + 3 slots: 0x000002c317070000 points into unknown readable memory: 0x0000000000000000 | 00 00 00 00 00 00 00 00
stack at sp + 4 slots: 0x000002c30fbc17c8 points into unknown readable memory: 0x0000000000000000 | 00 00 00 00 00 00 00 00
stack at sp + 5 slots: 0x00007ff8e2de9196 d3d9.dll
stack at sp + 6 slots: 0x000002c30f867560 points into unknown readable memory: 0x0000000000000000 | 00 00 00 00 00 00 00 00
stack at sp + 7 slots: 0x00007ff8e2db9a1c d3d9.dll

native method entry point (kind = native)  [0x000002c328a8cca0, 0x000002c328a8d8c0]  3104 bytes
[MachCode]
  0x000002c328a8cca0: 488b 4b08 | 0fb7 492e | 584c 8d74 | ccf8 6800 | 0000 0068 | 0000 0000 | 5055 488b | ec41 5568 
  0x000002c328a8ccc0: 0000 0000 | 4c8b 6b08 | 4d8d 6d38 | 5348 8b53 | 0848 8b52 | 0848 8b52 | 1848 8b52 | 7048 8b12 
  0x000002c328a8cce0: 5248 8b53 | 1048 85d2 | 0f84 0700 | 0000 4881 | c210 0100 | 0052 488b | 5308 488b | 5208 488b 
  0x000002c328a8cd00: 5210 5249 | 8bc6 482b | c548 c1e8 | 0350 6800 | 0000 0068 | f7ff ffff | 41c6 8781 | 0400 0001 
  0x000002c328a8cd20: 488b 4310 | 4885 c074 | 208b 88cc | 0000 0083 | c102 8988 | cc00 0000 | 2388 e000 | 0000 0f84 
  0x000002c328a8cd40: cb0a 0000 | e9cf 0000 | 0048 8b43 | 1848 85c0 | 0f85 b000 | 0000 e805 | 0000 00e9 | 9900 0000 
  0x000002c328a8cd60: 488b d348 | 8d44 2408 | 4c89 6dc0 | 498b cfc5 | f877 4989 | afb0 0300 | 0049 8987 | a003 0000 
  0x000002c328a8cd80: 4883 ec20 | 40f6 c40f | 0f84 1900 | 0000 4883 | ec08 48b8 | 00a7 0771 | f87f 0000 | ffd0 4883 
  0x000002c328a8cda0: c408 e90c | 0000 0048 | b800 a707 | 71f8 7f00 | 00ff d048 | 83c4 2049 | c787 a003 | 0000 0000 
  0x000002c328a8cdc0: 0000 49c7 | 87b0 0300 | 0000 0000 | 0049 c787 | a803 0000 | 0000 0000 | c5f8 7749 | 837f 0800 
  0x000002c328a8cde0: 0f84 0500 | 0000 e915 | 41ff ff4c | 8b6d c04c | 8b75 c84e | 8d74 f500 | c348 8b43 | 1848 85c0 
  0x000002c328a8ce00: 0f84 1200 | 0000 8b48 | 0883 c102 | 8948 0823 | 481c 0f84 | f709 0000 | 493b a7f0 | 0400 000f 
  0x000002c328a8ce20: 8748 0000 | 0089 8424 | 00f0 ffff | 8984 2400 | e0ff ff89 | 8424 00d0 | ffff 8984 | 2400 c0ff 
  0x000002c328a8ce40: ff89 8424 | 00b0 ffff | 8984 2400 | a0ff ff89 | 8424 0090 | ffff 8984 | 2400 80ff | ff49 3ba7 
  0x000002c328a8ce60: e804 0000 | 7607 4989 | a7f0 0400 | 0041 c687 | 8104 0000 | 0049 ba6c | 408e 71f8 | 7f00 0041 
  0x000002c328a8ce80: 803a 000f | 843e 0000 | 0048 8b55 | e849 8bcf | 4883 ec20 | 40f6 c40f | 0f84 1900 | 0000 4883 
  0x000002c328a8cea0: ec08 48b8 | 80b9 3e71 | f87f 0000 | ffd0 4883 | c408 e90c | 0000 0048 | b880 b93e | 71f8 7f00 
  0x000002c328a8cec0: 00ff d048 | 83c4 2048 | 8b5d e84c | 8b5b 0845 | 0fb7 5b2e | 41c1 e303 | 492b e348 | 83ec 2048 
  0x000002c328a8cee0: 83e4 f04c | 8b5b 604d | 85db 0f85 | ab00 0000 | e805 0000 | 00e9 9900 | 0000 488b | d348 8d44 
  0x000002c328a8cf00: 2408 4c89 | 6dc0 498b | cfc5 f877 | 4989 afb0 | 0300 0049 | 8987 a003 | 0000 4883 | ec20 40f6 
  0x000002c328a8cf20: c40f 0f84 | 1900 0000 | 4883 ec08 | 48b8 20ce | 0771 f87f | 0000 ffd0 | 4883 c408 | e90c 0000 
  0x000002c328a8cf40: 0048 b820 | ce07 71f8 | 7f00 00ff | d048 83c4 | 2049 c787 | a003 0000 | 0000 0000 | 49c7 87b0 
  0x000002c328a8cf60: 0300 0000 | 0000 0049 | c787 a803 | 0000 0000 | 0000 c5f8 | 7749 837f | 0800 0f84 | 0500 0000 
  0x000002c328a8cf80: e97b 3fff | ff4c 8b6d | c04c 8b75 | c84e 8d74 | f500 c348 | 8b5d e84c | 8b5b 6041 | ffd3 488b 
  0x000002c328a8cfa0: 5de8 4889 | 4518 448b | 5b28 41f6 | c308 0f84 | 1b00 0000 | 4c8b 5b08 | 4d8b 5b08 | 4d8b 5b18 
  0x000002c328a8cfc0: 4d8b 5b70 | 4d8b 1b4c | 895d 1048 | 8d55 1048 | 8b43 5849 | ba80 103f | 71f8 7f00 | 0049 3bc2 
  0x000002c328a8cfe0: 0f85 ab00 | 0000 e805 | 0000 00e9 | 9900 0000 | 488b d348 | 8d44 2408 | 4c89 6dc0 | 498b cfc5 
  0x000002c328a8d000: f877 4989 | afb0 0300 | 0049 8987 | a003 0000 | 4883 ec20 | 40f6 c40f | 0f84 1900 | 0000 4883 
  0x000002c328a8d020: ec08 48b8 | 20ce 0771 | f87f 0000 | ffd0 4883 | c408 e90c | 0000 0048 | b820 ce07 | 71f8 7f00 
  0x000002c328a8d040: 00ff d048 | 83c4 2049 | c787 a003 | 0000 0000 | 0000 49c7 | 87b0 0300 | 0000 0000 | 0049 c787 
  0x000002c328a8d060: a803 0000 | 0000 0000 | c5f8 7749 | 837f 0800 | 0f84 0500 | 0000 e985 | 3eff ff4c | 8b6d c04c 
  0x000002c328a8d080: 8b75 c84e | 8d74 f500 | c348 8b5d | e848 8b43 | 5849 8d8f | c003 0000 | c5f8 7749 | 89af b003 
  0x000002c328a8d0a0: 0000 49ba | 98d0 a828 | c302 0000 | 4d89 97a8 | 0300 0049 | 89a7 a003 | 0000 41c7 | 8754 0400 
  0x000002c328a8d0c0: 0004 0000 | 00ff d0c5 | f877 4883 | ec10 c5fb | 1104 2448 | 83ec 1048 | 8904 2448 | c744 2408 
  0x000002c328a8d0e0: 0000 0000 | 41c7 8754 | 0400 0005 | 0000 00f0 | 8344 24c0 | 0049 3baf | 5804 0000 | 0f87 0e00 
  0x000002c328a8d100: 0000 4183 | bf50 0400 | 0000 0f84 | 2000 0000 | 498b cf4c | 8be4 4883 | ec20 4883 | e4f0 48b8 
  0x000002c328a8d120: 4023 0971 | f87f 0000 | ffd0 498b | e44d 33e4 | 41c7 8754 | 0400 0008 | 0000 0049 | c787 a003 
  0x000002c328a8d140: 0000 0000 | 0000 49c7 | 87b0 0300 | 0000 0000 | 0049 c787 | a803 0000 | 0000 0000 | c5f8 774d 
  0x000002c328a8d160: 8b9f 3004 | 0000 41c7 | 8300 0100 | 0000 0000 | 0049 bb1a | a5a8 28c3 | 0200 004c | 3b5d 180f 
  0x000002c328a8d180: 8524 0300 | 0048 8b04 | 2448 83c4 | 1048 85c0 | 0f84 fe02 | 0000 a803 | 0f85 0800 | 0000 488b 
  0x000002c328a8d1a0: 00e9 ee02 | 0000 a801 | 0f85 0900 | 0000 488b | 40fe e9dd | 0200 0048 | 8b40 ff41 | 807f 3800 
  0x000002c328a8d1c0: 0f84 ce02 | 0000 4883 | f800 0f84 | c402 0000 | 4d8b 5f28 | 4983 fb00 | 0f84 1400 | 0000 4983 
  0x000002c328a8d1e0: eb08 4d89 | 5f28 4d03 | 5f30 4989 | 03e9 a202 | 0000 4881 | ec50 0100 | 0048 8904 | 2448 894c 
  0x000002c328a8d200: 2408 4889 | 5424 1048 | 8974 2418 | 4889 7c24 | 204c 8944 | 2428 4c89 | 4c24 304c | 8954 2438 
  0x000002c328a8d220: 4c89 5c24 | 40c5 fb11 | 4424 50c5 | fb11 4c24 | 58c5 fb11 | 5424 60c5 | fb11 5c24 | 68c5 fb11 
  0x000002c328a8d240: 6424 70c5 | fb11 6c24 | 78c5 fb11 | b424 8000 | 0000 c5fb | 11bc 2488 | 0000 00c5 | 7b11 8424 
  0x000002c328a8d260: 9000 0000 | c57b 118c | 2498 0000 | 00c5 7b11 | 9424 a000 | 0000 c57b | 119c 24a8 | 0000 00c5 
  0x000002c328a8d280: 7b11 a424 | b000 0000 | c57b 11ac | 24b8 0000 | 00c5 7b11 | b424 c000 | 0000 c57b | 11bc 24c8 
  0x000002c328a8d2a0: 0000 0062 | e1ff 0811 | 4424 1a62 | e1ff 0811 | 4c24 1b62 | e1ff 0811 | 5424 1c62 | e1ff 0811 
  0x000002c328a8d2c0: 5c24 1d62 | e1ff 0811 | 6424 1e62 | e1ff 0811 | 6c24 1f62 | e1ff 0811 | 7424 2062 | e1ff 0811 
  0x000002c328a8d2e0: 7c24 2162 | 61ff 0811 | 4424 2262 | 61ff 0811 | 4c24 2362 | 61ff 0811 | 5424 2462 | 61ff 0811 
  0x000002c328a8d300: 5c24 2562 | 61ff 0811 | 6424 2662 | 61ff 0811 | 6c24 2762 | 61ff 0811 | 7424 2862 | 61ff 0811 
  0x000002c328a8d320: 7c24 2949 | 8bd7 488b | c848 83ec | 2040 f6c4 | 0f0f 8419 | 0000 0048 | 83ec 0848 | b830 3ffc 
  0x000002c328a8d340: 70f8 7f00 | 00ff d048 | 83c4 08e9 | 0c00 0000 | 48b8 303f | fc70 f87f | 0000 ffd0 | 4883 c420 
  0x000002c328a8d360: 6261 ff08 | 107c 2429 | 6261 ff08 | 1074 2428 | 6261 ff08 | 106c 2427 | 6261 ff08 | 1064 2426 
  0x000002c328a8d380: 6261 ff08 | 105c 2425 | 6261 ff08 | 1054 2424 | 6261 ff08 | 104c 2423 | 6261 ff08 | 1044 2422 
  0x000002c328a8d3a0: 62e1 ff08 | 107c 2421 | 62e1 ff08 | 1074 2420 | 62e1 ff08 | 106c 241f | 62e1 ff08 | 1064 241e 
  0x000002c328a8d3c0: 62e1 ff08 | 105c 241d | 62e1 ff08 | 1054 241c | 62e1 ff08 | 104c 241b | 62e1 ff08 | 1044 241a 
  0x000002c328a8d3e0: c57b 10bc | 24c8 0000 | 00c5 7b10 | b424 c000 | 0000 c57b | 10ac 24b8 | 0000 00c5 | 7b10 a424 
  0x000002c328a8d400: b000 0000 | c57b 109c | 24a8 0000 | 00c5 7b10 | 9424 a000 | 0000 c57b | 108c 2498 | 0000 00c5 
  0x000002c328a8d420: 7b10 8424 | 9000 0000 | c5fb 10bc | 2488 0000 | 00c5 fb10 | b424 8000 | 0000 c5fb | 106c 2478 
  0x000002c328a8d440: c5fb 1064 | 2470 c5fb | 105c 2468 | c5fb 1054 | 2460 c5fb | 104c 2458 | c5fb 1044 | 2450 4c8b 
  0x000002c328a8d460: 5c24 404c | 8b54 2438 | 4c8b 4c24 | 304c 8b44 | 2428 488b | 7c24 2048 | 8b74 2418 | 488b 5424 
  0x000002c328a8d480: 1048 8b4c | 2408 488b | 0424 4881 | c450 0100 | 00c5 f877 | 4889 4510 | 4883 ec10 | 4889 0424 
  0x000002c328a8d4a0: 48c7 4424 | 0800 0000 | 0041 83bf | d004 0000 | 020f 85bf | 0000 0048 | 81ec 8000 | 0000 4889 
  0x000002c328a8d4c0: 4424 7848 | 894c 2470 | 4889 5424 | 6848 895c | 2460 4889 | 6c24 5048 | 8974 2448 | 4889 7c24 
  0x000002c328a8d4e0: 404c 8944 | 2438 4c89 | 4c24 304c | 8954 2428 | 4c89 5c24 | 204c 8964 | 2418 4c89 | 6c24 104c 
  0x000002c328a8d500: 8974 2408 | 4c89 3c24 | 4c8b e448 | 83ec 2048 | 83e4 f048 | b8d0 f13e | 71f8 7f00 | 00ff d049 
  0x000002c328a8d520: 8be4 4c8b | 3c24 4c8b | 7424 084c | 8b6c 2410 | 4c8b 6424 | 184c 8b5c | 2420 4c8b | 5424 284c 
  0x000002c328a8d540: 8b4c 2430 | 4c8b 4424 | 3848 8b7c | 2440 488b | 7424 4848 | 8b6c 2450 | 488b 5c24 | 6048 8b54 
  0x000002c328a8d560: 2468 488b | 4c24 7048 | 8b44 2478 | 4881 c480 | 0000 004d | 33e4 488b | 5de8 4c8b | 6b08 4d8d 
  0x000002c328a8d580: 6d38 4983 | 7f08 000f | 84bb 0000 | 00e8 0500 | 0000 e996 | 0000 0048 | 8d44 2408 | 4c89 6dc0 
  0x000002c328a8d5a0: 498b cfc5 | f877 4989 | afb0 0300 | 0049 8987 | a003 0000 | 4883 ec20 | 40f6 c40f | 0f84 1900 
  0x000002c328a8d5c0: 0000 4883 | ec08 48b8 | 60ec 0771 | f87f 0000 | ffd0 4883 | c408 e90c | 0000 0048 | b860 ec07 
  0x000002c328a8d5e0: 71f8 7f00 | 00ff d048 | 83c4 2049 | c787 a003 | 0000 0000 | 0000 49c7 | 87b0 0300 | 0000 0000 
  0x000002c328a8d600: 0049 c787 | a803 0000 | 0000 0000 | c5f8 7749 | 837f 0800 | 0f84 0500 | 0000 e9e1 | 38ff ff4c 
  0x000002c328a8d620: 8b6d c04c | 8b75 c84e | 8d74 f500 | c348 b9c0 | 2866 71f8 | 7f00 0048 | 83e4 f048 | b830 992d 
  0x000002c328a8d640: 71f8 7f00 | 00ff d0f4 | 448b 5b28 | 41f6 c320 | 0f84 4401 | 0000 488d | 55a8 4c8b | 5a08 4d85 
  0x000002c328a8d660: db0f 85bb | 0000 00e8 | 0500 0000 | e996 0000 | 0048 8d44 | 2408 4c89 | 6dc0 498b | cfc5 f877 
  0x000002c328a8d680: 4989 afb0 | 0300 0049 | 8987 a003 | 0000 4883 | ec20 40f6 | c40f 0f84 | 1900 0000 | 4883 ec08 
  0x000002c328a8d6a0: 48b8 90eb | 0771 f87f | 0000 ffd0 | 4883 c408 | e90c 0000 | 0048 b890 | eb07 71f8 | 7f00 00ff 
  0x000002c328a8d6c0: d048 83c4 | 2049 c787 | a003 0000 | 0000 0000 | 49c7 87b0 | 0300 0000 | 0000 0049 | c787 a803 
  0x000002c328a8d6e0: 0000 0000 | 0000 c5f8 | 7749 837f | 0800 0f84 | 0500 0000 | e907 38ff | ff4c 8b6d | c04c 8b75 
  0x000002c328a8d700: c84e 8d74 | f500 c348 | b9c0 2866 | 71f8 7f00 | 0048 83e4 | f048 b830 | 992d 71f8 | 7f00 00ff 
  0x000002c328a8d720: d0f4 4c89 | 6dc0 488d | 024c 8b4a | 0848 c742 | 0800 0000 | 004c 8b00 | 4d85 c00f | 840b 0000 
  0x000002c328a8d740: 00f0 4d0f | b101 0f85 | 0c00 0000 | 49ff 8f58 | 0500 00e9 | 3e00 0000 | 4c89 4a08 | 488b ca48 
  0x000002c328a8d760: 83ec 2040 | f6c4 0f0f | 8419 0000 | 0048 83ec | 0848 b820 | be07 71f8 | 7f00 00ff | d048 83c4 
  0x000002c328a8d780: 08e9 0c00 | 0000 48b8 | 20be 0771 | f87f 0000 | ffd0 4883 | c420 4c8b | 6dc0 49ba | 6c40 8e71 
  0x000002c328a8d7a0: f87f 0000 | 4180 3a00 | 0f84 3e00 | 0000 488b | 55e8 498b | cf48 83ec | 2040 f6c4 | 0f0f 8419 
  0x000002c328a8d7c0: 0000 0048 | 83ec 0848 | b880 b93e | 71f8 7f00 | 00ff d048 | 83c4 08e9 | 0c00 0000 | 48b8 80b9 
  0x000002c328a8d7e0: 3e71 f87f | 0000 ffd0 | 4883 c420 | 488b 0424 | 4883 c410 | c5fb 1004 | 2448 83c4 | 104c 8b5d 
  0x000002c328a8d800: 1841 ffd3 | 4c8b 5df8 | c95f 498b | e3ff e7ba | 0000 0000 | e805 0000 | 00e9 9600 | 0000 488d 
  0x000002c328a8d820: 4424 084c | 896d c049 | 8bcf c5f8 | 7749 89af | b003 0000 | 4989 87a0 | 0300 0048 | 83ec 2040 
  0x000002c328a8d840: f6c4 0f0f | 8419 0000 | 0048 83ec | 0848 b8e0 | b107 71f8 | 7f00 00ff | d048 83c4 | 08e9 0c00 
  0x000002c328a8d860: 0000 48b8 | e0b1 0771 | f87f 0000 | ffd0 4883 | c420 49c7 | 87a0 0300 | 0000 0000 | 0049 c787 
  0x000002c328a8d880: b003 0000 | 0000 0000 | 49c7 87a8 | 0300 0000 | 0000 00c5 | f877 4983 | 7f08 000f | 8405 0000 
  0x000002c328a8d8a0: 00e9 5a36 | ffff 4c8b | 6dc0 4c8b | 75c8 4e8d | 74f5 00c3 | 488b 5de8 | e95b f5ff | ff66 6690 
[/MachCode]

---------------  P R O C E S S  ---------------

Threads class SMR info:
_java_thread_list=0x000002c311a312f0, length=25, elements={
0x000002c33830c5a0, 0x000002c33830d3b0, 0x000002c33830ff10, 0x000002c338310a60,
0x000002c3383135c0, 0x000002c33831f050, 0x000002c338325200, 0x000002c338329540,
0x000002c3382dc0f0, 0x000002c338798ef0, 0x000002c33879e0f0, 0x000002c338846d30,
0x000002c37e0018b0, 0x000002c37e0057b0, 0x000002c30f119f70, 0x000002c30f15d950,
0x000002c30f06d7b0, 0x000002c30f17a020, 0x000002c30f1785e0, 0x000002c30f249480,
0x000002c30f248760, 0x000002c30f246d20, 0x000002c30f249b10, 0x000002c30f2452e0,
0x000002c30f24aec0
}

Java Threads: ( => current thread )
  0x000002c33830c5a0 JavaThread "Reference Handler"          daemon [_thread_blocked, id=26804, stack(0x000000f4dd000000,0x000000f4dd100000) (1024K)]
  0x000002c33830d3b0 JavaThread "Finalizer"                  daemon [_thread_blocked, id=57288, stack(0x000000f4dd100000,0x000000f4dd200000) (1024K)]
  0x000002c33830ff10 JavaThread "Signal Dispatcher"          daemon [_thread_blocked, id=48832, stack(0x000000f4dd200000,0x000000f4dd300000) (1024K)]
  0x000002c338310a60 JavaThread "Attach Listener"            daemon [_thread_blocked, id=15192, stack(0x000000f4dd300000,0x000000f4dd400000) (1024K)]
  0x000002c3383135c0 JavaThread "Service Thread"             daemon [_thread_blocked, id=58784, stack(0x000000f4dd400000,0x000000f4dd500000) (1024K)]
  0x000002c33831f050 JavaThread "Monitor Deflation Thread"   daemon [_thread_blocked, id=58192, stack(0x000000f4dd500000,0x000000f4dd600000) (1024K)]
  0x000002c338325200 JavaThread "C2 CompilerThread0"         daemon [_thread_blocked, id=19224, stack(0x000000f4dd600000,0x000000f4dd700000) (1024K)]
  0x000002c338329540 JavaThread "C1 CompilerThread0"         daemon [_thread_blocked, id=60252, stack(0x000000f4dd700000,0x000000f4dd800000) (1024K)]
  0x000002c3382dc0f0 JavaThread "Common-Cleaner"             daemon [_thread_blocked, id=59776, stack(0x000000f4dd800000,0x000000f4dd900000) (1024K)]
  0x000002c338798ef0 JavaThread "Monitor Ctrl-Break"         daemon [_thread_in_native, id=54540, stack(0x000000f4dd900000,0x000000f4dda00000) (1024K)]
  0x000002c33879e0f0 JavaThread "Notification Thread"        daemon [_thread_blocked, id=56052, stack(0x000000f4dda00000,0x000000f4ddb00000) (1024K)]
  0x000002c338846d30 JavaThread "Java2D Disposer"            daemon [_thread_blocked, id=46344, stack(0x000000f4ddb00000,0x000000f4ddc00000) (1024K)]
  0x000002c37e0018b0 JavaThread "AWT-Shutdown"                      [_thread_blocked, id=54612, stack(0x000000f4ddc00000,0x000000f4ddd00000) (1024K)]
=>0x000002c37e0057b0 JavaThread "AWT-Windows"                daemon [_thread_in_native, id=49332, stack(0x000000f4ddd00000,0x000000f4dde00000) (1024K)]
  0x000002c30f119f70 JavaThread "TimerQueue"                 daemon [_thread_blocked, id=58684, stack(0x000000f4dea00000,0x000000f4deb00000) (1024K)]
  0x000002c30f15d950 JavaThread "Thread-0"                          [_thread_blocked, id=50668, stack(0x000000f4deb00000,0x000000f4dec00000) (1024K)]
  0x000002c30f06d7b0 JavaThread "Thread-1"                          [_thread_blocked, id=58672, stack(0x000000f4dec00000,0x000000f4ded00000) (1024K)]
  0x000002c30f17a020 JavaThread "JNativeHook Hook Thread"           [_thread_in_native, id=42844, stack(0x000000f4ded00000,0x000000f4dee00000) (1024K)]
  0x000002c30f1785e0 JavaThread "JNativeHook Dispatch Thread" daemon [_thread_blocked, id=58200, stack(0x000000f4dee00000,0x000000f4def00000) (1024K)]
  0x000002c30f249480 JavaThread "AWT-EventQueue-0"                  [_thread_in_native, id=53816, stack(0x000000f4df600000,0x000000f4df700000) (1024K)]
  0x000002c30f248760 JavaThread "Thread-11"                         [_thread_in_Java, id=57776, stack(0x000000f4def00000,0x000000f4df000000) (1024K)]
  0x000002c30f246d20 JavaThread "DestroyJavaVM"                     [_thread_blocked, id=57804, stack(0x000000f4dc800000,0x000000f4dc900000) (1024K)]
  0x000002c30f249b10 JavaThread "JNA Cleaner"                daemon [_thread_blocked, id=23356, stack(0x000000f4dfc00000,0x000000f4dfd00000) (1024K)]
  0x000002c30f2452e0 JavaThread "SIGINT handler"             daemon [_thread_blocked, id=60828, stack(0x000000f4e0200000,0x000000f4e0300000) (1024K)]
  0x000002c30f24aec0 JavaThread "ToolkitShutdown"            daemon [_thread_in_native, id=60844, stack(0x000000f4e0500000,0x000000f4e0600000) (1024K)]
Total: 25

Other Threads:
  0x000002c3382f2800 VMThread "VM Thread"                           [id=60024, stack(0x000000f4dcf00000,0x000000f4dd000000) (1024K)]
  0x000002c3382db600 WatcherThread "VM Periodic Task Thread"        [id=48644, stack(0x000000f4dce00000,0x000000f4dcf00000) (1024K)]
  0x000002c319263cc0 WorkerThread "GC Thread#0"                     [id=58820, stack(0x000000f4dc900000,0x000000f4dca00000) (1024K)]
  0x000002c3100fdbf0 WorkerThread "GC Thread#1"                     [id=53588, stack(0x000000f4df100000,0x000000f4df200000) (1024K)]
  0x000002c30fb89db0 WorkerThread "GC Thread#2"                     [id=51504, stack(0x000000f4df300000,0x000000f4df400000) (1024K)]
  0x000002c30f904530 WorkerThread "GC Thread#3"                     [id=44348, stack(0x000000f4df400000,0x000000f4df500000) (1024K)]
  0x000002c30f904ce0 WorkerThread "GC Thread#4"                     [id=55256, stack(0x000000f4df500000,0x000000f4df600000) (1024K)]
  0x000002c30f8cf720 WorkerThread "GC Thread#5"                     [id=58912, stack(0x000000f4df700000,0x000000f4df800000) (1024K)]
  0x000002c30f8cfad0 WorkerThread "GC Thread#6"                     [id=57628, stack(0x000000f4df800000,0x000000f4df900000) (1024K)]
  0x000002c30f8cfe80 WorkerThread "GC Thread#7"                     [id=40860, stack(0x000000f4df900000,0x000000f4dfa00000) (1024K)]
  0x000002c3100bbf40 WorkerThread "GC Thread#8"                     [id=60284, stack(0x000000f4dfa00000,0x000000f4dfb00000) (1024K)]
  0x000002c3100bc2f0 WorkerThread "GC Thread#9"                     [id=55704, stack(0x000000f4dfb00000,0x000000f4dfc00000) (1024K)]
  0x000002c3192747d0 ConcurrentGCThread "G1 Main Marker"            [id=51664, stack(0x000000f4dca00000,0x000000f4dcb00000) (1024K)]
  0x000002c3192752e0 WorkerThread "G1 Conc#0"                       [id=42988, stack(0x000000f4dcb00000,0x000000f4dcc00000) (1024K)]
  0x000002c3381ac1b0 ConcurrentGCThread "G1 Refine#0"               [id=57540, stack(0x000000f4dcc00000,0x000000f4dcd00000) (1024K)]
  0x000002c3381acb40 ConcurrentGCThread "G1 Service"                [id=56288, stack(0x000000f4dcd00000,0x000000f4dce00000) (1024K)]
Total: 16

Threads with active compile tasks:
Total: 0

VM state: not at safepoint (normal execution)

VM Mutex/Monitor currently owned by a thread: None

Heap address: 0x000000070ce00000, size: 3890 MB, Compressed Oops mode: Zero based, Oop shift amount: 3

CDS archive(s) mapped at: [0x000002c339000000-0x000002c339c60000-0x000002c339c60000), size 12976128, SharedBaseAddress: 0x000002c339000000, ArchiveRelocationMode: 1.
Compressed class space mapped at: 0x000002c33a000000-0x000002c37a000000, reserved size: 1073741824
Narrow klass base: 0x000002c339000000, Narrow klass shift: 0, Narrow klass range: 0x41000000

GC Precious Log:
 CardTable entry size: 512
 Card Set container configuration: InlinePtr #cards 4 size 8 Array Of Cards #cards 16 size 48 Howl #buckets 8 coarsen threshold 3686 Howl Bitmap #cards 512 size 80 coarsen threshold 460 Card regions per heap region 1 cards per card region 4096
 CPUs: 12 total, 12 available
 Memory: 15556M
 Large Page Support: Disabled
 NUMA Support: Disabled
 Compressed Oops: Enabled (Zero based)
 Heap Region Size: 2M
 Heap Min Capacity: 8M
 Heap Initial Capacity: 244M
 Heap Max Capacity: 3890M
 Pre-touch: Disabled
 Parallel Workers: 10
 Concurrent Workers: 3
 Concurrent Refinement Workers: 10
 Periodic GC: Disabled

Heap:
 garbage-first heap   total reserved 3983360K, committed 249856K, used 153970K [0x000000070ce00000, 0x0000000800000000)
  region size 2048K, 70 young (143360K), 1 survivors (2048K)
 Metaspace       used 11828K, committed 12160K, reserved 1114112K
  class space    used 1202K, committed 1344K, reserved 1048576K

Heap Regions: E=young(eden), S=young(survivor), O=old, HS=humongous(starts), HC=humongous(continues), CS=collection set, F=free, TAMS=top-at-mark-start, PB=parsable bottom
|   0|0x000000070ce00000, 0x000000070d000000, 0x000000070d000000|100%| O|  |TAMS 0x000000070ce00000| PB 0x000000070ce00000| Untracked |  0
|   1|0x000000070d000000, 0x000000070d1b7328, 0x000000070d200000| 85%| O|  |TAMS 0x000000070d000000| PB 0x000000070d000000| Untracked |  0
|   2|0x000000070d200000, 0x000000070d400000, 0x000000070d400000|100%|HS|  |TAMS 0x000000070d200000| PB 0x000000070d200000| Complete |  0
|   3|0x000000070d400000, 0x000000070d600000, 0x000000070d600000|100%|HC|  |TAMS 0x000000070d400000| PB 0x000000070d400000| Complete |  0
|   4|0x000000070d600000, 0x000000070d800000, 0x000000070d800000|100%|HS|  |TAMS 0x000000070d600000| PB 0x000000070d600000| Complete |  0
|   5|0x000000070d800000, 0x000000070da00000, 0x000000070da00000|100%|HS|  |TAMS 0x000000070d800000| PB 0x000000070d800000| Complete |  0
|   6|0x000000070da00000, 0x000000070dc00000, 0x000000070dc00000|100%|HC|  |TAMS 0x000000070da00000| PB 0x000000070da00000| Complete |  0
|   7|0x000000070dc00000, 0x000000070dc00000, 0x000000070de00000|  0%| F|  |TAMS 0x000000070dc00000| PB 0x000000070dc00000| Untracked |  0
|   8|0x000000070de00000, 0x000000070de00000, 0x000000070e000000|  0%| F|  |TAMS 0x000000070de00000| PB 0x000000070de00000| Untracked |  0
|   9|0x000000070e000000, 0x000000070e000000, 0x000000070e200000|  0%| F|  |TAMS 0x000000070e000000| PB 0x000000070e000000| Untracked |  0
|  10|0x000000070e200000, 0x000000070e200000, 0x000000070e400000|  0%| F|  |TAMS 0x000000070e200000| PB 0x000000070e200000| Untracked |  0
|  11|0x000000070e400000, 0x000000070e400000, 0x000000070e600000|  0%| F|  |TAMS 0x000000070e400000| PB 0x000000070e400000| Untracked |  0
|  12|0x000000070e600000, 0x000000070e600000, 0x000000070e800000|  0%| F|  |TAMS 0x000000070e600000| PB 0x000000070e600000| Untracked |  0
|  13|0x000000070e800000, 0x000000070e800000, 0x000000070ea00000|  0%| F|  |TAMS 0x000000070e800000| PB 0x000000070e800000| Untracked |  0
|  14|0x000000070ea00000, 0x000000070ea00000, 0x000000070ec00000|  0%| F|  |TAMS 0x000000070ea00000| PB 0x000000070ea00000| Untracked |  0
|  15|0x000000070ec00000, 0x000000070ec00000, 0x000000070ee00000|  0%| F|  |TAMS 0x000000070ec00000| PB 0x000000070ec00000| Untracked |  0
|  16|0x000000070ee00000, 0x000000070ee00000, 0x000000070f000000|  0%| F|  |TAMS 0x000000070ee00000| PB 0x000000070ee00000| Untracked |  0
|  17|0x000000070f000000, 0x000000070f000000, 0x000000070f200000|  0%| F|  |TAMS 0x000000070f000000| PB 0x000000070f000000| Untracked |  0
|  18|0x000000070f200000, 0x000000070f200000, 0x000000070f400000|  0%| F|  |TAMS 0x000000070f200000| PB 0x000000070f200000| Untracked |  0
|  19|0x000000070f400000, 0x000000070f400000, 0x000000070f600000|  0%| F|  |TAMS 0x000000070f400000| PB 0x000000070f400000| Untracked |  0
|  20|0x000000070f600000, 0x000000070f600000, 0x000000070f800000|  0%| F|  |TAMS 0x000000070f600000| PB 0x000000070f600000| Untracked |  0
|  21|0x000000070f800000, 0x000000070f800000, 0x000000070fa00000|  0%| F|  |TAMS 0x000000070f800000| PB 0x000000070f800000| Untracked |  0
|  22|0x000000070fa00000, 0x000000070fa00000, 0x000000070fc00000|  0%| F|  |TAMS 0x000000070fa00000| PB 0x000000070fa00000| Untracked |  0
|  23|0x000000070fc00000, 0x000000070fc00000, 0x000000070fe00000|  0%| F|  |TAMS 0x000000070fc00000| PB 0x000000070fc00000| Untracked |  0
|  24|0x000000070fe00000, 0x000000070fe00000, 0x0000000710000000|  0%| F|  |TAMS 0x000000070fe00000| PB 0x000000070fe00000| Untracked |  0
|  25|0x0000000710000000, 0x0000000710000000, 0x0000000710200000|  0%| F|  |TAMS 0x0000000710000000| PB 0x0000000710000000| Untracked |  0
|  26|0x0000000710200000, 0x0000000710200000, 0x0000000710400000|  0%| F|  |TAMS 0x0000000710200000| PB 0x0000000710200000| Untracked |  0
|  27|0x0000000710400000, 0x0000000710400000, 0x0000000710600000|  0%| F|  |TAMS 0x0000000710400000| PB 0x0000000710400000| Untracked |  0
|  28|0x0000000710600000, 0x0000000710600000, 0x0000000710800000|  0%| F|  |TAMS 0x0000000710600000| PB 0x0000000710600000| Untracked |  0
|  29|0x0000000710800000, 0x0000000710800000, 0x0000000710a00000|  0%| F|  |TAMS 0x0000000710800000| PB 0x0000000710800000| Untracked |  0
|  30|0x0000000710a00000, 0x0000000710a00000, 0x0000000710c00000|  0%| F|  |TAMS 0x0000000710a00000| PB 0x0000000710a00000| Untracked |  0
|  31|0x0000000710c00000, 0x0000000710c00000, 0x0000000710e00000|  0%| F|  |TAMS 0x0000000710c00000| PB 0x0000000710c00000| Untracked |  0
|  32|0x0000000710e00000, 0x0000000710e00000, 0x0000000711000000|  0%| F|  |TAMS 0x0000000710e00000| PB 0x0000000710e00000| Untracked |  0
|  33|0x0000000711000000, 0x0000000711000000, 0x0000000711200000|  0%| F|  |TAMS 0x0000000711000000| PB 0x0000000711000000| Untracked |  0
|  34|0x0000000711200000, 0x0000000711200000, 0x0000000711400000|  0%| F|  |TAMS 0x0000000711200000| PB 0x0000000711200000| Untracked |  0
|  35|0x0000000711400000, 0x0000000711400000, 0x0000000711600000|  0%| F|  |TAMS 0x0000000711400000| PB 0x0000000711400000| Untracked |  0
|  36|0x0000000711600000, 0x0000000711600000, 0x0000000711800000|  0%| F|  |TAMS 0x0000000711600000| PB 0x0000000711600000| Untracked |  0
|  37|0x0000000711800000, 0x0000000711800000, 0x0000000711a00000|  0%| F|  |TAMS 0x0000000711800000| PB 0x0000000711800000| Untracked |  0
|  38|0x0000000711a00000, 0x0000000711a00000, 0x0000000711c00000|  0%| F|  |TAMS 0x0000000711a00000| PB 0x0000000711a00000| Untracked |  0
|  39|0x0000000711c00000, 0x0000000711c00000, 0x0000000711e00000|  0%| F|  |TAMS 0x0000000711c00000| PB 0x0000000711c00000| Untracked |  0
|  40|0x0000000711e00000, 0x0000000711e00000, 0x0000000712000000|  0%| F|  |TAMS 0x0000000711e00000| PB 0x0000000711e00000| Untracked |  0
|  41|0x0000000712000000, 0x0000000712000000, 0x0000000712200000|  0%| F|  |TAMS 0x0000000712000000| PB 0x0000000712000000| Untracked |  0
|  42|0x0000000712200000, 0x0000000712200000, 0x0000000712400000|  0%| F|  |TAMS 0x0000000712200000| PB 0x0000000712200000| Untracked |  0
|  43|0x0000000712400000, 0x0000000712400000, 0x0000000712600000|  0%| F|  |TAMS 0x0000000712400000| PB 0x0000000712400000| Untracked |  0
|  44|0x0000000712600000, 0x0000000712600000, 0x0000000712800000|  0%| F|  |TAMS 0x0000000712600000| PB 0x0000000712600000| Untracked |  0
|  45|0x0000000712800000, 0x0000000712800000, 0x0000000712a00000|  0%| F|  |TAMS 0x0000000712800000| PB 0x0000000712800000| Untracked |  0
|  46|0x0000000712a00000, 0x0000000712a00000, 0x0000000712c00000|  0%| F|  |TAMS 0x0000000712a00000| PB 0x0000000712a00000| Untracked |  0
|  47|0x0000000712c00000, 0x0000000712c00000, 0x0000000712e00000|  0%| F|  |TAMS 0x0000000712c00000| PB 0x0000000712c00000| Untracked |  0
|  48|0x0000000712e00000, 0x0000000712e00000, 0x0000000713000000|  0%| F|  |TAMS 0x0000000712e00000| PB 0x0000000712e00000| Untracked |  0
|  49|0x0000000713000000, 0x00000007130a54d8, 0x0000000713200000| 32%| S|CS|TAMS 0x0000000713000000| PB 0x0000000713000000| Complete |  0
|  50|0x0000000713200000, 0x0000000713200000, 0x0000000713400000|  0%| F|  |TAMS 0x0000000713200000| PB 0x0000000713200000| Untracked |  0
|  51|0x0000000713400000, 0x0000000713400000, 0x0000000713600000|  0%| F|  |TAMS 0x0000000713400000| PB 0x0000000713400000| Untracked |  0
|  52|0x0000000713600000, 0x0000000713600000, 0x0000000713800000|  0%| F|  |TAMS 0x0000000713600000| PB 0x0000000713600000| Untracked |  0
|  53|0x0000000713800000, 0x0000000713a00000, 0x0000000713a00000|100%| E|  |TAMS 0x0000000713800000| PB 0x0000000713800000| Complete |  0
|  54|0x0000000713a00000, 0x0000000713c00000, 0x0000000713c00000|100%| E|CS|TAMS 0x0000000713a00000| PB 0x0000000713a00000| Complete |  0
|  55|0x0000000713c00000, 0x0000000713e00000, 0x0000000713e00000|100%| E|CS|TAMS 0x0000000713c00000| PB 0x0000000713c00000| Complete |  0
|  56|0x0000000713e00000, 0x0000000714000000, 0x0000000714000000|100%| E|CS|TAMS 0x0000000713e00000| PB 0x0000000713e00000| Complete |  0
|  57|0x0000000714000000, 0x0000000714200000, 0x0000000714200000|100%| E|CS|TAMS 0x0000000714000000| PB 0x0000000714000000| Complete |  0
|  58|0x0000000714200000, 0x0000000714400000, 0x0000000714400000|100%| E|CS|TAMS 0x0000000714200000| PB 0x0000000714200000| Complete |  0
|  59|0x0000000714400000, 0x0000000714600000, 0x0000000714600000|100%| E|CS|TAMS 0x0000000714400000| PB 0x0000000714400000| Complete |  0
|  60|0x0000000714600000, 0x0000000714800000, 0x0000000714800000|100%| E|CS|TAMS 0x0000000714600000| PB 0x0000000714600000| Complete |  0
|  61|0x0000000714800000, 0x0000000714a00000, 0x0000000714a00000|100%| E|CS|TAMS 0x0000000714800000| PB 0x0000000714800000| Complete |  0
|  62|0x0000000714a00000, 0x0000000714c00000, 0x0000000714c00000|100%| E|CS|TAMS 0x0000000714a00000| PB 0x0000000714a00000| Complete |  0
|  63|0x0000000714c00000, 0x0000000714e00000, 0x0000000714e00000|100%| E|CS|TAMS 0x0000000714c00000| PB 0x0000000714c00000| Complete |  0
|  64|0x0000000714e00000, 0x0000000715000000, 0x0000000715000000|100%| E|CS|TAMS 0x0000000714e00000| PB 0x0000000714e00000| Complete |  0
|  65|0x0000000715000000, 0x0000000715200000, 0x0000000715200000|100%| E|CS|TAMS 0x0000000715000000| PB 0x0000000715000000| Complete |  0
|  66|0x0000000715200000, 0x0000000715400000, 0x0000000715400000|100%| E|CS|TAMS 0x0000000715200000| PB 0x0000000715200000| Complete |  0
|  67|0x0000000715400000, 0x0000000715600000, 0x0000000715600000|100%| E|CS|TAMS 0x0000000715400000| PB 0x0000000715400000| Complete |  0
|  68|0x0000000715600000, 0x0000000715800000, 0x0000000715800000|100%| E|CS|TAMS 0x0000000715600000| PB 0x0000000715600000| Complete |  0
|  69|0x0000000715800000, 0x0000000715a00000, 0x0000000715a00000|100%| E|CS|TAMS 0x0000000715800000| PB 0x0000000715800000| Complete |  0
|  70|0x0000000715a00000, 0x0000000715c00000, 0x0000000715c00000|100%| E|CS|TAMS 0x0000000715a00000| PB 0x0000000715a00000| Complete |  0
|  71|0x0000000715c00000, 0x0000000715e00000, 0x0000000715e00000|100%| E|CS|TAMS 0x0000000715c00000| PB 0x0000000715c00000| Complete |  0
|  72|0x0000000715e00000, 0x0000000716000000, 0x0000000716000000|100%| E|CS|TAMS 0x0000000715e00000| PB 0x0000000715e00000| Complete |  0
|  73|0x0000000716000000, 0x0000000716200000, 0x0000000716200000|100%| E|CS|TAMS 0x0000000716000000| PB 0x0000000716000000| Complete |  0
|  74|0x0000000716200000, 0x0000000716400000, 0x0000000716400000|100%| E|CS|TAMS 0x0000000716200000| PB 0x0000000716200000| Complete |  0
|  75|0x0000000716400000, 0x0000000716600000, 0x0000000716600000|100%| E|CS|TAMS 0x0000000716400000| PB 0x0000000716400000| Complete |  0
|  76|0x0000000716600000, 0x0000000716800000, 0x0000000716800000|100%| E|CS|TAMS 0x0000000716600000| PB 0x0000000716600000| Complete |  0
|  77|0x0000000716800000, 0x0000000716a00000, 0x0000000716a00000|100%| E|CS|TAMS 0x0000000716800000| PB 0x0000000716800000| Complete |  0
|  78|0x0000000716a00000, 0x0000000716c00000, 0x0000000716c00000|100%| E|CS|TAMS 0x0000000716a00000| PB 0x0000000716a00000| Complete |  0
|  79|0x0000000716c00000, 0x0000000716e00000, 0x0000000716e00000|100%| E|CS|TAMS 0x0000000716c00000| PB 0x0000000716c00000| Complete |  0
|  80|0x0000000716e00000, 0x0000000717000000, 0x0000000717000000|100%| E|CS|TAMS 0x0000000716e00000| PB 0x0000000716e00000| Complete |  0
|  81|0x0000000717000000, 0x0000000717200000, 0x0000000717200000|100%| E|CS|TAMS 0x0000000717000000| PB 0x0000000717000000| Complete |  0
|  82|0x0000000717200000, 0x0000000717400000, 0x0000000717400000|100%| E|CS|TAMS 0x0000000717200000| PB 0x0000000717200000| Complete |  0
|  83|0x0000000717400000, 0x0000000717600000, 0x0000000717600000|100%| E|CS|TAMS 0x0000000717400000| PB 0x0000000717400000| Complete |  0
|  84|0x0000000717600000, 0x0000000717800000, 0x0000000717800000|100%| E|CS|TAMS 0x0000000717600000| PB 0x0000000717600000| Complete |  0
|  85|0x0000000717800000, 0x0000000717a00000, 0x0000000717a00000|100%| E|CS|TAMS 0x0000000717800000| PB 0x0000000717800000| Complete |  0
|  86|0x0000000717a00000, 0x0000000717c00000, 0x0000000717c00000|100%| E|CS|TAMS 0x0000000717a00000| PB 0x0000000717a00000| Complete |  0
|  87|0x0000000717c00000, 0x0000000717e00000, 0x0000000717e00000|100%| E|CS|TAMS 0x0000000717c00000| PB 0x0000000717c00000| Complete |  0
|  88|0x0000000717e00000, 0x0000000718000000, 0x0000000718000000|100%| E|CS|TAMS 0x0000000717e00000| PB 0x0000000717e00000| Complete |  0
|  89|0x0000000718000000, 0x0000000718200000, 0x0000000718200000|100%| E|CS|TAMS 0x0000000718000000| PB 0x0000000718000000| Complete |  0
|  90|0x0000000718200000, 0x0000000718400000, 0x0000000718400000|100%| E|CS|TAMS 0x0000000718200000| PB 0x0000000718200000| Complete |  0
|  91|0x0000000718400000, 0x0000000718600000, 0x0000000718600000|100%| E|CS|TAMS 0x0000000718400000| PB 0x0000000718400000| Complete |  0
|  92|0x0000000718600000, 0x0000000718800000, 0x0000000718800000|100%| E|CS|TAMS 0x0000000718600000| PB 0x0000000718600000| Complete |  0
|  93|0x0000000718800000, 0x0000000718a00000, 0x0000000718a00000|100%| E|CS|TAMS 0x0000000718800000| PB 0x0000000718800000| Complete |  0
|  94|0x0000000718a00000, 0x0000000718c00000, 0x0000000718c00000|100%| E|CS|TAMS 0x0000000718a00000| PB 0x0000000718a00000| Complete |  0
|  95|0x0000000718c00000, 0x0000000718e00000, 0x0000000718e00000|100%| E|CS|TAMS 0x0000000718c00000| PB 0x0000000718c00000| Complete |  0
|  96|0x0000000718e00000, 0x0000000719000000, 0x0000000719000000|100%| E|CS|TAMS 0x0000000718e00000| PB 0x0000000718e00000| Complete |  0
|  97|0x0000000719000000, 0x0000000719200000, 0x0000000719200000|100%| E|CS|TAMS 0x0000000719000000| PB 0x0000000719000000| Complete |  0
|  98|0x0000000719200000, 0x0000000719400000, 0x0000000719400000|100%| E|CS|TAMS 0x0000000719200000| PB 0x0000000719200000| Complete |  0
|  99|0x0000000719400000, 0x0000000719600000, 0x0000000719600000|100%| E|CS|TAMS 0x0000000719400000| PB 0x0000000719400000| Complete |  0
| 100|0x0000000719600000, 0x0000000719800000, 0x0000000719800000|100%| E|CS|TAMS 0x0000000719600000| PB 0x0000000719600000| Complete |  0
| 101|0x0000000719800000, 0x0000000719a00000, 0x0000000719a00000|100%| E|CS|TAMS 0x0000000719800000| PB 0x0000000719800000| Complete |  0
| 102|0x0000000719a00000, 0x0000000719c00000, 0x0000000719c00000|100%| E|CS|TAMS 0x0000000719a00000| PB 0x0000000719a00000| Complete |  0
| 103|0x0000000719c00000, 0x0000000719e00000, 0x0000000719e00000|100%| E|CS|TAMS 0x0000000719c00000| PB 0x0000000719c00000| Complete |  0
| 104|0x0000000719e00000, 0x000000071a000000, 0x000000071a000000|100%| E|CS|TAMS 0x0000000719e00000| PB 0x0000000719e00000| Complete |  0
| 105|0x000000071a000000, 0x000000071a200000, 0x000000071a200000|100%| E|CS|TAMS 0x000000071a000000| PB 0x000000071a000000| Complete |  0
| 106|0x000000071a200000, 0x000000071a400000, 0x000000071a400000|100%| E|CS|TAMS 0x000000071a200000| PB 0x000000071a200000| Complete |  0
| 107|0x000000071a400000, 0x000000071a600000, 0x000000071a600000|100%| E|CS|TAMS 0x000000071a400000| PB 0x000000071a400000| Complete |  0
| 108|0x000000071a600000, 0x000000071a800000, 0x000000071a800000|100%| E|CS|TAMS 0x000000071a600000| PB 0x000000071a600000| Complete |  0
| 109|0x000000071a800000, 0x000000071aa00000, 0x000000071aa00000|100%| E|CS|TAMS 0x000000071a800000| PB 0x000000071a800000| Complete |  0
| 110|0x000000071aa00000, 0x000000071ac00000, 0x000000071ac00000|100%| E|CS|TAMS 0x000000071aa00000| PB 0x000000071aa00000| Complete |  0
| 111|0x000000071ac00000, 0x000000071ae00000, 0x000000071ae00000|100%| E|CS|TAMS 0x000000071ac00000| PB 0x000000071ac00000| Complete |  0
| 112|0x000000071ae00000, 0x000000071b000000, 0x000000071b000000|100%| E|CS|TAMS 0x000000071ae00000| PB 0x000000071ae00000| Complete |  0
| 113|0x000000071b000000, 0x000000071b200000, 0x000000071b200000|100%| E|CS|TAMS 0x000000071b000000| PB 0x000000071b000000| Complete |  0
| 114|0x000000071b200000, 0x000000071b400000, 0x000000071b400000|100%| E|CS|TAMS 0x000000071b200000| PB 0x000000071b200000| Complete |  0
| 115|0x000000071b400000, 0x000000071b600000, 0x000000071b600000|100%| E|CS|TAMS 0x000000071b400000| PB 0x000000071b400000| Complete |  0
| 116|0x000000071b600000, 0x000000071b800000, 0x000000071b800000|100%| E|CS|TAMS 0x000000071b600000| PB 0x000000071b600000| Complete |  0
| 117|0x000000071b800000, 0x000000071ba00000, 0x000000071ba00000|100%| E|CS|TAMS 0x000000071b800000| PB 0x000000071b800000| Complete |  0
| 118|0x000000071ba00000, 0x000000071bc00000, 0x000000071bc00000|100%| E|CS|TAMS 0x000000071ba00000| PB 0x000000071ba00000| Complete |  0
| 119|0x000000071bc00000, 0x000000071be00000, 0x000000071be00000|100%| E|CS|TAMS 0x000000071bc00000| PB 0x000000071bc00000| Complete |  0
| 120|0x000000071be00000, 0x000000071c000000, 0x000000071c000000|100%| E|CS|TAMS 0x000000071be00000| PB 0x000000071be00000| Complete |  0
| 121|0x000000071c000000, 0x000000071c200000, 0x000000071c200000|100%| E|CS|TAMS 0x000000071c000000| PB 0x000000071c000000| Complete |  0

Card table byte_map: [0x000002c331240000,0x000002c3319e0000] _byte_map_base: 0x000002c32d9d9000

Marking Bits: (CMBitMap*) 0x000002c3192643d0
 Bits: [0x000002c3319e0000, 0x000002c3356a8000)

Polling page: 0x000002c3189c0000

Metaspace:

Usage:
  Non-class:     10.38 MB used.
      Class:      1.17 MB used.
       Both:     11.55 MB used.

Virtual space:
  Non-class space:       64.00 MB reserved,      10.56 MB ( 17%) committed,  1 nodes.
      Class space:        1.00 GB reserved,       1.31 MB ( <1%) committed,  1 nodes.
             Both:        1.06 GB reserved,      11.88 MB (  1%) committed. 

Chunk freelists:
   Non-Class:  4.66 MB
       Class:  14.60 MB
        Both:  19.26 MB

MaxMetaspaceSize: unlimited
CompressedClassSpaceSize: 1.00 GB
Initial GC threshold: 21.00 MB
Current GC threshold: 21.00 MB
CDS: on
 - commit_granule_bytes: 65536.
 - commit_granule_words: 8192.
 - virtual_space_node_default_size: 8388608.
 - enlarge_chunks_in_place: 1.
 - use_allocation_guard: 0.


Internal statistics:

num_allocs_failed_limit: 0.
num_arena_births: 280.
num_arena_deaths: 0.
num_vsnodes_births: 2.
num_vsnodes_deaths: 0.
num_space_committed: 189.
num_space_uncommitted: 0.
num_chunks_returned_to_freelist: 0.
num_chunks_taken_from_freelist: 448.
num_chunk_merges: 0.
num_chunk_splits: 261.
num_chunks_enlarged: 115.
num_inconsistent_stats: 0.

CodeHeap 'non-profiled nmethods': size=120000Kb used=2610Kb max_used=2610Kb free=117389Kb
 bounds [0x000002c329020000, 0x000002c3292b0000, 0x000002c330550000]
CodeHeap 'profiled nmethods': size=120000Kb used=5389Kb max_used=5389Kb free=114610Kb
 bounds [0x000002c321550000, 0x000002c321aa0000, 0x000002c328a80000]
CodeHeap 'non-nmethods': size=5760Kb used=1824Kb max_used=1890Kb free=3935Kb
 bounds [0x000002c328a80000, 0x000002c328cf0000, 0x000002c329020000]
 total_blobs=3700 nmethods=3024 adapters=581
 compilation: enabled
              stopped_count=0, restarted_count=0
 full_count=0

Compilation events (20 events):
Event: 64.388 Thread 0x000002c338325200 3016       4       javax.swing.JComponent::paintBorder (28 bytes)
Event: 64.389 Thread 0x000002c338325200 nmethod 3016 0x000002c3292a5190 code [0x000002c3292a5300, 0x000002c3292a53b0]
Event: 64.799 Thread 0x000002c338325200 3017       4       java.awt.geom.RectangularShape::setFrame (21 bytes)
Event: 64.801 Thread 0x000002c338325200 nmethod 3017 0x000002c3292a5490 code [0x000002c3292a56e0, 0x000002c3292a5e08]
Event: 65.031 Thread 0x000002c338325200 3018       4       sun.java2d.SunGraphics2D::validateColor (102 bytes)
Event: 65.032 Thread 0x000002c338325200 nmethod 3018 0x000002c3292a6210 code [0x000002c3292a63a0, 0x000002c3292a6508]
Event: 65.047 Thread 0x000002c338325200 3019   !   4       java.util.concurrent.ThreadPoolExecutor::getTask (177 bytes)
Event: 65.053 Thread 0x000002c338325200 nmethod 3019 0x000002c3292a6690 code [0x000002c3292a68e0, 0x000002c3292a74d0]
Event: 65.053 Thread 0x000002c338325200 3020   !   4       java.util.concurrent.LinkedBlockingQueue::take (91 bytes)
Event: 65.059 Thread 0x000002c338325200 nmethod 3020 0x000002c3292a7c10 code [0x000002c3292a7e20, 0x000002c3292a87c0]
Event: 65.359 Thread 0x000002c338325200 3021   !   4       sun.java2d.d3d.D3DBlitLoops::IsoBlit (202 bytes)
Event: 65.373 Thread 0x000002c338325200 nmethod 3021 0x000002c3292a8d90 code [0x000002c3292a9020, 0x000002c3292aa5e0]
Event: 65.606 Thread 0x000002c338325200 3022       4       sun.java2d.pipe.ValidatePipe::scaleImage (41 bytes)
Event: 65.608 Thread 0x000002c338325200 nmethod 3022 0x000002c3292ab690 code [0x000002c3292ab860, 0x000002c3292abc48]
Event: 65.624 Thread 0x000002c338325200 3023   !   4       javax.swing.RepaintManager::validateInvalidComponents (107 bytes)
Event: 65.625 Thread 0x000002c338325200 nmethod 3023 0x000002c3292ac010 code [0x000002c3292ac1a0, 0x000002c3292ac390]
Event: 65.625 Thread 0x000002c338325200 3024   !   4       javax.swing.RepaintManager::prePaintDirtyRegions (91 bytes)
Event: 65.627 Thread 0x000002c338325200 nmethod 3024 0x000002c3292ac490 code [0x000002c3292ac640, 0x000002c3292ac960]
Event: 65.637 Thread 0x000002c338329540 3025       3       sun.java2d.pipe.BufferedContext::validate (575 bytes)
Event: 65.638 Thread 0x000002c338329540 nmethod 3025 0x000002c321a8e510 code [0x000002c321a8eaa0, 0x000002c321a923a8]

GC Heap History (12 events):
Event: 1.589 GC heap before
{Heap before GC invocations=0 (full 0):
 garbage-first heap   total reserved 3983360K, committed 249856K, used 24576K [0x000000070ce00000, 0x0000000800000000)
  region size 2048K, 12 young (24576K), 0 survivors (0K)
 Metaspace       used 9559K, committed 9792K, reserved 1114112K
  class space    used 964K, committed 1024K, reserved 1048576K
}
Event: 1.592 GC heap after
{Heap after GC invocations=1 (full 0):
 garbage-first heap   total reserved 3983360K, committed 249856K, used 4025K [0x000000070ce00000, 0x0000000800000000)
  region size 2048K, 2 young (4096K), 2 survivors (4096K)
 Metaspace       used 9559K, committed 9792K, reserved 1114112K
  class space    used 964K, committed 1024K, reserved 1048576K
}
Event: 4.663 GC heap before
{Heap before GC invocations=1 (full 0):
 garbage-first heap   total reserved 3983360K, committed 249856K, used 42937K [0x000000070ce00000, 0x0000000800000000)
  region size 2048K, 21 young (43008K), 2 survivors (4096K)
 Metaspace       used 9607K, committed 9856K, reserved 1114112K
  class space    used 965K, committed 1088K, reserved 1048576K
}
Event: 4.665 GC heap after
{Heap after GC invocations=2 (full 0):
 garbage-first heap   total reserved 3983360K, committed 249856K, used 4395K [0x000000070ce00000, 0x0000000800000000)
  region size 2048K, 1 young (2048K), 1 survivors (2048K)
 Metaspace       used 9607K, committed 9856K, reserved 1114112K
  class space    used 965K, committed 1088K, reserved 1048576K
}
Event: 16.255 GC heap before
{Heap before GC invocations=2 (full 0):
 garbage-first heap   total reserved 3983360K, committed 249856K, used 151851K [0x000000070ce00000, 0x0000000800000000)
  region size 2048K, 73 young (149504K), 1 survivors (2048K)
 Metaspace       used 11772K, committed 12096K, reserved 1114112K
  class space    used 1197K, committed 1344K, reserved 1048576K
}
Event: 16.257 GC heap after
{Heap after GC invocations=3 (full 0):
 garbage-first heap   total reserved 3983360K, committed 249856K, used 4525K [0x000000070ce00000, 0x0000000800000000)
  region size 2048K, 1 young (2048K), 1 survivors (2048K)
 Metaspace       used 11772K, committed 12096K, reserved 1114112K
  class space    used 1197K, committed 1344K, reserved 1048576K
}
Event: 27.221 GC heap before
{Heap before GC invocations=3 (full 0):
 garbage-first heap   total reserved 3983360K, committed 249856K, used 151981K [0x000000070ce00000, 0x0000000800000000)
  region size 2048K, 73 young (149504K), 1 survivors (2048K)
 Metaspace       used 11782K, committed 12096K, reserved 1114112K
  class space    used 1197K, committed 1344K, reserved 1048576K
}
Event: 27.222 GC heap after
{Heap after GC invocations=4 (full 0):
 garbage-first heap   total reserved 3983360K, committed 249856K, used 4498K [0x000000070ce00000, 0x0000000800000000)
  region size 2048K, 1 young (2048K), 1 survivors (2048K)
 Metaspace       used 11782K, committed 12096K, reserved 1114112K
  class space    used 1197K, committed 1344K, reserved 1048576K
}
Event: 38.029 GC heap before
{Heap before GC invocations=4 (full 0):
 garbage-first heap   total reserved 3983360K, committed 249856K, used 151954K [0x000000070ce00000, 0x0000000800000000)
  region size 2048K, 73 young (149504K), 1 survivors (2048K)
 Metaspace       used 11786K, committed 12096K, reserved 1114112K
  class space    used 1197K, committed 1344K, reserved 1048576K
}
Event: 38.030 GC heap after
{Heap after GC invocations=5 (full 0):
 garbage-first heap   total reserved 3983360K, committed 249856K, used 4478K [0x000000070ce00000, 0x0000000800000000)
  region size 2048K, 1 young (2048K), 1 survivors (2048K)
 Metaspace       used 11786K, committed 12096K, reserved 1114112K
  class space    used 1197K, committed 1344K, reserved 1048576K
}
Event: 48.894 GC heap before
{Heap before GC invocations=5 (full 0):
 garbage-first heap   total reserved 3983360K, committed 249856K, used 151934K [0x000000070ce00000, 0x0000000800000000)
  region size 2048K, 73 young (149504K), 1 survivors (2048K)
 Metaspace       used 11787K, committed 12096K, reserved 1114112K
  class space    used 1197K, committed 1344K, reserved 1048576K
}
Event: 48.895 GC heap after
{Heap after GC invocations=6 (full 0):
 garbage-first heap   total reserved 3983360K, committed 249856K, used 4466K [0x000000070ce00000, 0x0000000800000000)
  region size 2048K, 1 young (2048K), 1 survivors (2048K)
 Metaspace       used 11787K, committed 12096K, reserved 1114112K
  class space    used 1197K, committed 1344K, reserved 1048576K
}

Dll operation events (15 events):
Event: 0.009 Loaded shared library C:\Program Files\Java\jdk-22\bin\java.dll
Event: 0.033 Loaded shared library C:\Program Files\Java\jdk-22\bin\jsvml.dll
Event: 0.069 Loaded shared library C:\Program Files\Java\jdk-22\bin\zip.dll
Event: 0.072 Loaded shared library C:\Program Files\Java\jdk-22\bin\instrument.dll
Event: 0.076 Loaded shared library C:\Program Files\Java\jdk-22\bin\net.dll
Event: 0.077 Loaded shared library C:\Program Files\Java\jdk-22\bin\nio.dll
Event: 0.080 Loaded shared library C:\Program Files\Java\jdk-22\bin\zip.dll
Event: 0.106 Loaded shared library C:\Program Files\JetBrains\IntelliJ IDEA Community Edition 2024.1\bin\breakgen64.dll
Event: 0.112 Loaded shared library C:\Program Files\Java\jdk-22\bin\extnet.dll
Event: 0.116 Loaded shared library C:\Program Files\Java\jdk-22\bin\jimage.dll
Event: 0.129 Loaded shared library C:\Program Files\Java\jdk-22\bin\awt.dll
Event: 0.433 Loaded shared library C:\Users\OhLoo\.m2\repository\com\github\kwhat\jnativehook\2.2.2\JNativeHook-2.2.2.x86_64.dll
Event: 0.502 Loaded shared library C:\Program Files\Java\jdk-22\bin\freetype.dll
Event: 0.503 Loaded shared library C:\Program Files\Java\jdk-22\bin\fontmanager.dll
Event: 4.956 Loaded shared library C:\Users\OhLoo\AppData\Local\Temp\jna-76133011\jna18345679963981306217.dll

Deoptimization events (20 events):
Event: 65.626 Thread 0x000002c30f249480 Uncommon trap: reason=unstable_if action=reinterpret pc=0x000002c3291e1dbc method=sun.java2d.d3d.D3DScreenUpdateManager.runUpdateNow()V @ 8 c2
Event: 65.626 Thread 0x000002c30f2473b0 DEOPT UNPACKING pc=0x000002c328ad7da2 sp=0x000000f4e04ff1e0 mode 2
Event: 65.626 Thread 0x000002c30f249480 DEOPT PACKING pc=0x000002c3291e1dbc sp=0x000000f4df6fe3b0
Event: 65.626 Thread 0x000002c30f249480 DEOPT UNPACKING pc=0x000002c328ad7da2 sp=0x000000f4df6fe360 mode 2
Event: 65.626 Thread 0x000002c30f2473b0 Uncommon trap: trap_request=0xffffffde fr.pc=0x000002c329216548 relative=0x0000000000000888
Event: 65.626 Thread 0x000002c30f2473b0 Uncommon trap: reason=class_check action=maybe_recompile pc=0x000002c329216548 method=java.util.logging.LogManager$LoggerContext.findLogger(Ljava/lang/String;)Ljava/util/logging/Logger; @ 24 c2
Event: 65.626 Thread 0x000002c30f2473b0 DEOPT PACKING pc=0x000002c329216548 sp=0x000000f4e04ff220
Event: 65.626 Thread 0x000002c30f2473b0 DEOPT UNPACKING pc=0x000002c328ad7da2 sp=0x000000f4e04ff1e0 mode 2
Event: 65.626 Thread 0x000002c30f249480 Uncommon trap: trap_request=0xffffff45 fr.pc=0x000002c3291ed118 relative=0x0000000000000698
Event: 65.626 Thread 0x000002c30f249480 Uncommon trap: reason=unstable_if action=reinterpret pc=0x000002c3291ed118 method=sun.java2d.d3d.D3DScreenUpdateManager.createGraphics(Lsun/java2d/SurfaceData;Lsun/awt/windows/WComponentPeer;Ljava/awt/Color;Ljava/awt/Color;Ljava/awt/Font;)Ljava/awt/Graphi
Event: 65.626 Thread 0x000002c30f249480 DEOPT PACKING pc=0x000002c3291ed118 sp=0x000000f4df6fe950
Event: 65.626 Thread 0x000002c30f249480 DEOPT UNPACKING pc=0x000002c328ad7da2 sp=0x000000f4df6fe938 mode 2
Event: 65.626 Thread 0x000002c30f249480 Uncommon trap: trap_request=0xffffff45 fr.pc=0x000002c3292479c0 relative=0x0000000000002140
Event: 65.626 Thread 0x000002c30f249480 Uncommon trap: reason=unstable_if action=reinterpret pc=0x000002c3292479c0 method=sun.java2d.pipe.RenderQueue.ensureCapacity(I)V @ 8 c2
Event: 65.626 Thread 0x000002c30f249480 DEOPT PACKING pc=0x000002c3292479c0 sp=0x000000f4df6fe870
Event: 65.626 Thread 0x000002c30f249480 DEOPT UNPACKING pc=0x000002c328ad7da2 sp=0x000000f4df6fe730 mode 2
Event: 65.637 Thread 0x000002c30f249480 Uncommon trap: trap_request=0xffffff45 fr.pc=0x000002c32916bb44 relative=0x0000000000000aa4
Event: 65.637 Thread 0x000002c30f249480 Uncommon trap: reason=unstable_if action=reinterpret pc=0x000002c32916bb44 method=sun.java2d.pipe.BufferedTextPipe.enqueueGlyphList(Lsun/java2d/SunGraphics2D;Lsun/font/GlyphList;)V @ 99 c2
Event: 65.637 Thread 0x000002c30f249480 DEOPT PACKING pc=0x000002c32916bb44 sp=0x000000f4df6fe9a0
Event: 65.637 Thread 0x000002c30f249480 DEOPT UNPACKING pc=0x000002c328ad7da2 sp=0x000000f4df6fe8b8 mode 2

Classes loaded (20 events):
Event: 5.019 Loading class java/util/zip/ZipFile$ZipEntryIterator
Event: 5.019 Loading class java/util/zip/ZipFile$ZipEntryIterator done
Event: 6.389 Loading class java/util/concurrent/ConcurrentHashMap$TreeNode
Event: 6.389 Loading class java/util/concurrent/ConcurrentHashMap$TreeNode done
Event: 6.389 Loading class java/util/concurrent/ConcurrentHashMap$TreeBin
Event: 6.389 Loading class java/util/concurrent/ConcurrentHashMap$TreeBin done
Event: 8.285 Loading class java/security/DomainCombiner
Event: 8.285 Loading class java/security/DomainCombiner done
Event: 58.843 Loading class javax/swing/RepaintManager$DoubleBufferInfo
Event: 58.843 Loading class javax/swing/RepaintManager$DoubleBufferInfo done
Event: 58.844 Loading class sun/awt/image/OffScreenImage
Event: 58.844 Loading class sun/awt/image/OffScreenImage done
Event: 59.073 Loading class java/util/WeakHashMap$KeyIterator
Event: 59.073 Loading class java/util/WeakHashMap$HashIterator
Event: 59.073 Loading class java/util/WeakHashMap$HashIterator done
Event: 59.073 Loading class java/util/WeakHashMap$KeyIterator done
Event: 59.087 Loading class javax/swing/RepaintManager$DisplayChangedRunnable
Event: 59.087 Loading class javax/swing/RepaintManager$DisplayChangedRunnable done
Event: 65.624 Loading class jdk/internal/misc/Signal$1
Event: 65.625 Loading class jdk/internal/misc/Signal$1 done

Classes unloaded (0 events):
No events

Classes redefined (0 events):
No events

Internal exceptions (20 events):
Event: 0.320 Thread 0x000002c3192023f0 Exception <a 'java/lang/NoSuchMethodError'{0x000000071ba87f28}: 'java.lang.Object java.lang.invoke.DirectMethodHandle$Holder.newInvokeSpecial(java.lang.Object, java.lang.Object, java.lang.Object, java.lang.Object, java.lang.Object)'> (0x000000071ba87f28) 
thrown [s\open\src\hotspot\share\interpreter\linkResolver.cpp, line 774]
Event: 0.323 Thread 0x000002c3192023f0 Exception <a 'java/lang/NoSuchMethodError'{0x000000071bab4640}: 'java.lang.Object java.lang.invoke.DirectMethodHandle$Holder.invokeStatic(java.lang.Object, int, java.lang.Object)'> (0x000000071bab4640) 
thrown [s\open\src\hotspot\share\interpreter\linkResolver.cpp, line 774]
Event: 0.337 Thread 0x000002c3192023f0 Exception <a 'java/lang/ClassNotFoundException'{0x000000071bb56140}: com/sun/swing/internal/plaf/metal/resources/spi/metalProvider> (0x000000071bb56140) 
thrown [s\open\src\hotspot\share\classfile\systemDictionary.cpp, line 313]
Event: 0.337 Thread 0x000002c3192023f0 Exception <a 'java/lang/ClassNotFoundException'{0x000000071bb5a0a0}: com/sun/swing/internal/plaf/basic/resources/spi/basicProvider> (0x000000071bb5a0a0) 
thrown [s\open\src\hotspot\share\classfile\systemDictionary.cpp, line 313]
Event: 0.345 Thread 0x000002c3192023f0 Exception <a 'java/lang/NoSuchMethodError'{0x000000071bb76908}: 'int java.lang.invoke.Invokers$Holder.invokeExact_MT(java.lang.Object, java.lang.Object)'> (0x000000071bb76908) 
thrown [s\open\src\hotspot\share\interpreter\linkResolver.cpp, line 774]
Event: 0.483 Thread 0x000002c37e0057b0 Exception <a 'java/lang/NoSuchMethodError'{0x000000071ba0fa08}: 'void java.lang.invoke.DirectMethodHandle$Holder.invokeVirtual(java.lang.Object, java.lang.Object)'> (0x000000071ba0fa08) 
thrown [s\open\src\hotspot\share\interpreter\linkResolver.cpp, line 774]
Event: 0.498 Thread 0x000002c3192023f0 Exception <a 'java/lang/NoSuchMethodError'{0x000000071b570bb8}: 'void java.lang.invoke.DirectMethodHandle$Holder.invokeStaticInit(java.lang.Object)'> (0x000000071b570bb8) 
thrown [s\open\src\hotspot\share\interpreter\linkResolver.cpp, line 774]
Event: 1.043 Thread 0x000002c338310a60 Exception <a 'java/lang/NoSuchMethodError'{0x000000071af80c48}: 'java.lang.Object java.lang.invoke.Invokers$Holder.invokeExact_MT(java.lang.Object, java.lang.Object, java.lang.Object, java.lang.Object, java.lang.Object, java.lang.Object)'> (0x000000071af80c48) 
thrown [s\open\src\hotspot\share\interpreter\linkResolver.cpp, line 774]
Event: 4.563 Thread 0x000002c30f249480 Implicit null exception at 0x000002c3290c58a1 to 0x000002c3290c8924
Event: 4.564 Thread 0x000002c30f249480 Implicit null exception at 0x000002c3290be7b1 to 0x000002c3290bea34
Event: 4.934 Thread 0x000002c30f249480 Exception <a 'java/lang/NoSuchMethodError'{0x000000071bfdf738}: 'java.lang.Object java.lang.invoke.DirectMethodHandle$Holder.invokeStaticInit(java.lang.Object, int, int, int, int)'> (0x000000071bfdf738) 
thrown [s\open\src\hotspot\share\interpreter\linkResolver.cpp, line 774]
Event: 4.948 Thread 0x000002c30f249480 Exception <a 'java/lang/NoSuchMethodError'{0x000000071bca61b0}: 'java.lang.Object java.lang.invoke.DirectMethodHandle$Holder.invokeStaticInit(java.lang.Object, java.lang.Object, int, int, int, int)'> (0x000000071bca61b0) 
thrown [s\open\src\hotspot\share\interpreter\linkResolver.cpp, line 774]
Event: 4.967 Thread 0x000002c30f249480 Implicit null exception at 0x000002c329114f24 to 0x000002c329115594
Event: 4.995 Thread 0x000002c30f249480 Exception <a 'java/lang/NoSuchMethodError'{0x000000071baa5340}: 'int java.lang.invoke.DirectMethodHandle$Holder.invokeSpecial(java.lang.Object, java.lang.Object, java.lang.Object)'> (0x000000071baa5340) 
thrown [s\open\src\hotspot\share\interpreter\linkResolver.cpp, line 774]
Event: 4.999 Thread 0x000002c30f249480 Exception <a 'java/lang/UnsatisfiedLinkError'{0x000000071bac7408}: The specified procedure could not be found.
> (0x000000071bac7408) 
thrown [s\open\src\hotspot\share\prims\jni.cpp, line 539]
Event: 5.007 Thread 0x000002c30f249480 Implicit null exception at 0x000002c3290c3ba4 to 0x000002c3290c423c
Event: 16.257 Thread 0x000002c30f249480 Implicit null exception at 0x000002c3291669c6 to 0x000002c3291687bc
Event: 46.270 Thread 0x000002c30f249b10 Implicit null exception at 0x000002c32921779e to 0x000002c329218c64
Event: 58.853 Thread 0x000002c30f249480 Implicit null exception at 0x000002c3291c8fac to 0x000002c3291c9620
Event: 58.853 Thread 0x000002c30f249480 Implicit null exception at 0x000002c3291b82bb to 0x000002c3291bff34

ZGC Phase Switch (0 events):
No events

VM Operations (20 events):
Event: 46.100 Executing VM operation: Cleanup
Event: 46.100 Executing VM operation: Cleanup done
Event: 48.893 Executing VM operation: G1CollectForAllocation (G1 Evacuation Pause)
Event: 48.895 Executing VM operation: G1CollectForAllocation (G1 Evacuation Pause) done
Event: 57.964 Executing VM operation: Cleanup
Event: 57.964 Executing VM operation: Cleanup done
Event: 58.845 Executing VM operation: HandshakeAllThreads (Deoptimize)
Event: 58.845 Executing VM operation: HandshakeAllThreads (Deoptimize) done
Event: 59.855 Executing VM operation: Cleanup
Event: 59.855 Executing VM operation: Cleanup done
Event: 60.223 Executing VM operation: HandshakeAllThreads (HandshakeForDeflation)
Event: 60.223 Executing VM operation: HandshakeAllThreads (HandshakeForDeflation) done
Event: 60.223 Executing VM operation: RendezvousGCThreads
Event: 60.223 Executing VM operation: RendezvousGCThreads done
Event: 61.235 Executing VM operation: Cleanup
Event: 61.235 Executing VM operation: Cleanup done
Event: 64.259 Executing VM operation: Cleanup
Event: 64.259 Executing VM operation: Cleanup done
Event: 65.273 Executing VM operation: Cleanup
Event: 65.273 Executing VM operation: Cleanup done

Memory protections (0 events):
No events

Nmethod flushes (0 events):
No events

Events (20 events):
Event: 0.875 Thread 0x000002c30f349d60 Thread exited: 0x000002c30f349d60
Event: 1.995 Thread 0x000002c33865e140 Thread exited: 0x000002c33865e140
Event: 4.932 Thread 0x000002c338329540 Thread added: 0x000002c30fb87c90
Event: 4.968 Thread 0x000002c30f249480 Thread added: 0x000002c30f249b10
Event: 5.175 Thread 0x000002c30fb87c90 Thread exited: 0x000002c30fb87c90
Event: 5.212 Thread 0x000002c338329540 Thread added: 0x000002c30fb87c90
Event: 5.215 Thread 0x000002c338329540 Thread added: 0x000002c310f9d6e0
Event: 5.380 Thread 0x000002c310f9d6e0 Thread exited: 0x000002c310f9d6e0
Event: 5.410 Thread 0x000002c30fb87c90 Thread exited: 0x000002c30fb87c90
Event: 9.538 Thread 0x000002c338325200 Thread added: 0x000002c310927860
Event: 9.736 Thread 0x000002c310927860 Thread exited: 0x000002c310927860
Event: 60.483 Thread 0x000002c338329540 Thread added: 0x000002c3100ead40
Event: 60.726 Thread 0x000002c3100ead40 Thread exited: 0x000002c3100ead40
Event: 65.625 Thread 0x000002c33830ff10 Thread added: 0x000002c30f2452e0
Event: 65.626 Thread 0x000002c30f2452e0 Thread added: 0x000002c30f24b550
Event: 65.626 Thread 0x000002c30f2452e0 Thread added: 0x000002c30f2473b0
Event: 65.626 Thread 0x000002c30f2452e0 Thread added: 0x000002c30f24aec0
Event: 65.626 Thread 0x000002c30f24b550 Thread exited: 0x000002c30f24b550
Event: 65.626 Thread 0x000002c30f244c50 Thread exited: 0x000002c30f244c50
Event: 65.626 Thread 0x000002c30f2473b0 Thread exited: 0x000002c30f2473b0


Dynamic libraries:
0x00007ff6d5e10000 - 0x00007ff6d5e20000 	C:\Program Files\Java\jdk-22\bin\java.exe
0x00007ff921330000 - 0x00007ff921547000 	C:\Windows\SYSTEM32\ntdll.dll
0x00007ff920720000 - 0x00007ff9207e4000 	C:\Windows\System32\KERNEL32.DLL
0x00007ff91e6a0000 - 0x00007ff91ea5a000 	C:\Windows\System32\KERNELBASE.dll
0x00007ff91ef10000 - 0x00007ff91f021000 	C:\Windows\System32\ucrtbase.dll
0x00007ff91b270000 - 0x00007ff91b287000 	C:\Program Files\Java\jdk-22\bin\jli.dll
0x00007ff91fd90000 - 0x00007ff91ff3e000 	C:\Windows\System32\USER32.dll
0x00007ff91b250000 - 0x00007ff91b26b000 	C:\Program Files\Java\jdk-22\bin\VCRUNTIME140.dll
0x00007ff91eee0000 - 0x00007ff91ef06000 	C:\Windows\System32\win32u.dll
0x00007ff90dd20000 - 0x00007ff90dfb2000 	C:\Windows\WinSxS\amd64_microsoft.windows.common-controls_6595b64144ccf1df_6.0.22621.4541_none_2710d1c57384c085\COMCTL32.dll
0x00007ff91f250000 - 0x00007ff91f279000 	C:\Windows\System32\GDI32.dll
0x00007ff920570000 - 0x00007ff920617000 	C:\Windows\System32\msvcrt.dll
0x00007ff91ea60000 - 0x00007ff91eb7b000 	C:\Windows\System32\gdi32full.dll
0x00007ff91e600000 - 0x00007ff91e69a000 	C:\Windows\System32\msvcp_win.dll
0x00007ff91f690000 - 0x00007ff91f6c1000 	C:\Windows\System32\IMM32.DLL
0x00007ff91b240000 - 0x00007ff91b24c000 	C:\Program Files\Java\jdk-22\bin\vcruntime140_1.dll
0x00007ff906330000 - 0x00007ff9063be000 	C:\Program Files\Java\jdk-22\bin\msvcp140.dll
0x00007ff870ca0000 - 0x00007ff8719e9000 	C:\Program Files\Java\jdk-22\bin\server\jvm.dll
0x00007ff91f190000 - 0x00007ff91f242000 	C:\Windows\System32\ADVAPI32.dll
0x00007ff91f3c0000 - 0x00007ff91f467000 	C:\Windows\System32\sechost.dll
0x00007ff91ee30000 - 0x00007ff91ee58000 	C:\Windows\System32\bcrypt.dll
0x00007ff91f2a0000 - 0x00007ff91f3b4000 	C:\Windows\System32\RPCRT4.dll
0x00007ff91f030000 - 0x00007ff91f0a1000 	C:\Windows\System32\WS2_32.dll
0x00007ff91e320000 - 0x00007ff91e36d000 	C:\Windows\SYSTEM32\POWRPROF.dll
0x00007ff916990000 - 0x00007ff91699a000 	C:\Windows\SYSTEM32\VERSION.dll
0x00007ff916f20000 - 0x00007ff916f54000 	C:\Windows\SYSTEM32\WINMM.dll
0x00007ff91e230000 - 0x00007ff91e243000 	C:\Windows\SYSTEM32\UMPDC.dll
0x00007ff91d640000 - 0x00007ff91d658000 	C:\Windows\SYSTEM32\kernel.appcore.dll
0x00007ff91b230000 - 0x00007ff91b23a000 	C:\Program Files\Java\jdk-22\bin\jimage.dll
0x00007ff91b730000 - 0x00007ff91b962000 	C:\Windows\SYSTEM32\DBGHELP.DLL
0x00007ff91f6d0000 - 0x00007ff91fa5f000 	C:\Windows\System32\combase.dll
0x00007ff9207f0000 - 0x00007ff9208c7000 	C:\Windows\System32\OLEAUT32.dll
0x00007ff914140000 - 0x00007ff914172000 	C:\Windows\SYSTEM32\dbgcore.DLL
0x00007ff91ec40000 - 0x00007ff91ecbb000 	C:\Windows\System32\bcryptPrimitives.dll
0x00007ff919570000 - 0x00007ff91957f000 	C:\Program Files\Java\jdk-22\bin\instrument.dll
0x00007ff906310000 - 0x00007ff90632e000 	C:\Program Files\Java\jdk-22\bin\java.dll
0x00007ff9209d0000 - 0x00007ff921248000 	C:\Windows\System32\SHELL32.dll
0x00007ff9203c0000 - 0x00007ff920565000 	C:\Windows\System32\ole32.dll
0x00007ff91c500000 - 0x00007ff91ce08000 	C:\Windows\SYSTEM32\windows.storage.dll
0x00007ff91c3c0000 - 0x00007ff91c4ff000 	C:\Windows\SYSTEM32\wintypes.dll
0x00007ff91f480000 - 0x00007ff91f57a000 	C:\Windows\System32\SHCORE.dll
0x00007ff91f0b0000 - 0x00007ff91f10e000 	C:\Windows\System32\shlwapi.dll
0x00007ff91e530000 - 0x00007ff91e55b000 	C:\Windows\SYSTEM32\profapi.dll
0x00007ff8fc770000 - 0x00007ff8fc847000 	C:\Program Files\Java\jdk-22\bin\jsvml.dll
0x00007ff906280000 - 0x00007ff906297000 	C:\Program Files\Java\jdk-22\bin\zip.dll
0x00007ff9064c0000 - 0x00007ff9064d0000 	C:\Program Files\Java\jdk-22\bin\net.dll
0x00007ff91dac0000 - 0x00007ff91db29000 	C:\Windows\system32\mswsock.dll
0x00007ff9062f0000 - 0x00007ff906306000 	C:\Program Files\Java\jdk-22\bin\nio.dll
0x00007ff906260000 - 0x00007ff90627a000 	C:\Program Files\JetBrains\IntelliJ IDEA Community Edition 2024.1\bin\breakgen64.dll
0x00007ff905b20000 - 0x00007ff905b29000 	C:\Program Files\Java\jdk-22\bin\extnet.dll
0x00007ff8d05a0000 - 0x00007ff8d072e000 	C:\Program Files\Java\jdk-22\bin\awt.dll
0x00007ff919640000 - 0x00007ff9196d7000 	C:\Windows\SYSTEM32\apphelp.dll
0x00007ff91bd10000 - 0x00007ff91bd3b000 	C:\Windows\system32\DWMAPI.DLL
0x00007ff91b510000 - 0x00007ff91b5c1000 	C:\Windows\system32\uxtheme.dll
0x00007ff88ee90000 - 0x00007ff88ef90000 	C:\Windows\system32\opengl32.dll
0x00007ff8d8cd0000 - 0x00007ff8d8cfd000 	C:\Windows\SYSTEM32\GLU32.dll
0x00007ff91bba0000 - 0x00007ff91bbd7000 	C:\Windows\SYSTEM32\dxcore.dll
0x00007ff8cf550000 - 0x00007ff8cf683000 	C:\ProgramData\A-Volute\A-Volute.Nahimic\Modules\Scheduled\x64\AudioDevProps2.dll
0x00007ff91fa60000 - 0x00007ff91fbc1000 	C:\Windows\System32\MSCTF.dll
0x00007ff91bc00000 - 0x00007ff91bcf7000 	C:\Windows\SYSTEM32\dxgi.dll
0x00007ff904d40000 - 0x00007ff904d5a000 	C:\Users\OhLoo\.m2\repository\com\github\kwhat\jnativehook\2.2.2\JNativeHook-2.2.2.x86_64.dll
0x00007ff904e20000 - 0x00007ff904e29000 	C:\Windows\system32\KBDUS.DLL
0x00007ff8e0e80000 - 0x00007ff8e0f07000 	C:\Program Files\Java\jdk-22\bin\freetype.dll
0x00007ff8d7b40000 - 0x00007ff8d7c17000 	C:\Program Files\Java\jdk-22\bin\fontmanager.dll
0x00007ff9049c0000 - 0x00007ff904b05000 	C:\Windows\SYSTEM32\textinputframework.dll
0x00007ff919200000 - 0x00007ff919333000 	C:\Windows\SYSTEM32\CoreMessaging.dll
0x00007ff915f10000 - 0x00007ff91627d000 	C:\Windows\SYSTEM32\CoreUIComponents.dll
0x00007ff91dd30000 - 0x00007ff91dd3c000 	C:\Windows\SYSTEM32\CRYPTBASE.DLL
0x00007ff91dd10000 - 0x00007ff91dd2b000 	C:\Windows\SYSTEM32\CRYPTSP.dll
0x00007ff91d5a0000 - 0x00007ff91d5d5000 	C:\Windows\system32\rsaenh.dll
0x00007ff91dbb0000 - 0x00007ff91dbd8000 	C:\Windows\SYSTEM32\USERENV.dll
0x00007ff91d060000 - 0x00007ff91d08d000 	C:\Windows\SYSTEM32\IPHLPAPI.DLL
0x00007ff91f5f0000 - 0x00007ff91f5f9000 	C:\Windows\System32\NSI.dll
0x00007ff8ef7e0000 - 0x00007ff8ef829000 	C:\Users\OhLoo\AppData\Local\Temp\jna-76133011\jna18345679963981306217.dll
0x00007ff91f470000 - 0x00007ff91f478000 	C:\Windows\System32\PSAPI.DLL
0x00007ff861db0000 - 0x00007ff8620d4000 	C:\Users\OhLoo\AppData\Local\Temp\tess4j\win32-x86-64\libtesseract541.dll
0x00007ff8619b0000 - 0x00007ff861dab000 	C:\Users\OhLoo\AppData\Local\Temp\tess4j\win32-x86-64\libleptonica1841.dll
0x00007ff8e2da0000 - 0x00007ff8e2f48000 	C:\Windows\system32\d3d9.dll
0x00007ff8a68d0000 - 0x00007ff8a6991000 	C:\Windows\System32\DriverStore\FileRepository\nvlt.inf_amd64_085aa0564c2999be\nvldumdx.dll
0x00007ff91e250000 - 0x00007ff91e262000 	C:\Windows\SYSTEM32\msasn1.dll
0x00007ff914f20000 - 0x00007ff914f52000 	C:\Windows\SYSTEM32\cryptnet.dll
0x00007ff91ecc0000 - 0x00007ff91ee26000 	C:\Windows\System32\CRYPT32.dll
0x00007ff91ddc0000 - 0x00007ff91de0c000 	C:\Windows\SYSTEM32\wldp.dll
0x00007ff914cf0000 - 0x00007ff914e52000 	C:\Windows\SYSTEM32\drvstore.dll
0x00007ff91e270000 - 0x00007ff91e29c000 	C:\Windows\SYSTEM32\devobj.dll
0x00007ff91e2a0000 - 0x00007ff91e2ee000 	C:\Windows\SYSTEM32\cfgmgr32.dll
0x00007ff91ee60000 - 0x00007ff91eed2000 	C:\Windows\System32\wintrust.dll
0x00007ff91f280000 - 0x00007ff91f29f000 	C:\Windows\System32\imagehlp.dll
0x00007ff8a2760000 - 0x00007ff8a474e000 	C:\Windows\System32\DriverStore\FileRepository\nvlt.inf_amd64_085aa0564c2999be\nvgpucomp64.dll
0x00007ff8a0cc0000 - 0x00007ff8a2754000 	C:\Windows\System32\DriverStore\FileRepository\nvlt.inf_amd64_085aa0564c2999be\nvd3dumx.dll
0x00007ff916930000 - 0x00007ff916979000 	C:\Windows\SYSTEM32\directxdatabasehelper.dll
0x00007ff912ce0000 - 0x00007ff912e9b000 	C:\Windows\System32\DriverStore\FileRepository\u0397945.inf_amd64_16a50ea7e60ebe3c\B397614\aticfx64.dll
0x00007ff88fc50000 - 0x00007ff89280d000 	C:\Windows\System32\DriverStore\FileRepository\u0397945.inf_amd64_16a50ea7e60ebe3c\B397614\amdxn64.dll
0x00007ff91ff40000 - 0x00007ff9203b4000 	C:\Windows\System32\SETUPAPI.dll
0x00007ff9105a0000 - 0x00007ff9105d5000 	C:\Windows\SYSTEM32\amdihk64.dll
0x00007ff8a74f0000 - 0x00007ff8a77c0000 	C:\Windows\system32\nvspcap64.dll
0x00007ff91d750000 - 0x00007ff91d784000 	C:\Windows\SYSTEM32\ntmarta.dll
0x00007ff91db50000 - 0x00007ff91db76000 	C:\Windows\SYSTEM32\gpapi.dll
0x00007ff8e1950000 - 0x00007ff8e1aa5000 	C:\Windows\System32\DriverStore\FileRepository\nvlt.inf_amd64_085aa0564c2999be\nvppex.dll

dbghelp: loaded successfully - version: 4.0.5 - missing functions: none
symbol engine: initialized successfully - sym options: 0x614 - pdb path: .;C:\Program Files\Java\jdk-22\bin;C:\Windows\SYSTEM32;C:\Windows\WinSxS\amd64_microsoft.windows.common-controls_6595b64144ccf1df_6.0.22621.4541_none_2710d1c57384c085;C:\Program Files\Java\jdk-22\bin\server;C:\Program Files\JetBrains\IntelliJ IDEA Community Edition 2024.1\bin;C:\ProgramData\A-Volute\A-Volute.Nahimic\Modules\Scheduled\x64;C:\Windows\System32\DriverStore\FileRepository\u0397945.inf_amd64_16a50ea7e60ebe3c\B397614;C:\Users\OhLoo\.m2\repository\com\github\kwhat\jnativehook\2.2.2;C:\Users\OhLoo\AppData\Local\Temp\jna-76133011;C:\Users\OhLoo\AppData\Local\Temp\tess4j\win32-x86-64;C:\Windows\System32\DriverStore\FileRepository\nvlt.inf_amd64_085aa0564c2999be

VM Arguments:
jvm_args: -javaagent:C:\Program Files\JetBrains\IntelliJ IDEA Community Edition 2024.1\lib\idea_rt.jar=51656:C:\Program Files\JetBrains\IntelliJ IDEA Community Edition 2024.1\bin -Dfile.encoding=UTF-8 -Dsun.stdout.encoding=UTF-8 -Dsun.stderr.encoding=UTF-8 
java_command: Main
java_class_path (initial): C:\Users\OhLoo\IdeaProjects\Pokemon macro\out\production\Doodle World Macro;C:\Users\OhLoo\.m2\repository\net\java\dev\jna\jna\5.15.0\jna-5.15.0.jar;C:\Users\OhLoo\.m2\repository\net\java\dev\jna\jna-platform\5.15.0\jna-platform-5.15.0.jar;C:\Users\OhLoo\.m2\repository\com\github\kwhat\jnativehook\2.2.2\jnativehook-2.2.2.jar;C:\Users\OhLoo\.m2\repository\net\sourceforge\tess4j\tess4j\5.13.0\tess4j-5.13.0.jar;C:\Users\OhLoo\.m2\repository\net\java\dev\jna\jna\5.14.0\jna-5.14.0.jar;C:\Users\OhLoo\.m2\repository\com\github\jai-imageio\jai-imageio-core\1.4.0\jai-imageio-core-1.4.0.jar;C:\Users\OhLoo\.m2\repository\org\apache\pdfbox\pdfbox\3.0.3\pdfbox-3.0.3.jar;C:\Users\OhLoo\.m2\repository\org\apache\pdfbox\pdfbox-io\3.0.3\pdfbox-io-3.0.3.jar;C:\Users\OhLoo\.m2\repository\org\apache\pdfbox\fontbox\3.0.3\fontbox-3.0.3.jar;C:\Users\OhLoo\.m2\repository\commons-logging\commons-logging\1.3.3\commons-logging-1.3.3.jar;C:\Users\OhLoo\.m2\repository\org\apache\pdfbox\pdfbox-tools\3.0.3\pdfbox-tools-3.0.3.jar;C:\Users\OhLoo\.m2\repository\org\apache\pdfbox\pdfbox-debugger\3.0.3\pdfbox-debugger-3.0.3.jar;C:\Users\OhLoo\.m2\repository\info\picocli\picocli\4.7.6\picocli-4.7.6.jar;C:\Users\OhLoo\.m2\repository\org\apache\pdfbox\jbig2-imageio\3.0.4\jbig2-imageio-3.0.4.jar;C:\Users\OhLoo\.m2\repository\commons-io\commons-io\2.16.1\commons-io-2.16.1.jar;C:\Users\OhLoo\.m2\repository\net\sourceforge\lept4j\lept4j\1.19.1\lept4j-1.19.1.jar;C:\Users\OhLoo\.m2\repository\org\jboss\jboss-vfs\3.2.17.Final\jboss-vfs-3.2.17.Final.jar;C:\Users\OhLoo\.m2\repository\org\jboss\logging\jboss-logging\3.1.4.GA\jboss-logging-3.1.4.GA.jar;C:\Users\OhLoo\.m2\repository\org\slf4j\slf4j-api\2.0.16\slf4j-api-2.0.16.jar;C:\Users\OhLoo\.m2\repository\org\slf4j\slf4j-simple\2.0.3\slf4j-simple-2.0.3.jar;C:\Users\OhLoo\.m2\repository\org\slf4j\slf4j-api\2.0.3\slf4j-api-2.0.3.jar
Launcher Type: SUN_STANDARD

[Global flags]
     intx CICompilerCount                          = 4                                         {product} {ergonomic}
     uint ConcGCThreads                            = 3                                         {product} {ergonomic}
     uint G1ConcRefinementThreads                  = 10                                        {product} {ergonomic}
   size_t G1HeapRegionSize                         = 2097152                                   {product} {ergonomic}
   size_t InitialHeapSize                          = 255852544                                 {product} {ergonomic}
   size_t MarkStackSize                            = 4194304                                   {product} {ergonomic}
   size_t MaxHeapSize                              = 4078960640                                {product} {ergonomic}
   size_t MaxNewSize                               = 2447376384                                {product} {ergonomic}
   size_t MinHeapDeltaBytes                        = 2097152                                   {product} {ergonomic}
   size_t MinHeapSize                              = 8388608                                   {product} {ergonomic}
    uintx NonNMethodCodeHeapSize                   = 5839372                                {pd product} {ergonomic}
    uintx NonProfiledCodeHeapSize                  = 122909434                              {pd product} {ergonomic}
    uintx ProfiledCodeHeapSize                     = 122909434                              {pd product} {ergonomic}
    uintx ReservedCodeCacheSize                    = 251658240                              {pd product} {ergonomic}
     bool SegmentedCodeCache                       = true                                      {product} {ergonomic}
   size_t SoftMaxHeapSize                          = 4078960640                             {manageable} {ergonomic}
     bool UseCompressedOops                        = true                           {product lp64_product} {ergonomic}
     bool UseG1GC                                  = true                                      {product} {ergonomic}
     bool UseLargePagesIndividualAllocation        = false                                  {pd product} {ergonomic}

Logging:
Log output configuration:
 #0: stdout all=warning uptime,level,tags foldmultilines=false
 #1: stderr all=off uptime,level,tags foldmultilines=false

Environment Variables:
PATH=C:\Program Files\Common Files\Oracle\Java\javapath;C:\Program Files (x86)\Common Files\Oracle\Java\java8path;C:\Program Files (x86)\Common Files\Oracle\Java\javapath;C:\Windows\system32;C:\Windows;C:\Windows\System32\Wbem;C:\Windows\System32\WindowsPowerShell\v1.0\;C:\Windows\System32\OpenSSH\;C:\Program Files (x86)\NVIDIA Corporation\PhysX\Common;C:\Program Files\NVIDIA Corporation\NVIDIA NvDLISR;C:\Program Files\dotnet\;C:\Program Files\Git\cmd;C:\Users\OhLoo\AppData\Local\Programs\Python\Launcher\;C:\Users\OhLoo\AppData\Local\Microsoft\WindowsApps;;C:\Users\OhLoo\AppData\Local\Programs\Microsoft VS Code\bin
USERNAME=OhLoo
OS=Windows_NT
PROCESSOR_IDENTIFIER=AMD64 Family 25 Model 116 Stepping 1, AuthenticAMD
TMP=C:\Users\OhLoo\AppData\Local\Temp
TEMP=C:\Users\OhLoo\AppData\Local\Temp




Periodic native trim disabled

---------------  S Y S T E M  ---------------

OS:
 Windows 11 , 64 bit Build 22621 (10.0.22621.4391)
OS uptime: 0 days 14:48 hours
Hyper-V role detected

CPU: total 12 (initial active 12) (12 cores per cpu, 2 threads per core) family 25 model 116 stepping 1 microcode 0x0, cx8, cmov, fxsr, ht, mmx, 3dnowpref, sse, sse2, sse3, ssse3, sse4a, sse4.1, sse4.2, popcnt, lzcnt, tsc, tscinvbit, avx, avx2, aes, erms, clmul, bmi1, bmi2, adx, avx512f, avx512dq, avx512cd, avx512bw, avx512vl, sha, fma, vzeroupper, avx512_vpopcntdq, avx512_vpclmulqdq, avx512_vaes, avx512_vnni, clflush, clflushopt, avx512_vbmi2, avx512_vbmi, hv, rdtscp, rdpid, gfni, avx512_bitalg, f16c, cet_ss, avx512_ifma
Processor Information for all 12 processors :
  Max Mhz: 4301, Current Mhz: 4301, Mhz Limit: 4301

Memory: 4k page, system-wide physical 15556M (637M free)
TotalPageFile size 31113M (AvailPageFile size 4978M)
current process WorkingSet (physical memory assigned to process): 355M, peak: 377M
current process commit charge ("private bytes"): 507M, peak: 531M

vm_info: Java HotSpot(TM) 64-Bit Server VM (22.0.2+9-70) for windows-amd64 JRE (22.0.2+9-70), built on 2024-06-04T16:52:23Z by "mach5one" with MS VC++ 17.6 (VS2022)

END.
