#
# A fatal error has been detected by the Java Runtime Environment:
#
#  EXCEPTION_ACCESS_VIOLATION (0xc0000005) at pc=0x00007ffaa1b2d9ea, pid=35028, tid=33360
#
# JRE version: Java(TM) SE Runtime Environment (22.0.2+9) (build 22.0.2+9-70)
# Java VM: Java HotSpot(TM) 64-Bit Server VM (22.0.2+9-70, mixed mode, sharing, tiered, compressed oops, compressed class ptrs, g1 gc, windows-amd64)
# Problematic frame:
# C  [d3d9.dll+0xcd9ea]
#
# No core dump will be written. Minidumps are not enabled by default on client versions of Windows
#
# If you would like to submit a bug report, please visit:
#   https://bugreport.java.com/bugreport/crash.jsp
# The crash happened outside the Java Virtual Machine in native code.
# See problematic frame for where to report the bug.
#

---------------  S U M M A R Y ------------

Command Line: -javaagent:C:\Program Files\JetBrains\IntelliJ IDEA Community Edition 2024.1\lib\idea_rt.jar=55401:C:\Program Files\JetBrains\IntelliJ IDEA Community Edition 2024.1\bin -Dfile.encoding=UTF-8 -Dsun.stdout.encoding=UTF-8 -Dsun.stderr.encoding=UTF-8 Main

Host: AMD Ryzen 5 7640HS w/ Radeon 760M Graphics     , 12 cores, 15G,  Windows 11 , 64 bit Build 22621 (10.0.22621.4391)
Time: Mon Dec 23 13:16:02 2024 Eastern Standard Time elapsed time: 106.033845 seconds (0d 0h 1m 46s)

---------------  T H R E A D  ---------------

Current thread (0x0000016bf8074890):  JavaThread "AWT-Windows" daemon [_thread_in_native, id=33360, stack(0x00000018dad00000,0x00000018dae00000) (1024K)]

Stack: [0x00000018dad00000,0x00000018dae00000],  sp=0x00000018dadfeca0,  free space=1019k
Native frames: (J=compiled Java code, j=interpreted, Vv=VM code, C=native code)
C  [d3d9.dll+0xcd9ea]  (no source info available)
C  [d3d9.dll+0x49196]  (no source info available)
C  [d3d9.dll+0x68429]  (no source info available)
C  [d3d9.dll+0x1996e]  (no source info available)
C  [d3d9.dll+0x2ba02]  (no source info available)
C  [awt.dll+0x21755]  (no source info available)
C  [awt.dll+0x22b93]  (no source info available)
C  [awt.dll+0x1a42b]  (no source info available)
C  [awt.dll+0x1a237]  (no source info available)
C  [awt.dll+0x18e1e]  (no source info available)
C  [awt.dll+0x1f87b]  (no source info available)
C  [awt.dll+0x1e689]  (no source info available)
C  [awt.dll+0xd3d1c]  (no source info available)
C  [awt.dll+0xd6f6e]  (no source info available)
C  0x0000016ba2a5d0c7  (no source info available)

The last pc belongs to native method entry point (kind = native) (printed below).
Java frames: (J=compiled Java code, j=interpreted, Vv=VM code)
j  sun.awt.windows.WToolkit.eventLoop()V+0 java.desktop@22.0.2
j  sun.awt.windows.WToolkit.run()V+50 java.desktop@22.0.2
j  java.lang.Thread.runWith(Ljava/lang/Object;Ljava/lang/Runnable;)V+5 java.base@22.0.2
j  java.lang.Thread.run()V+19 java.base@22.0.2
v  ~StubRoutines::call_stub 0x0000016ba2a5100d

siginfo: EXCEPTION_ACCESS_VIOLATION (0xc0000005), reading address 0x0000000000000008


Registers:
RAX=0x0000000000000000, RBX=0x0000016b8a229880, RCX=0x0000000000014a76, RDX=0x0000000000000000
RSP=0x00000018dadfeca0, RBP=0x0000000000000001, RSI=0x0000000000000000, RDI=0x0000016b8a229880
R8 =0x0000016b88d8b580, R9 =0x0000000000000001, R10=0x0000016b88878ea8, R11=0x00000018dadfec80
R12=0x0000000000000000, R13=0x0000016bf41f03f0, R14=0x00000018dadff008, R15=0x0000016bf8074890
RIP=0x00007ffaa1b2d9ea, EFLAGS=0x0000000000010212


Register to memory mapping:

RAX=0x0 is null
RBX=0x0000016b8a229880 points into unknown readable memory: 0x0000000000000000 | 00 00 00 00 00 00 00 00
RCX=0x0000000000014a76 is an unknown value
RDX=0x0 is null
RSP=0x00000018dadfeca0 is pointing into the stack for thread: 0x0000016bf8074890
RBP=0x0000000000000001 is an unknown value
RSI=0x0 is null
RDI=0x0000016b8a229880 points into unknown readable memory: 0x0000000000000000 | 00 00 00 00 00 00 00 00
R8 =0x0000016b88d8b580 points into unknown readable memory: 0x0000000000000000 | 00 00 00 00 00 00 00 00
R9 =0x0000000000000001 is an unknown value
R10=0x0000016b88878ea8 points into unknown readable memory: 0x0000040000000000 | 00 00 00 00 00 04 00 00
R11=0x00000018dadfec80 is pointing into the stack for thread: 0x0000016bf8074890
R12=0x0 is null
R13={method} {0x0000016bf41f03f8} 'eventLoop' '()V' in 'sun/awt/windows/WToolkit'
R14=0x00000018dadff008 is pointing into the stack for thread: 0x0000016bf8074890
R15=0x0000016bf8074890 is a thread

Top of Stack: (sp=0x00000018dadfeca0)
0x00000018dadfeca0:   0000016b8a22f7d0 00007ffaea2ab001
0x00000018dadfecb0:   0000016b8a22f7c0 0000016b90f70000
0x00000018dadfecc0:   0000016b8a194748 00007ffaa1aa9196
0x00000018dadfecd0:   0000016b8a229880 00007ffaa1a79a1c
0x00000018dadfece0:   0000016b8a194748 00007ffae7891f9f
0x00000018dadfecf0:   0000016b889abb88 00007ffaa1ac8429
0x00000018dadfed00:   0000016bf8465560 0000016b889250f0
0x00000018dadfed10:   0000016b8b51aa30 00007ffaa1a6cfb6
0x00000018dadfed20:   0000016b889abb80 00007ffaa1a7996e
0x00000018dadfed30:   0000000000000000 0000016b889abb80
0x00000018dadfed40:   0000000000000000 00007ffaaf672d97
0x00000018dadfed50:   0000016b889abb80 00007ffaa1a8ba02
0x00000018dadfed60:   00007ffaaf7897f0 0000000000000000
0x00000018dadfed70:   0000016b8a194748 00000018dadff008
0x00000018dadfed80:   0000000000000001 00007ffaaf671755
0x00000018dadfed90:   0000016b8b5206f0 0000000000000000
0x00000018dadfeda0:   0000016b8a194748 00007ffa00000001
0x00000018dadfedb0:   0000000000000001 00007ffaaf672b93
0x00000018dadfedc0:   0000016bb251e5c0 0000000000000000
0x00000018dadfedd0:   0000016b8a194748 00007ffa00000001
0x00000018dadfede0:   0000016bf80a04e0 00007ffaaf66a42b
0x00000018dadfedf0:   0000016b00000048 00007ffaaf777dec
0x00000018dadfee00:   00007ffaaf7928c0 00007ffaaf760db0
0x00000018dadfee10:   0000000000000001 00007ffaaf66a237
0x00000018dadfee20:   0000016bf80a04e0 0000000000000000
0x00000018dadfee30:   0000000000000000 00000018d93d9800
0x00000018dadfee40:   0000000000000001 00007ffaaf668e1e
0x00000018dadfee50:   0000016bf80a04e0 0000000000000000
0x00000018dadfee60:   0000000000000000 00007ffaaf7393b2
0x00000018dadfee70:   0000016bf805c900 00007ffaaf66f87b
0x00000018dadfee80:   0000000000000000 0000000000000000
0x00000018dadfee90:   00007ffaaf7897e0 00007ffaaf7897f0 

Instructions: (pc=0x00007ffaa1b2d9ea)
0x00007ffaa1b2d8ea:   8b 53 08 41 ff c8 49 c1 e0 03 48 83 c2 08 e8 75
0x00007ffaa1b2d8fa:   2a f7 ff 48 8b 4b 08 48 85 c9 74 12 48 2b 49 f8
0x00007ffaa1b2d90a:   74 0c 48 ff 15 c5 86 07 00 0f 1f 44 00 00 48 89
0x00007ffaa1b2d91a:   73 08 48 63 47 08 8b 57 14 48 f7 d8 44 8b 03 48
0x00007ffaa1b2d92a:   c1 e0 3f 48 d1 ea 48 03 d0 8b 07 48 c1 e0 1f 48
0x00007ffaa1b2d93a:   03 d0 eb 48 4c 8b 5b 08 41 8b c0 48 d1 e8 45 8b
0x00007ffaa1b2d94a:   c8 4d 8b 14 c3 49 63 42 08 41 8b 4a 14 48 f7 d8
0x00007ffaa1b2d95a:   48 c1 e0 3f 48 d1 e9 48 03 c8 41 8b 02 48 c1 e0
0x00007ffaa1b2d96a:   1f 48 03 c8 48 3b d1 73 19 4f 89 14 cb 48 8b 43
0x00007ffaa1b2d97a:   08 4a 8b 0c c8 44 89 41 0c 41 d1 e8 41 83 f8 01
0x00007ffaa1b2d98a:   77 b2 48 8b 4b 08 b8 01 00 00 00 41 8b d0 48 89
0x00007ffaa1b2d99a:   3c d1 48 8b 4b 08 48 8b 14 d1 44 89 42 0c ff 03
0x00007ffaa1b2d9aa:   48 8b 5c 24 38 48 8b 74 24 40 48 83 c4 20 5f c3
0x00007ffaa1b2d9ba:   cc cc cc cc cc cc cc cc cc cc 48 89 5c 24 08 57
0x00007ffaa1b2d9ca:   48 83 ec 20 4c 8b 41 08 48 8b fa 44 8b 4a 0c 4c
0x00007ffaa1b2d9da:   8b d1 ff 09 8b 01 8b 4f 14 48 d1 e9 49 8b 14 c0
0x00007ffaa1b2d9ea:   48 63 42 08 8b 5a 14 48 f7 d8 48 c1 e0 3f 48 d1
0x00007ffaa1b2d9fa:   eb 48 03 d8 8b 02 48 c1 e0 1f 48 03 d8 48 63 47
0x00007ffaa1b2da0a:   08 48 f7 d8 48 c1 e0 3f 48 03 c8 8b 07 48 c1 e0
0x00007ffaa1b2da1a:   1f 48 03 c8 48 3b d9 72 6e 4b 89 14 c8 41 8b d1
0x00007ffaa1b2da2a:   49 8b 42 08 4a 8b 0c c8 44 89 49 0c 49 8b ca e8
0x00007ffaa1b2da3a:   3c b8 f7 ff 83 67 0c 00 48 8b 5c 24 30 48 83 c4
0x00007ffaa1b2da4a:   20 5f c3 cc 4d 8b 5a 08 41 8b c1 48 d1 e8 49 8b
0x00007ffaa1b2da5a:   14 c3 48 63 42 08 8b 4a 14 48 f7 d8 48 c1 e0 3f
0x00007ffaa1b2da6a:   48 d1 e9 48 03 c8 8b 02 48 c1 e0 1f 48 03 c8 48
0x00007ffaa1b2da7a:   3b d9 73 19 4b 89 14 cb 49 8b 42 08 4a 8b 0c c8
0x00007ffaa1b2da8a:   44 89 49 0c 41 d1 e9 41 83 f9 01 77 b7 41 8b 02
0x00007ffaa1b2da9a:   49 8b 52 08 48 8b 0c c2 4a 89 0c ca 49 8b 42 08
0x00007ffaa1b2daaa:   4a 8b 0c c8 44 89 49 0c eb 8a cc cc cc cc cc cc
0x00007ffaa1b2daba:   cc cc 48 89 5c 24 08 48 89 74 24 10 48 89 7c 24
0x00007ffaa1b2daca:   18 41 56 48 83 ec 20 44 8b 19 33 f6 48 8b f9 45
0x00007ffaa1b2dada:   8d 4b ff 43 8d 04 09 45 8b c1 41 8b d9 41 3b c3 


Stack slot to memory mapping:

stack at sp + 0 slots: 0x0000016b8a22f7d0 points into unknown readable memory: 0x0000016b8b2a8ac0 | c0 8a 2a 8b 6b 01 00 00
stack at sp + 1 slots: 0x00007ffaea2ab001 ntdll.dll
stack at sp + 2 slots: 0x0000016b8a22f7c0 points into unknown readable memory: 0x0000000000000000 | 00 00 00 00 00 00 00 00
stack at sp + 3 slots: 0x0000016b90f70000 points into unknown readable memory: 0x0000000000000000 | 00 00 00 00 00 00 00 00
stack at sp + 4 slots: 0x0000016b8a194748 points into unknown readable memory: 0x0000000000000000 | 00 00 00 00 00 00 00 00
stack at sp + 5 slots: 0x00007ffaa1aa9196 d3d9.dll
stack at sp + 6 slots: 0x0000016b8a229880 points into unknown readable memory: 0x0000000000000000 | 00 00 00 00 00 00 00 00
stack at sp + 7 slots: 0x00007ffaa1a79a1c d3d9.dll

native method entry point (kind = native)  [0x0000016ba2a5cca0, 0x0000016ba2a5d8c0]  3104 bytes
[MachCode]
  0x0000016ba2a5cca0: 488b 4b08 | 0fb7 492e | 584c 8d74 | ccf8 6800 | 0000 0068 | 0000 0000 | 5055 488b | ec41 5568 
  0x0000016ba2a5ccc0: 0000 0000 | 4c8b 6b08 | 4d8d 6d38 | 5348 8b53 | 0848 8b52 | 0848 8b52 | 1848 8b52 | 7048 8b12 
  0x0000016ba2a5cce0: 5248 8b53 | 1048 85d2 | 0f84 0700 | 0000 4881 | c210 0100 | 0052 488b | 5308 488b | 5208 488b 
  0x0000016ba2a5cd00: 5210 5249 | 8bc6 482b | c548 c1e8 | 0350 6800 | 0000 0068 | f7ff ffff | 41c6 8781 | 0400 0001 
  0x0000016ba2a5cd20: 488b 4310 | 4885 c074 | 208b 88cc | 0000 0083 | c102 8988 | cc00 0000 | 2388 e000 | 0000 0f84 
  0x0000016ba2a5cd40: cb0a 0000 | e9cf 0000 | 0048 8b43 | 1848 85c0 | 0f85 b000 | 0000 e805 | 0000 00e9 | 9900 0000 
  0x0000016ba2a5cd60: 488b d348 | 8d44 2408 | 4c89 6dc0 | 498b cfc5 | f877 4989 | afb0 0300 | 0049 8987 | a003 0000 
  0x0000016ba2a5cd80: 4883 ec20 | 40f6 c40f | 0f84 1900 | 0000 4883 | ec08 48b8 | 00a7 e599 | fa7f 0000 | ffd0 4883 
  0x0000016ba2a5cda0: c408 e90c | 0000 0048 | b800 a7e5 | 99fa 7f00 | 00ff d048 | 83c4 2049 | c787 a003 | 0000 0000 
  0x0000016ba2a5cdc0: 0000 49c7 | 87b0 0300 | 0000 0000 | 0049 c787 | a803 0000 | 0000 0000 | c5f8 7749 | 837f 0800 
  0x0000016ba2a5cde0: 0f84 0500 | 0000 e915 | 41ff ff4c | 8b6d c04c | 8b75 c84e | 8d74 f500 | c348 8b43 | 1848 85c0 
  0x0000016ba2a5ce00: 0f84 1200 | 0000 8b48 | 0883 c102 | 8948 0823 | 481c 0f84 | f709 0000 | 493b a7f0 | 0400 000f 
  0x0000016ba2a5ce20: 8748 0000 | 0089 8424 | 00f0 ffff | 8984 2400 | e0ff ff89 | 8424 00d0 | ffff 8984 | 2400 c0ff 
  0x0000016ba2a5ce40: ff89 8424 | 00b0 ffff | 8984 2400 | a0ff ff89 | 8424 0090 | ffff 8984 | 2400 80ff | ff49 3ba7 
  0x0000016ba2a5ce60: e804 0000 | 7607 4989 | a7f0 0400 | 0041 c687 | 8104 0000 | 0049 ba6c | 406c 9afa | 7f00 0041 
  0x0000016ba2a5ce80: 803a 000f | 843e 0000 | 0048 8b55 | e849 8bcf | 4883 ec20 | 40f6 c40f | 0f84 1900 | 0000 4883 
  0x0000016ba2a5cea0: ec08 48b8 | 80b9 1c9a | fa7f 0000 | ffd0 4883 | c408 e90c | 0000 0048 | b880 b91c | 9afa 7f00 
  0x0000016ba2a5cec0: 00ff d048 | 83c4 2048 | 8b5d e84c | 8b5b 0845 | 0fb7 5b2e | 41c1 e303 | 492b e348 | 83ec 2048 
  0x0000016ba2a5cee0: 83e4 f04c | 8b5b 604d | 85db 0f85 | ab00 0000 | e805 0000 | 00e9 9900 | 0000 488b | d348 8d44 
  0x0000016ba2a5cf00: 2408 4c89 | 6dc0 498b | cfc5 f877 | 4989 afb0 | 0300 0049 | 8987 a003 | 0000 4883 | ec20 40f6 
  0x0000016ba2a5cf20: c40f 0f84 | 1900 0000 | 4883 ec08 | 48b8 20ce | e599 fa7f | 0000 ffd0 | 4883 c408 | e90c 0000 
  0x0000016ba2a5cf40: 0048 b820 | cee5 99fa | 7f00 00ff | d048 83c4 | 2049 c787 | a003 0000 | 0000 0000 | 49c7 87b0 
  0x0000016ba2a5cf60: 0300 0000 | 0000 0049 | c787 a803 | 0000 0000 | 0000 c5f8 | 7749 837f | 0800 0f84 | 0500 0000 
  0x0000016ba2a5cf80: e97b 3fff | ff4c 8b6d | c04c 8b75 | c84e 8d74 | f500 c348 | 8b5d e84c | 8b5b 6041 | ffd3 488b 
  0x0000016ba2a5cfa0: 5de8 4889 | 4518 448b | 5b28 41f6 | c308 0f84 | 1b00 0000 | 4c8b 5b08 | 4d8b 5b08 | 4d8b 5b18 
  0x0000016ba2a5cfc0: 4d8b 5b70 | 4d8b 1b4c | 895d 1048 | 8d55 1048 | 8b43 5849 | ba80 101d | 9afa 7f00 | 0049 3bc2 
  0x0000016ba2a5cfe0: 0f85 ab00 | 0000 e805 | 0000 00e9 | 9900 0000 | 488b d348 | 8d44 2408 | 4c89 6dc0 | 498b cfc5 
  0x0000016ba2a5d000: f877 4989 | afb0 0300 | 0049 8987 | a003 0000 | 4883 ec20 | 40f6 c40f | 0f84 1900 | 0000 4883 
  0x0000016ba2a5d020: ec08 48b8 | 20ce e599 | fa7f 0000 | ffd0 4883 | c408 e90c | 0000 0048 | b820 cee5 | 99fa 7f00 
  0x0000016ba2a5d040: 00ff d048 | 83c4 2049 | c787 a003 | 0000 0000 | 0000 49c7 | 87b0 0300 | 0000 0000 | 0049 c787 
  0x0000016ba2a5d060: a803 0000 | 0000 0000 | c5f8 7749 | 837f 0800 | 0f84 0500 | 0000 e985 | 3eff ff4c | 8b6d c04c 
  0x0000016ba2a5d080: 8b75 c84e | 8d74 f500 | c348 8b5d | e848 8b43 | 5849 8d8f | c003 0000 | c5f8 7749 | 89af b003 
  0x0000016ba2a5d0a0: 0000 49ba | 98d0 a5a2 | 6b01 0000 | 4d89 97a8 | 0300 0049 | 89a7 a003 | 0000 41c7 | 8754 0400 
  0x0000016ba2a5d0c0: 0004 0000 | 00ff d0c5 | f877 4883 | ec10 c5fb | 1104 2448 | 83ec 1048 | 8904 2448 | c744 2408 
  0x0000016ba2a5d0e0: 0000 0000 | 41c7 8754 | 0400 0005 | 0000 00f0 | 8344 24c0 | 0049 3baf | 5804 0000 | 0f87 0e00 
  0x0000016ba2a5d100: 0000 4183 | bf50 0400 | 0000 0f84 | 2000 0000 | 498b cf4c | 8be4 4883 | ec20 4883 | e4f0 48b8 
  0x0000016ba2a5d120: 4023 e799 | fa7f 0000 | ffd0 498b | e44d 33e4 | 41c7 8754 | 0400 0008 | 0000 0049 | c787 a003 
  0x0000016ba2a5d140: 0000 0000 | 0000 49c7 | 87b0 0300 | 0000 0000 | 0049 c787 | a803 0000 | 0000 0000 | c5f8 774d 
  0x0000016ba2a5d160: 8b9f 3004 | 0000 41c7 | 8300 0100 | 0000 0000 | 0049 bb1a | a5a5 a26b | 0100 004c | 3b5d 180f 
  0x0000016ba2a5d180: 8524 0300 | 0048 8b04 | 2448 83c4 | 1048 85c0 | 0f84 fe02 | 0000 a803 | 0f85 0800 | 0000 488b 
  0x0000016ba2a5d1a0: 00e9 ee02 | 0000 a801 | 0f85 0900 | 0000 488b | 40fe e9dd | 0200 0048 | 8b40 ff41 | 807f 3800 
  0x0000016ba2a5d1c0: 0f84 ce02 | 0000 4883 | f800 0f84 | c402 0000 | 4d8b 5f28 | 4983 fb00 | 0f84 1400 | 0000 4983 
  0x0000016ba2a5d1e0: eb08 4d89 | 5f28 4d03 | 5f30 4989 | 03e9 a202 | 0000 4881 | ec50 0100 | 0048 8904 | 2448 894c 
  0x0000016ba2a5d200: 2408 4889 | 5424 1048 | 8974 2418 | 4889 7c24 | 204c 8944 | 2428 4c89 | 4c24 304c | 8954 2438 
  0x0000016ba2a5d220: 4c89 5c24 | 40c5 fb11 | 4424 50c5 | fb11 4c24 | 58c5 fb11 | 5424 60c5 | fb11 5c24 | 68c5 fb11 
  0x0000016ba2a5d240: 6424 70c5 | fb11 6c24 | 78c5 fb11 | b424 8000 | 0000 c5fb | 11bc 2488 | 0000 00c5 | 7b11 8424 
  0x0000016ba2a5d260: 9000 0000 | c57b 118c | 2498 0000 | 00c5 7b11 | 9424 a000 | 0000 c57b | 119c 24a8 | 0000 00c5 
  0x0000016ba2a5d280: 7b11 a424 | b000 0000 | c57b 11ac | 24b8 0000 | 00c5 7b11 | b424 c000 | 0000 c57b | 11bc 24c8 
  0x0000016ba2a5d2a0: 0000 0062 | e1ff 0811 | 4424 1a62 | e1ff 0811 | 4c24 1b62 | e1ff 0811 | 5424 1c62 | e1ff 0811 
  0x0000016ba2a5d2c0: 5c24 1d62 | e1ff 0811 | 6424 1e62 | e1ff 0811 | 6c24 1f62 | e1ff 0811 | 7424 2062 | e1ff 0811 
  0x0000016ba2a5d2e0: 7c24 2162 | 61ff 0811 | 4424 2262 | 61ff 0811 | 4c24 2362 | 61ff 0811 | 5424 2462 | 61ff 0811 
  0x0000016ba2a5d300: 5c24 2562 | 61ff 0811 | 6424 2662 | 61ff 0811 | 6c24 2762 | 61ff 0811 | 7424 2862 | 61ff 0811 
  0x0000016ba2a5d320: 7c24 2949 | 8bd7 488b | c848 83ec | 2040 f6c4 | 0f0f 8419 | 0000 0048 | 83ec 0848 | b830 3fda 
  0x0000016ba2a5d340: 99fa 7f00 | 00ff d048 | 83c4 08e9 | 0c00 0000 | 48b8 303f | da99 fa7f | 0000 ffd0 | 4883 c420 
  0x0000016ba2a5d360: 6261 ff08 | 107c 2429 | 6261 ff08 | 1074 2428 | 6261 ff08 | 106c 2427 | 6261 ff08 | 1064 2426 
  0x0000016ba2a5d380: 6261 ff08 | 105c 2425 | 6261 ff08 | 1054 2424 | 6261 ff08 | 104c 2423 | 6261 ff08 | 1044 2422 
  0x0000016ba2a5d3a0: 62e1 ff08 | 107c 2421 | 62e1 ff08 | 1074 2420 | 62e1 ff08 | 106c 241f | 62e1 ff08 | 1064 241e 
  0x0000016ba2a5d3c0: 62e1 ff08 | 105c 241d | 62e1 ff08 | 1054 241c | 62e1 ff08 | 104c 241b | 62e1 ff08 | 1044 241a 
  0x0000016ba2a5d3e0: c57b 10bc | 24c8 0000 | 00c5 7b10 | b424 c000 | 0000 c57b | 10ac 24b8 | 0000 00c5 | 7b10 a424 
  0x0000016ba2a5d400: b000 0000 | c57b 109c | 24a8 0000 | 00c5 7b10 | 9424 a000 | 0000 c57b | 108c 2498 | 0000 00c5 
  0x0000016ba2a5d420: 7b10 8424 | 9000 0000 | c5fb 10bc | 2488 0000 | 00c5 fb10 | b424 8000 | 0000 c5fb | 106c 2478 
  0x0000016ba2a5d440: c5fb 1064 | 2470 c5fb | 105c 2468 | c5fb 1054 | 2460 c5fb | 104c 2458 | c5fb 1044 | 2450 4c8b 
  0x0000016ba2a5d460: 5c24 404c | 8b54 2438 | 4c8b 4c24 | 304c 8b44 | 2428 488b | 7c24 2048 | 8b74 2418 | 488b 5424 
  0x0000016ba2a5d480: 1048 8b4c | 2408 488b | 0424 4881 | c450 0100 | 00c5 f877 | 4889 4510 | 4883 ec10 | 4889 0424 
  0x0000016ba2a5d4a0: 48c7 4424 | 0800 0000 | 0041 83bf | d004 0000 | 020f 85bf | 0000 0048 | 81ec 8000 | 0000 4889 
  0x0000016ba2a5d4c0: 4424 7848 | 894c 2470 | 4889 5424 | 6848 895c | 2460 4889 | 6c24 5048 | 8974 2448 | 4889 7c24 
  0x0000016ba2a5d4e0: 404c 8944 | 2438 4c89 | 4c24 304c | 8954 2428 | 4c89 5c24 | 204c 8964 | 2418 4c89 | 6c24 104c 
  0x0000016ba2a5d500: 8974 2408 | 4c89 3c24 | 4c8b e448 | 83ec 2048 | 83e4 f048 | b8d0 f11c | 9afa 7f00 | 00ff d049 
  0x0000016ba2a5d520: 8be4 4c8b | 3c24 4c8b | 7424 084c | 8b6c 2410 | 4c8b 6424 | 184c 8b5c | 2420 4c8b | 5424 284c 
  0x0000016ba2a5d540: 8b4c 2430 | 4c8b 4424 | 3848 8b7c | 2440 488b | 7424 4848 | 8b6c 2450 | 488b 5c24 | 6048 8b54 
  0x0000016ba2a5d560: 2468 488b | 4c24 7048 | 8b44 2478 | 4881 c480 | 0000 004d | 33e4 488b | 5de8 4c8b | 6b08 4d8d 
  0x0000016ba2a5d580: 6d38 4983 | 7f08 000f | 84bb 0000 | 00e8 0500 | 0000 e996 | 0000 0048 | 8d44 2408 | 4c89 6dc0 
  0x0000016ba2a5d5a0: 498b cfc5 | f877 4989 | afb0 0300 | 0049 8987 | a003 0000 | 4883 ec20 | 40f6 c40f | 0f84 1900 
  0x0000016ba2a5d5c0: 0000 4883 | ec08 48b8 | 60ec e599 | fa7f 0000 | ffd0 4883 | c408 e90c | 0000 0048 | b860 ece5 
  0x0000016ba2a5d5e0: 99fa 7f00 | 00ff d048 | 83c4 2049 | c787 a003 | 0000 0000 | 0000 49c7 | 87b0 0300 | 0000 0000 
  0x0000016ba2a5d600: 0049 c787 | a803 0000 | 0000 0000 | c5f8 7749 | 837f 0800 | 0f84 0500 | 0000 e9e1 | 38ff ff4c 
  0x0000016ba2a5d620: 8b6d c04c | 8b75 c84e | 8d74 f500 | c348 b9c0 | 2844 9afa | 7f00 0048 | 83e4 f048 | b830 990b 
  0x0000016ba2a5d640: 9afa 7f00 | 00ff d0f4 | 448b 5b28 | 41f6 c320 | 0f84 4401 | 0000 488d | 55a8 4c8b | 5a08 4d85 
  0x0000016ba2a5d660: db0f 85bb | 0000 00e8 | 0500 0000 | e996 0000 | 0048 8d44 | 2408 4c89 | 6dc0 498b | cfc5 f877 
  0x0000016ba2a5d680: 4989 afb0 | 0300 0049 | 8987 a003 | 0000 4883 | ec20 40f6 | c40f 0f84 | 1900 0000 | 4883 ec08 
  0x0000016ba2a5d6a0: 48b8 90eb | e599 fa7f | 0000 ffd0 | 4883 c408 | e90c 0000 | 0048 b890 | ebe5 99fa | 7f00 00ff 
  0x0000016ba2a5d6c0: d048 83c4 | 2049 c787 | a003 0000 | 0000 0000 | 49c7 87b0 | 0300 0000 | 0000 0049 | c787 a803 
  0x0000016ba2a5d6e0: 0000 0000 | 0000 c5f8 | 7749 837f | 0800 0f84 | 0500 0000 | e907 38ff | ff4c 8b6d | c04c 8b75 
  0x0000016ba2a5d700: c84e 8d74 | f500 c348 | b9c0 2844 | 9afa 7f00 | 0048 83e4 | f048 b830 | 990b 9afa | 7f00 00ff 
  0x0000016ba2a5d720: d0f4 4c89 | 6dc0 488d | 024c 8b4a | 0848 c742 | 0800 0000 | 004c 8b00 | 4d85 c00f | 840b 0000 
  0x0000016ba2a5d740: 00f0 4d0f | b101 0f85 | 0c00 0000 | 49ff 8f58 | 0500 00e9 | 3e00 0000 | 4c89 4a08 | 488b ca48 
  0x0000016ba2a5d760: 83ec 2040 | f6c4 0f0f | 8419 0000 | 0048 83ec | 0848 b820 | bee5 99fa | 7f00 00ff | d048 83c4 
  0x0000016ba2a5d780: 08e9 0c00 | 0000 48b8 | 20be e599 | fa7f 0000 | ffd0 4883 | c420 4c8b | 6dc0 49ba | 6c40 6c9a 
  0x0000016ba2a5d7a0: fa7f 0000 | 4180 3a00 | 0f84 3e00 | 0000 488b | 55e8 498b | cf48 83ec | 2040 f6c4 | 0f0f 8419 
  0x0000016ba2a5d7c0: 0000 0048 | 83ec 0848 | b880 b91c | 9afa 7f00 | 00ff d048 | 83c4 08e9 | 0c00 0000 | 48b8 80b9 
  0x0000016ba2a5d7e0: 1c9a fa7f | 0000 ffd0 | 4883 c420 | 488b 0424 | 4883 c410 | c5fb 1004 | 2448 83c4 | 104c 8b5d 
  0x0000016ba2a5d800: 1841 ffd3 | 4c8b 5df8 | c95f 498b | e3ff e7ba | 0000 0000 | e805 0000 | 00e9 9600 | 0000 488d 
  0x0000016ba2a5d820: 4424 084c | 896d c049 | 8bcf c5f8 | 7749 89af | b003 0000 | 4989 87a0 | 0300 0048 | 83ec 2040 
  0x0000016ba2a5d840: f6c4 0f0f | 8419 0000 | 0048 83ec | 0848 b8e0 | b1e5 99fa | 7f00 00ff | d048 83c4 | 08e9 0c00 
  0x0000016ba2a5d860: 0000 48b8 | e0b1 e599 | fa7f 0000 | ffd0 4883 | c420 49c7 | 87a0 0300 | 0000 0000 | 0049 c787 
  0x0000016ba2a5d880: b003 0000 | 0000 0000 | 49c7 87a8 | 0300 0000 | 0000 00c5 | f877 4983 | 7f08 000f | 8405 0000 
  0x0000016ba2a5d8a0: 00e9 5a36 | ffff 4c8b | 6dc0 4c8b | 75c8 4e8d | 74f5 00c3 | 488b 5de8 | e95b f5ff | ff66 6690 
[/MachCode]

---------------  P R O C E S S  ---------------

Threads class SMR info:
_java_thread_list=0x0000016b8a4ffaa0, length=24, elements={
0x0000016bb22de590, 0x0000016bb22df3a0, 0x0000016bb22e1f00, 0x0000016bb22e2a50,
0x0000016bb22ed5c0, 0x0000016bb2313890, 0x0000016bb2316b70, 0x0000016bb2317750,
0x0000016bb2502e40, 0x0000016bb2781010, 0x0000016bb2781680, 0x0000016bf80675a0,
0x0000016bf8070170, 0x0000016bf8074890, 0x0000016b888a2ae0, 0x0000016b888a3150,
0x0000016b8890c4a0, 0x0000016b88a01100, 0x0000016b88a496d0, 0x0000016b88a4b110,
0x0000016b88a4d1e0, 0x0000016b88a4be30, 0x0000016b88a49040, 0x0000016b88a4f940
}

Java Threads: ( => current thread )
  0x0000016bb22de590 JavaThread "Reference Handler"          daemon [_thread_blocked, id=36276, stack(0x00000018da000000,0x00000018da100000) (1024K)]
  0x0000016bb22df3a0 JavaThread "Finalizer"                  daemon [_thread_blocked, id=36280, stack(0x00000018da100000,0x00000018da200000) (1024K)]
  0x0000016bb22e1f00 JavaThread "Signal Dispatcher"          daemon [_thread_blocked, id=36212, stack(0x00000018da200000,0x00000018da300000) (1024K)]
  0x0000016bb22e2a50 JavaThread "Attach Listener"            daemon [_thread_blocked, id=27992, stack(0x00000018da300000,0x00000018da400000) (1024K)]
  0x0000016bb22ed5c0 JavaThread "Service Thread"             daemon [_thread_blocked, id=12904, stack(0x00000018da400000,0x00000018da500000) (1024K)]
  0x0000016bb2313890 JavaThread "Monitor Deflation Thread"   daemon [_thread_blocked, id=32996, stack(0x00000018da500000,0x00000018da600000) (1024K)]
  0x0000016bb2316b70 JavaThread "C2 CompilerThread0"         daemon [_thread_blocked, id=4372, stack(0x00000018da600000,0x00000018da700000) (1024K)]
  0x0000016bb2317750 JavaThread "C1 CompilerThread0"         daemon [_thread_blocked, id=35420, stack(0x00000018da700000,0x00000018da800000) (1024K)]
  0x0000016bb2502e40 JavaThread "Common-Cleaner"             daemon [_thread_blocked, id=3584, stack(0x00000018da800000,0x00000018da900000) (1024K)]
  0x0000016bb2781010 JavaThread "Monitor Ctrl-Break"         daemon [_thread_in_native, id=35120, stack(0x00000018da900000,0x00000018daa00000) (1024K)]
  0x0000016bb2781680 JavaThread "Notification Thread"        daemon [_thread_blocked, id=34056, stack(0x00000018daa00000,0x00000018dab00000) (1024K)]
  0x0000016bf80675a0 JavaThread "Java2D Disposer"            daemon [_thread_blocked, id=3208, stack(0x00000018dab00000,0x00000018dac00000) (1024K)]
  0x0000016bf8070170 JavaThread "AWT-Shutdown"                      [_thread_blocked, id=32752, stack(0x00000018dac00000,0x00000018dad00000) (1024K)]
=>0x0000016bf8074890 JavaThread "AWT-Windows"                daemon [_thread_in_native, id=33360, stack(0x00000018dad00000,0x00000018dae00000) (1024K)]
  0x0000016b888a2ae0 JavaThread "TimerQueue"                 daemon [_thread_blocked, id=36556, stack(0x00000018dba00000,0x00000018dbb00000) (1024K)]
  0x0000016b888a3150 JavaThread "Thread-0"                          [_thread_blocked, id=27172, stack(0x00000018dbb00000,0x00000018dbc00000) (1024K)]
  0x0000016b8890c4a0 JavaThread "Thread-1"                          [_thread_blocked, id=31360, stack(0x00000018dbc00000,0x00000018dbd00000) (1024K)]
  0x0000016b88a01100 JavaThread "JNativeHook Hook Thread"           [_thread_in_native, id=35764, stack(0x00000018dbd00000,0x00000018dbe00000) (1024K)]
  0x0000016b88a496d0 JavaThread "AWT-EventQueue-0"                  [_thread_blocked, id=30688, stack(0x00000018dc600000,0x00000018dc700000) (1024K)]
  0x0000016b88a4b110 JavaThread "Thread-11"                         [_thread_in_Java, id=29116, stack(0x00000018dc700000,0x00000018dc800000) (1024K)]
  0x0000016b88a4d1e0 JavaThread "DestroyJavaVM"                     [_thread_blocked, id=34528, stack(0x00000018d9800000,0x00000018d9900000) (1024K)]
  0x0000016b88a4be30 JavaThread "JNativeHook Dispatch Thread" daemon [_thread_blocked, id=34160, stack(0x00000018dbe00000,0x00000018dbf00000) (1024K)]
  0x0000016b88a49040 JavaThread "JNA Cleaner"                daemon [_thread_blocked, id=32176, stack(0x00000018dcf00000,0x00000018dd000000) (1024K)]
  0x0000016b88a4f940 JavaThread "ToolkitShutdown"            daemon [_thread_in_native, id=8816, stack(0x00000018dd300000,0x00000018dd400000) (1024K)]
Total: 24

Other Threads:
  0x0000016bb22c47f0 VMThread "VM Thread"                           [id=36288, stack(0x00000018d9f00000,0x00000018da000000) (1024K)]
  0x0000016bb22abef0 WatcherThread "VM Periodic Task Thread"        [id=36216, stack(0x00000018d9e00000,0x00000018d9f00000) (1024K)]
  0x0000016b93233ab0 WorkerThread "GC Thread#0"                     [id=35156, stack(0x00000018d9900000,0x00000018d9a00000) (1024K)]
  0x0000016b88a3a2f0 WorkerThread "GC Thread#1"                     [id=6696, stack(0x00000018dbf00000,0x00000018dc000000) (1024K)]
  0x0000016b88a39b90 WorkerThread "GC Thread#2"                     [id=34848, stack(0x00000018dc000000,0x00000018dc100000) (1024K)]
  0x0000016b88a397e0 WorkerThread "GC Thread#3"                     [id=27668, stack(0x00000018dc100000,0x00000018dc200000) (1024K)]
  0x0000016b88a3ae00 WorkerThread "GC Thread#4"                     [id=26300, stack(0x00000018dc200000,0x00000018dc300000) (1024K)]
  0x0000016b88a3b1b0 WorkerThread "GC Thread#5"                     [id=35536, stack(0x00000018dc300000,0x00000018dc400000) (1024K)]
  0x0000016b890c1780 WorkerThread "GC Thread#6"                     [id=34464, stack(0x00000018dc400000,0x00000018dc500000) (1024K)]
  0x0000016b890beef0 WorkerThread "GC Thread#7"                     [id=22736, stack(0x00000018dc500000,0x00000018dc600000) (1024K)]
  0x0000016b890bf650 WorkerThread "GC Thread#8"                     [id=25188, stack(0x00000018dca00000,0x00000018dcb00000) (1024K)]
  0x0000016b890be790 WorkerThread "GC Thread#9"                     [id=2028, stack(0x00000018dcb00000,0x00000018dcc00000) (1024K)]
  0x0000016b93245380 ConcurrentGCThread "G1 Main Marker"            [id=33528, stack(0x00000018d9a00000,0x00000018d9b00000) (1024K)]
  0x0000016b93245e90 WorkerThread "G1 Conc#0"                       [id=32272, stack(0x00000018d9b00000,0x00000018d9c00000) (1024K)]
  0x0000016b9328e9c0 ConcurrentGCThread "G1 Refine#0"               [id=30800, stack(0x00000018d9c00000,0x00000018d9d00000) (1024K)]
  0x0000016bb217e420 ConcurrentGCThread "G1 Service"                [id=18036, stack(0x00000018d9d00000,0x00000018d9e00000) (1024K)]
Total: 16

Threads with active compile tasks:
Total: 0

VM state: not at safepoint (normal execution)

VM Mutex/Monitor currently owned by a thread: None

Heap address: 0x000000070ce00000, size: 3890 MB, Compressed Oops mode: Zero based, Oop shift amount: 3

CDS archive(s) mapped at: [0x0000016bb3000000-0x0000016bb3c60000-0x0000016bb3c60000), size 12976128, SharedBaseAddress: 0x0000016bb3000000, ArchiveRelocationMode: 1.
Compressed class space mapped at: 0x0000016bb4000000-0x0000016bf4000000, reserved size: 1073741824
Narrow klass base: 0x0000016bb3000000, Narrow klass shift: 0, Narrow klass range: 0x41000000

GC Precious Log:
 CardTable entry size: 512
 Card Set container configuration: InlinePtr #cards 4 size 8 Array Of Cards #cards 16 size 48 Howl #buckets 8 coarsen threshold 3686 Howl Bitmap #cards 512 size 80 coarsen threshold 460 Card regions per heap region 1 cards per card region 4096
 CPUs: 12 total, 12 available
 Memory: 15556M
 Large Page Support: Disabled
 NUMA Support: Disabled
 Compressed Oops: Enabled (Zero based)
 Heap Region Size: 2M
 Heap Min Capacity: 8M
 Heap Initial Capacity: 244M
 Heap Max Capacity: 3890M
 Pre-touch: Disabled
 Parallel Workers: 10
 Concurrent Workers: 3
 Concurrent Refinement Workers: 10
 Periodic GC: Disabled

Heap:
 garbage-first heap   total reserved 3983360K, committed 249856K, used 76209K [0x000000070ce00000, 0x0000000800000000)
  region size 2048K, 32 young (65536K), 1 survivors (2048K)
 Metaspace       used 11867K, committed 12224K, reserved 1114112K
  class space    used 1206K, committed 1344K, reserved 1048576K

Heap Regions: E=young(eden), S=young(survivor), O=old, HS=humongous(starts), HC=humongous(continues), CS=collection set, F=free, TAMS=top-at-mark-start, PB=parsable bottom
|   0|0x000000070ce00000, 0x000000070d000000, 0x000000070d000000|100%| O|  |TAMS 0x000000070ce00000| PB 0x000000070ce00000| Untracked |  0
|   1|0x000000070d000000, 0x000000070d1b34a8, 0x000000070d200000| 85%| O|  |TAMS 0x000000070d000000| PB 0x000000070d000000| Untracked |  0
|   2|0x000000070d200000, 0x000000070d400000, 0x000000070d400000|100%|HS|  |TAMS 0x000000070d200000| PB 0x000000070d200000| Complete |  0
|   3|0x000000070d400000, 0x000000070d600000, 0x000000070d600000|100%|HC|  |TAMS 0x000000070d400000| PB 0x000000070d400000| Complete |  0
|   4|0x000000070d600000, 0x000000070d800000, 0x000000070d800000|100%|HS|  |TAMS 0x000000070d600000| PB 0x000000070d600000| Complete |  0
|   5|0x000000070d800000, 0x000000070da00000, 0x000000070da00000|100%|HS|  |TAMS 0x000000070d800000| PB 0x000000070d800000| Complete |  0
|   6|0x000000070da00000, 0x000000070dc00000, 0x000000070dc00000|100%|HC|  |TAMS 0x000000070da00000| PB 0x000000070da00000| Complete |  0
|   7|0x000000070dc00000, 0x000000070dc00000, 0x000000070de00000|  0%| F|  |TAMS 0x000000070dc00000| PB 0x000000070dc00000| Untracked |  0
|   8|0x000000070de00000, 0x000000070de00000, 0x000000070e000000|  0%| F|  |TAMS 0x000000070de00000| PB 0x000000070de00000| Untracked |  0
|   9|0x000000070e000000, 0x000000070e000000, 0x000000070e200000|  0%| F|  |TAMS 0x000000070e000000| PB 0x000000070e000000| Untracked |  0
|  10|0x000000070e200000, 0x000000070e200000, 0x000000070e400000|  0%| F|  |TAMS 0x000000070e200000| PB 0x000000070e200000| Untracked |  0
|  11|0x000000070e400000, 0x000000070e400000, 0x000000070e600000|  0%| F|  |TAMS 0x000000070e400000| PB 0x000000070e400000| Untracked |  0
|  12|0x000000070e600000, 0x000000070e600000, 0x000000070e800000|  0%| F|  |TAMS 0x000000070e600000| PB 0x000000070e600000| Untracked |  0
|  13|0x000000070e800000, 0x000000070e800000, 0x000000070ea00000|  0%| F|  |TAMS 0x000000070e800000| PB 0x000000070e800000| Untracked |  0
|  14|0x000000070ea00000, 0x000000070ea00000, 0x000000070ec00000|  0%| F|  |TAMS 0x000000070ea00000| PB 0x000000070ea00000| Untracked |  0
|  15|0x000000070ec00000, 0x000000070ec00000, 0x000000070ee00000|  0%| F|  |TAMS 0x000000070ec00000| PB 0x000000070ec00000| Untracked |  0
|  16|0x000000070ee00000, 0x000000070ee00000, 0x000000070f000000|  0%| F|  |TAMS 0x000000070ee00000| PB 0x000000070ee00000| Untracked |  0
|  17|0x000000070f000000, 0x000000070f000000, 0x000000070f200000|  0%| F|  |TAMS 0x000000070f000000| PB 0x000000070f000000| Untracked |  0
|  18|0x000000070f200000, 0x000000070f200000, 0x000000070f400000|  0%| F|  |TAMS 0x000000070f200000| PB 0x000000070f200000| Untracked |  0
|  19|0x000000070f400000, 0x000000070f400000, 0x000000070f600000|  0%| F|  |TAMS 0x000000070f400000| PB 0x000000070f400000| Untracked |  0
|  20|0x000000070f600000, 0x000000070f600000, 0x000000070f800000|  0%| F|  |TAMS 0x000000070f600000| PB 0x000000070f600000| Untracked |  0
|  21|0x000000070f800000, 0x000000070f800000, 0x000000070fa00000|  0%| F|  |TAMS 0x000000070f800000| PB 0x000000070f800000| Untracked |  0
|  22|0x000000070fa00000, 0x000000070fa00000, 0x000000070fc00000|  0%| F|  |TAMS 0x000000070fa00000| PB 0x000000070fa00000| Untracked |  0
|  23|0x000000070fc00000, 0x000000070fc00000, 0x000000070fe00000|  0%| F|  |TAMS 0x000000070fc00000| PB 0x000000070fc00000| Untracked |  0
|  24|0x000000070fe00000, 0x000000070fe00000, 0x0000000710000000|  0%| F|  |TAMS 0x000000070fe00000| PB 0x000000070fe00000| Untracked |  0
|  25|0x0000000710000000, 0x0000000710000000, 0x0000000710200000|  0%| F|  |TAMS 0x0000000710000000| PB 0x0000000710000000| Untracked |  0
|  26|0x0000000710200000, 0x0000000710200000, 0x0000000710400000|  0%| F|  |TAMS 0x0000000710200000| PB 0x0000000710200000| Untracked |  0
|  27|0x0000000710400000, 0x0000000710400000, 0x0000000710600000|  0%| F|  |TAMS 0x0000000710400000| PB 0x0000000710400000| Untracked |  0
|  28|0x0000000710600000, 0x0000000710600000, 0x0000000710800000|  0%| F|  |TAMS 0x0000000710600000| PB 0x0000000710600000| Untracked |  0
|  29|0x0000000710800000, 0x0000000710800000, 0x0000000710a00000|  0%| F|  |TAMS 0x0000000710800000| PB 0x0000000710800000| Untracked |  0
|  30|0x0000000710a00000, 0x0000000710a00000, 0x0000000710c00000|  0%| F|  |TAMS 0x0000000710a00000| PB 0x0000000710a00000| Untracked |  0
|  31|0x0000000710c00000, 0x0000000710c00000, 0x0000000710e00000|  0%| F|  |TAMS 0x0000000710c00000| PB 0x0000000710c00000| Untracked |  0
|  32|0x0000000710e00000, 0x0000000710e00000, 0x0000000711000000|  0%| F|  |TAMS 0x0000000710e00000| PB 0x0000000710e00000| Untracked |  0
|  33|0x0000000711000000, 0x0000000711000000, 0x0000000711200000|  0%| F|  |TAMS 0x0000000711000000| PB 0x0000000711000000| Untracked |  0
|  34|0x0000000711200000, 0x0000000711200000, 0x0000000711400000|  0%| F|  |TAMS 0x0000000711200000| PB 0x0000000711200000| Untracked |  0
|  35|0x0000000711400000, 0x0000000711400000, 0x0000000711600000|  0%| F|  |TAMS 0x0000000711400000| PB 0x0000000711400000| Untracked |  0
|  36|0x0000000711600000, 0x0000000711600000, 0x0000000711800000|  0%| F|  |TAMS 0x0000000711600000| PB 0x0000000711600000| Untracked |  0
|  37|0x0000000711800000, 0x0000000711800000, 0x0000000711a00000|  0%| F|  |TAMS 0x0000000711800000| PB 0x0000000711800000| Untracked |  0
|  38|0x0000000711a00000, 0x0000000711a00000, 0x0000000711c00000|  0%| F|  |TAMS 0x0000000711a00000| PB 0x0000000711a00000| Untracked |  0
|  39|0x0000000711c00000, 0x0000000711c00000, 0x0000000711e00000|  0%| F|  |TAMS 0x0000000711c00000| PB 0x0000000711c00000| Untracked |  0
|  40|0x0000000711e00000, 0x0000000711e00000, 0x0000000712000000|  0%| F|  |TAMS 0x0000000711e00000| PB 0x0000000711e00000| Untracked |  0
|  41|0x0000000712000000, 0x0000000712000000, 0x0000000712200000|  0%| F|  |TAMS 0x0000000712000000| PB 0x0000000712000000| Untracked |  0
|  42|0x0000000712200000, 0x0000000712200000, 0x0000000712400000|  0%| F|  |TAMS 0x0000000712200000| PB 0x0000000712200000| Untracked |  0
|  43|0x0000000712400000, 0x0000000712400000, 0x0000000712600000|  0%| F|  |TAMS 0x0000000712400000| PB 0x0000000712400000| Untracked |  0
|  44|0x0000000712600000, 0x0000000712600000, 0x0000000712800000|  0%| F|  |TAMS 0x0000000712600000| PB 0x0000000712600000| Untracked |  0
|  45|0x0000000712800000, 0x0000000712800000, 0x0000000712a00000|  0%| F|  |TAMS 0x0000000712800000| PB 0x0000000712800000| Untracked |  0
|  46|0x0000000712a00000, 0x0000000712a00000, 0x0000000712c00000|  0%| F|  |TAMS 0x0000000712a00000| PB 0x0000000712a00000| Untracked |  0
|  47|0x0000000712c00000, 0x0000000712c00000, 0x0000000712e00000|  0%| F|  |TAMS 0x0000000712c00000| PB 0x0000000712c00000| Untracked |  0
|  48|0x0000000712e00000, 0x0000000712e00000, 0x0000000713000000|  0%| F|  |TAMS 0x0000000712e00000| PB 0x0000000712e00000| Untracked |  0
|  49|0x0000000713000000, 0x00000007130b9320, 0x0000000713200000| 36%| S|CS|TAMS 0x0000000713000000| PB 0x0000000713000000| Complete |  0
|  50|0x0000000713200000, 0x0000000713200000, 0x0000000713400000|  0%| F|  |TAMS 0x0000000713200000| PB 0x0000000713200000| Untracked |  0
|  51|0x0000000713400000, 0x0000000713400000, 0x0000000713600000|  0%| F|  |TAMS 0x0000000713400000| PB 0x0000000713400000| Untracked |  0
|  52|0x0000000713600000, 0x0000000713600000, 0x0000000713800000|  0%| F|  |TAMS 0x0000000713600000| PB 0x0000000713600000| Untracked |  0
|  53|0x0000000713800000, 0x0000000713800000, 0x0000000713a00000|  0%| F|  |TAMS 0x0000000713800000| PB 0x0000000713800000| Untracked |  0
|  54|0x0000000713a00000, 0x0000000713a00000, 0x0000000713c00000|  0%| F|  |TAMS 0x0000000713a00000| PB 0x0000000713a00000| Untracked |  0
|  55|0x0000000713c00000, 0x0000000713c00000, 0x0000000713e00000|  0%| F|  |TAMS 0x0000000713c00000| PB 0x0000000713c00000| Untracked |  0
|  56|0x0000000713e00000, 0x0000000713e00000, 0x0000000714000000|  0%| F|  |TAMS 0x0000000713e00000| PB 0x0000000713e00000| Untracked |  0
|  57|0x0000000714000000, 0x0000000714000000, 0x0000000714200000|  0%| F|  |TAMS 0x0000000714000000| PB 0x0000000714000000| Untracked |  0
|  58|0x0000000714200000, 0x0000000714200000, 0x0000000714400000|  0%| F|  |TAMS 0x0000000714200000| PB 0x0000000714200000| Untracked |  0
|  59|0x0000000714400000, 0x0000000714400000, 0x0000000714600000|  0%| F|  |TAMS 0x0000000714400000| PB 0x0000000714400000| Untracked |  0
|  60|0x0000000714600000, 0x0000000714600000, 0x0000000714800000|  0%| F|  |TAMS 0x0000000714600000| PB 0x0000000714600000| Untracked |  0
|  61|0x0000000714800000, 0x0000000714800000, 0x0000000714a00000|  0%| F|  |TAMS 0x0000000714800000| PB 0x0000000714800000| Untracked |  0
|  62|0x0000000714a00000, 0x0000000714a00000, 0x0000000714c00000|  0%| F|  |TAMS 0x0000000714a00000| PB 0x0000000714a00000| Untracked |  0
|  63|0x0000000714c00000, 0x0000000714c00000, 0x0000000714e00000|  0%| F|  |TAMS 0x0000000714c00000| PB 0x0000000714c00000| Untracked |  0
|  64|0x0000000714e00000, 0x0000000714e00000, 0x0000000715000000|  0%| F|  |TAMS 0x0000000714e00000| PB 0x0000000714e00000| Untracked |  0
|  65|0x0000000715000000, 0x0000000715000000, 0x0000000715200000|  0%| F|  |TAMS 0x0000000715000000| PB 0x0000000715000000| Untracked |  0
|  66|0x0000000715200000, 0x0000000715200000, 0x0000000715400000|  0%| F|  |TAMS 0x0000000715200000| PB 0x0000000715200000| Untracked |  0
|  67|0x0000000715400000, 0x0000000715400000, 0x0000000715600000|  0%| F|  |TAMS 0x0000000715400000| PB 0x0000000715400000| Untracked |  0
|  68|0x0000000715600000, 0x0000000715600000, 0x0000000715800000|  0%| F|  |TAMS 0x0000000715600000| PB 0x0000000715600000| Untracked |  0
|  69|0x0000000715800000, 0x0000000715800000, 0x0000000715a00000|  0%| F|  |TAMS 0x0000000715800000| PB 0x0000000715800000| Untracked |  0
|  70|0x0000000715a00000, 0x0000000715a00000, 0x0000000715c00000|  0%| F|  |TAMS 0x0000000715a00000| PB 0x0000000715a00000| Untracked |  0
|  71|0x0000000715c00000, 0x0000000715c00000, 0x0000000715e00000|  0%| F|  |TAMS 0x0000000715c00000| PB 0x0000000715c00000| Untracked |  0
|  72|0x0000000715e00000, 0x0000000715e00000, 0x0000000716000000|  0%| F|  |TAMS 0x0000000715e00000| PB 0x0000000715e00000| Untracked |  0
|  73|0x0000000716000000, 0x0000000716000000, 0x0000000716200000|  0%| F|  |TAMS 0x0000000716000000| PB 0x0000000716000000| Untracked |  0
|  74|0x0000000716200000, 0x0000000716200000, 0x0000000716400000|  0%| F|  |TAMS 0x0000000716200000| PB 0x0000000716200000| Untracked |  0
|  75|0x0000000716400000, 0x0000000716400000, 0x0000000716600000|  0%| F|  |TAMS 0x0000000716400000| PB 0x0000000716400000| Untracked |  0
|  76|0x0000000716600000, 0x0000000716600000, 0x0000000716800000|  0%| F|  |TAMS 0x0000000716600000| PB 0x0000000716600000| Untracked |  0
|  77|0x0000000716800000, 0x0000000716800000, 0x0000000716a00000|  0%| F|  |TAMS 0x0000000716800000| PB 0x0000000716800000| Untracked |  0
|  78|0x0000000716a00000, 0x0000000716a00000, 0x0000000716c00000|  0%| F|  |TAMS 0x0000000716a00000| PB 0x0000000716a00000| Untracked |  0
|  79|0x0000000716c00000, 0x0000000716c00000, 0x0000000716e00000|  0%| F|  |TAMS 0x0000000716c00000| PB 0x0000000716c00000| Untracked |  0
|  80|0x0000000716e00000, 0x0000000716e00000, 0x0000000717000000|  0%| F|  |TAMS 0x0000000716e00000| PB 0x0000000716e00000| Untracked |  0
|  81|0x0000000717000000, 0x0000000717000000, 0x0000000717200000|  0%| F|  |TAMS 0x0000000717000000| PB 0x0000000717000000| Untracked |  0
|  82|0x0000000717200000, 0x0000000717200000, 0x0000000717400000|  0%| F|  |TAMS 0x0000000717200000| PB 0x0000000717200000| Untracked |  0
|  83|0x0000000717400000, 0x0000000717400000, 0x0000000717600000|  0%| F|  |TAMS 0x0000000717400000| PB 0x0000000717400000| Untracked |  0
|  84|0x0000000717600000, 0x0000000717600000, 0x0000000717800000|  0%| F|  |TAMS 0x0000000717600000| PB 0x0000000717600000| Untracked |  0
|  85|0x0000000717800000, 0x0000000717800000, 0x0000000717a00000|  0%| F|  |TAMS 0x0000000717800000| PB 0x0000000717800000| Untracked |  0
|  86|0x0000000717a00000, 0x0000000717a00000, 0x0000000717c00000|  0%| F|  |TAMS 0x0000000717a00000| PB 0x0000000717a00000| Untracked |  0
|  87|0x0000000717c00000, 0x0000000717c00000, 0x0000000717e00000|  0%| F|  |TAMS 0x0000000717c00000| PB 0x0000000717c00000| Untracked |  0
|  88|0x0000000717e00000, 0x0000000717e00000, 0x0000000718000000|  0%| F|  |TAMS 0x0000000717e00000| PB 0x0000000717e00000| Untracked |  0
|  89|0x0000000718000000, 0x0000000718000000, 0x0000000718200000|  0%| F|  |TAMS 0x0000000718000000| PB 0x0000000718000000| Untracked |  0
|  90|0x0000000718200000, 0x0000000718200000, 0x0000000718400000|  0%| F|  |TAMS 0x0000000718200000| PB 0x0000000718200000| Untracked |  0
|  91|0x0000000718400000, 0x00000007185b8560, 0x0000000718600000| 86%| E|  |TAMS 0x0000000718400000| PB 0x0000000718400000| Complete |  0
|  92|0x0000000718600000, 0x0000000718800000, 0x0000000718800000|100%| E|CS|TAMS 0x0000000718600000| PB 0x0000000718600000| Complete |  0
|  93|0x0000000718800000, 0x0000000718a00000, 0x0000000718a00000|100%| E|CS|TAMS 0x0000000718800000| PB 0x0000000718800000| Complete |  0
|  94|0x0000000718a00000, 0x0000000718c00000, 0x0000000718c00000|100%| E|CS|TAMS 0x0000000718a00000| PB 0x0000000718a00000| Complete |  0
|  95|0x0000000718c00000, 0x0000000718e00000, 0x0000000718e00000|100%| E|CS|TAMS 0x0000000718c00000| PB 0x0000000718c00000| Complete |  0
|  96|0x0000000718e00000, 0x0000000719000000, 0x0000000719000000|100%| E|CS|TAMS 0x0000000718e00000| PB 0x0000000718e00000| Complete |  0
|  97|0x0000000719000000, 0x0000000719200000, 0x0000000719200000|100%| E|CS|TAMS 0x0000000719000000| PB 0x0000000719000000| Complete |  0
|  98|0x0000000719200000, 0x0000000719400000, 0x0000000719400000|100%| E|CS|TAMS 0x0000000719200000| PB 0x0000000719200000| Complete |  0
|  99|0x0000000719400000, 0x0000000719600000, 0x0000000719600000|100%| E|CS|TAMS 0x0000000719400000| PB 0x0000000719400000| Complete |  0
| 100|0x0000000719600000, 0x0000000719800000, 0x0000000719800000|100%| E|CS|TAMS 0x0000000719600000| PB 0x0000000719600000| Complete |  0
| 101|0x0000000719800000, 0x0000000719a00000, 0x0000000719a00000|100%| E|CS|TAMS 0x0000000719800000| PB 0x0000000719800000| Complete |  0
| 102|0x0000000719a00000, 0x0000000719c00000, 0x0000000719c00000|100%| E|CS|TAMS 0x0000000719a00000| PB 0x0000000719a00000| Complete |  0
| 103|0x0000000719c00000, 0x0000000719e00000, 0x0000000719e00000|100%| E|CS|TAMS 0x0000000719c00000| PB 0x0000000719c00000| Complete |  0
| 104|0x0000000719e00000, 0x000000071a000000, 0x000000071a000000|100%| E|CS|TAMS 0x0000000719e00000| PB 0x0000000719e00000| Complete |  0
| 105|0x000000071a000000, 0x000000071a200000, 0x000000071a200000|100%| E|CS|TAMS 0x000000071a000000| PB 0x000000071a000000| Complete |  0
| 106|0x000000071a200000, 0x000000071a400000, 0x000000071a400000|100%| E|CS|TAMS 0x000000071a200000| PB 0x000000071a200000| Complete |  0
| 107|0x000000071a400000, 0x000000071a600000, 0x000000071a600000|100%| E|CS|TAMS 0x000000071a400000| PB 0x000000071a400000| Complete |  0
| 108|0x000000071a600000, 0x000000071a800000, 0x000000071a800000|100%| E|CS|TAMS 0x000000071a600000| PB 0x000000071a600000| Complete |  0
| 109|0x000000071a800000, 0x000000071aa00000, 0x000000071aa00000|100%| E|CS|TAMS 0x000000071a800000| PB 0x000000071a800000| Complete |  0
| 110|0x000000071aa00000, 0x000000071ac00000, 0x000000071ac00000|100%| E|CS|TAMS 0x000000071aa00000| PB 0x000000071aa00000| Complete |  0
| 111|0x000000071ac00000, 0x000000071ae00000, 0x000000071ae00000|100%| E|CS|TAMS 0x000000071ac00000| PB 0x000000071ac00000| Complete |  0
| 112|0x000000071ae00000, 0x000000071b000000, 0x000000071b000000|100%| E|CS|TAMS 0x000000071ae00000| PB 0x000000071ae00000| Complete |  0
| 113|0x000000071b000000, 0x000000071b200000, 0x000000071b200000|100%| E|CS|TAMS 0x000000071b000000| PB 0x000000071b000000| Complete |  0
| 114|0x000000071b200000, 0x000000071b400000, 0x000000071b400000|100%| E|CS|TAMS 0x000000071b200000| PB 0x000000071b200000| Complete |  0
| 115|0x000000071b400000, 0x000000071b600000, 0x000000071b600000|100%| E|CS|TAMS 0x000000071b400000| PB 0x000000071b400000| Complete |  0
| 116|0x000000071b600000, 0x000000071b800000, 0x000000071b800000|100%| E|CS|TAMS 0x000000071b600000| PB 0x000000071b600000| Complete |  0
| 117|0x000000071b800000, 0x000000071ba00000, 0x000000071ba00000|100%| E|CS|TAMS 0x000000071b800000| PB 0x000000071b800000| Complete |  0
| 118|0x000000071ba00000, 0x000000071bc00000, 0x000000071bc00000|100%| E|CS|TAMS 0x000000071ba00000| PB 0x000000071ba00000| Complete |  0
| 119|0x000000071bc00000, 0x000000071be00000, 0x000000071be00000|100%| E|CS|TAMS 0x000000071bc00000| PB 0x000000071bc00000| Complete |  0
| 120|0x000000071be00000, 0x000000071c000000, 0x000000071c000000|100%| E|CS|TAMS 0x000000071be00000| PB 0x000000071be00000| Complete |  0
| 121|0x000000071c000000, 0x000000071c200000, 0x000000071c200000|100%| E|CS|TAMS 0x000000071c000000| PB 0x000000071c000000| Complete |  0

Card table byte_map: [0x0000016bab210000,0x0000016bab9b0000] _byte_map_base: 0x0000016ba79a9000

Marking Bits: (CMBitMap*) 0x0000016b932341c0
 Bits: [0x0000016bab9b0000, 0x0000016baf678000)

Polling page: 0x0000016b91100000

Metaspace:

Usage:
  Non-class:     10.41 MB used.
      Class:      1.18 MB used.
       Both:     11.59 MB used.

Virtual space:
  Non-class space:       64.00 MB reserved,      10.62 MB ( 17%) committed,  1 nodes.
      Class space:        1.00 GB reserved,       1.31 MB ( <1%) committed,  1 nodes.
             Both:        1.06 GB reserved,      11.94 MB (  1%) committed. 

Chunk freelists:
   Non-Class:  4.68 MB
       Class:  14.59 MB
        Both:  19.28 MB

MaxMetaspaceSize: unlimited
CompressedClassSpaceSize: 1.00 GB
Initial GC threshold: 21.00 MB
Current GC threshold: 21.00 MB
CDS: on
 - commit_granule_bytes: 65536.
 - commit_granule_words: 8192.
 - virtual_space_node_default_size: 8388608.
 - enlarge_chunks_in_place: 1.
 - use_allocation_guard: 0.


Internal statistics:

num_allocs_failed_limit: 0.
num_arena_births: 310.
num_arena_deaths: 0.
num_vsnodes_births: 2.
num_vsnodes_deaths: 0.
num_space_committed: 190.
num_space_uncommitted: 0.
num_chunks_returned_to_freelist: 0.
num_chunks_taken_from_freelist: 488.
num_chunk_merges: 0.
num_chunk_splits: 284.
num_chunks_enlarged: 113.
num_inconsistent_stats: 0.

CodeHeap 'non-profiled nmethods': size=120000Kb used=3425Kb max_used=3425Kb free=116574Kb
 bounds [0x0000016ba2ff0000, 0x0000016ba3350000, 0x0000016baa520000]
CodeHeap 'profiled nmethods': size=120000Kb used=5633Kb max_used=5633Kb free=114366Kb
 bounds [0x0000016b9b520000, 0x0000016b9bab0000, 0x0000016ba2a50000]
CodeHeap 'non-nmethods': size=5760Kb used=1828Kb max_used=1885Kb free=3931Kb
 bounds [0x0000016ba2a50000, 0x0000016ba2cc0000, 0x0000016ba2ff0000]
 total_blobs=3926 nmethods=3246 adapters=584
 compilation: enabled
              stopped_count=0, restarted_count=0
 full_count=0

Compilation events (20 events):
Event: 106.026 Thread 0x0000016bb2317750 3239       3       java.io.BufferedWriter::growIfNeeded (63 bytes)
Event: 106.026 Thread 0x0000016bb2317750 nmethod 3239 0x0000016b9ba9be90 code [0x0000016b9ba9c040, 0x0000016b9ba9c330]
Event: 106.026 Thread 0x0000016bb2317750 3240       3       java.io.BufferedWriter::min (9 bytes)
Event: 106.026 Thread 0x0000016bb2317750 nmethod 3240 0x0000016b9ba9c410 code [0x0000016b9ba9c5a0, 0x0000016b9ba9c708]
Event: 106.026 Thread 0x0000016bb2317750 3241       3       java.io.BufferedWriter::newLine (8 bytes)
Event: 106.026 Thread 0x0000016bb2317750 nmethod 3241 0x0000016b9ba9c790 code [0x0000016b9ba9c960, 0x0000016b9ba9cd10]
Event: 106.026 Thread 0x0000016bb2317750 3242       3       java.lang.System::lineSeparator (4 bytes)
Event: 106.026 Thread 0x0000016bb2317750 nmethod 3242 0x0000016b9ba9ce90 code [0x0000016b9ba9d020, 0x0000016b9ba9d120]
Event: 106.026 Thread 0x0000016bb2317750 3243       3       java.nio.ByteBuffer::arrayOffset (35 bytes)
Event: 106.026 Thread 0x0000016bb2317750 nmethod 3243 0x0000016b9ba9d190 code [0x0000016b9ba9d360, 0x0000016b9ba9d630]
Event: 106.027 Thread 0x0000016bb2317750 3244       3       java.lang.invoke.LambdaForm$MH/0x0000016bb4009400::invoke (110 bytes)
Event: 106.027 Thread 0x0000016bb2317750 nmethod 3244 0x0000016b9ba9d790 code [0x0000016b9ba9d9c0, 0x0000016b9ba9e720]
Event: 106.027 Thread 0x0000016bb2317750 3246       3       java.lang.invoke.LambdaForm$MH/0x0000016bb400a400::invoke (32 bytes)
Event: 106.027 Thread 0x0000016bb2317750 nmethod 3246 0x0000016b9ba9ea90 code [0x0000016b9ba9ec40, 0x0000016b9ba9f050]
Event: 106.027 Thread 0x0000016bb2317750 3247       3       java.lang.invoke.DirectMethodHandle$Holder::invokeStatic (21 bytes)
Event: 106.027 Thread 0x0000016bb2317750 nmethod 3247 0x0000016b9ba9f190 code [0x0000016b9ba9f360, 0x0000016b9ba9f750]
Event: 106.027 Thread 0x0000016bb2317750 3245       3       java.lang.invoke.LambdaForm$MH/0x0000016bb4008c00::invoke (46 bytes)
Event: 106.027 Thread 0x0000016bb2317750 nmethod 3245 0x0000016b9ba9f890 code [0x0000016b9ba9fa60, 0x0000016b9ba9ffe8]
Event: 106.027 Thread 0x0000016bb2317750 3248       3       java.util.concurrent.locks.AbstractQueuedSynchronizer::<init> (5 bytes)
Event: 106.027 Thread 0x0000016bb2317750 nmethod 3248 0x0000016b9baa0190 code [0x0000016b9baa0340, 0x0000016b9baa0508]

GC Heap History (20 events):
Event: 1.462 GC heap before
{Heap before GC invocations=0 (full 0):
 garbage-first heap   total reserved 3983360K, committed 249856K, used 24576K [0x000000070ce00000, 0x0000000800000000)
  region size 2048K, 12 young (24576K), 0 survivors (0K)
 Metaspace       used 9498K, committed 9728K, reserved 1114112K
  class space    used 957K, committed 1024K, reserved 1048576K
}
Event: 1.465 GC heap after
{Heap after GC invocations=1 (full 0):
 garbage-first heap   total reserved 3983360K, committed 249856K, used 3977K [0x000000070ce00000, 0x0000000800000000)
  region size 2048K, 2 young (4096K), 2 survivors (4096K)
 Metaspace       used 9498K, committed 9728K, reserved 1114112K
  class space    used 957K, committed 1024K, reserved 1048576K
}
Event: 4.804 GC heap before
{Heap before GC invocations=1 (full 0):
 garbage-first heap   total reserved 3983360K, committed 249856K, used 42889K [0x000000070ce00000, 0x0000000800000000)
  region size 2048K, 21 young (43008K), 2 survivors (4096K)
 Metaspace       used 9545K, committed 9728K, reserved 1114112K
  class space    used 958K, committed 1024K, reserved 1048576K
}
Event: 4.806 GC heap after
{Heap after GC invocations=2 (full 0):
 garbage-first heap   total reserved 3983360K, committed 249856K, used 4379K [0x000000070ce00000, 0x0000000800000000)
  region size 2048K, 1 young (2048K), 1 survivors (2048K)
 Metaspace       used 9545K, committed 9728K, reserved 1114112K
  class space    used 958K, committed 1024K, reserved 1048576K
}
Event: 13.943 GC heap before
{Heap before GC invocations=2 (full 0):
 garbage-first heap   total reserved 3983360K, committed 249856K, used 151835K [0x000000070ce00000, 0x0000000800000000)
  region size 2048K, 73 young (149504K), 1 survivors (2048K)
 Metaspace       used 11544K, committed 11840K, reserved 1114112K
  class space    used 1187K, committed 1344K, reserved 1048576K
}
Event: 13.944 GC heap after
{Heap after GC invocations=3 (full 0):
 garbage-first heap   total reserved 3983360K, committed 249856K, used 4504K [0x000000070ce00000, 0x0000000800000000)
  region size 2048K, 1 young (2048K), 1 survivors (2048K)
 Metaspace       used 11544K, committed 11840K, reserved 1114112K
  class space    used 1187K, committed 1344K, reserved 1048576K
}
Event: 25.513 GC heap before
{Heap before GC invocations=3 (full 0):
 garbage-first heap   total reserved 3983360K, committed 249856K, used 151960K [0x000000070ce00000, 0x0000000800000000)
  region size 2048K, 73 young (149504K), 1 survivors (2048K)
 Metaspace       used 11550K, committed 11840K, reserved 1114112K
  class space    used 1187K, committed 1344K, reserved 1048576K
}
Event: 25.514 GC heap after
{Heap after GC invocations=4 (full 0):
 garbage-first heap   total reserved 3983360K, committed 249856K, used 4490K [0x000000070ce00000, 0x0000000800000000)
  region size 2048K, 1 young (2048K), 1 survivors (2048K)
 Metaspace       used 11550K, committed 11840K, reserved 1114112K
  class space    used 1187K, committed 1344K, reserved 1048576K
}
Event: 36.130 GC heap before
{Heap before GC invocations=4 (full 0):
 garbage-first heap   total reserved 3983360K, committed 249856K, used 151946K [0x000000070ce00000, 0x0000000800000000)
  region size 2048K, 73 young (149504K), 1 survivors (2048K)
 Metaspace       used 11553K, committed 11840K, reserved 1114112K
  class space    used 1187K, committed 1344K, reserved 1048576K
}
Event: 36.131 GC heap after
{Heap after GC invocations=5 (full 0):
 garbage-first heap   total reserved 3983360K, committed 249856K, used 4463K [0x000000070ce00000, 0x0000000800000000)
  region size 2048K, 1 young (2048K), 1 survivors (2048K)
 Metaspace       used 11553K, committed 11840K, reserved 1114112K
  class space    used 1187K, committed 1344K, reserved 1048576K
}
Event: 46.683 GC heap before
{Heap before GC invocations=5 (full 0):
 garbage-first heap   total reserved 3983360K, committed 249856K, used 151919K [0x000000070ce00000, 0x0000000800000000)
  region size 2048K, 73 young (149504K), 1 survivors (2048K)
 Metaspace       used 11554K, committed 11840K, reserved 1114112K
  class space    used 1187K, committed 1344K, reserved 1048576K
}
Event: 46.684 GC heap after
{Heap after GC invocations=6 (full 0):
 garbage-first heap   total reserved 3983360K, committed 249856K, used 4467K [0x000000070ce00000, 0x0000000800000000)
  region size 2048K, 1 young (2048K), 1 survivors (2048K)
 Metaspace       used 11554K, committed 11840K, reserved 1114112K
  class space    used 1187K, committed 1344K, reserved 1048576K
}
Event: 57.359 GC heap before
{Heap before GC invocations=6 (full 0):
 garbage-first heap   total reserved 3983360K, committed 249856K, used 151923K [0x000000070ce00000, 0x0000000800000000)
  region size 2048K, 73 young (149504K), 1 survivors (2048K)
 Metaspace       used 11556K, committed 11840K, reserved 1114112K
  class space    used 1187K, committed 1344K, reserved 1048576K
}
Event: 57.360 GC heap after
{Heap after GC invocations=7 (full 0):
 garbage-first heap   total reserved 3983360K, committed 249856K, used 4472K [0x000000070ce00000, 0x0000000800000000)
  region size 2048K, 1 young (2048K), 1 survivors (2048K)
 Metaspace       used 11556K, committed 11840K, reserved 1114112K
  class space    used 1187K, committed 1344K, reserved 1048576K
}
Event: 68.687 GC heap before
{Heap before GC invocations=7 (full 0):
 garbage-first heap   total reserved 3983360K, committed 249856K, used 151928K [0x000000070ce00000, 0x0000000800000000)
  region size 2048K, 73 young (149504K), 1 survivors (2048K)
 Metaspace       used 11613K, committed 11904K, reserved 1114112K
  class space    used 1194K, committed 1344K, reserved 1048576K
}
Event: 68.687 GC heap after
{Heap after GC invocations=8 (full 0):
 garbage-first heap   total reserved 3983360K, committed 249856K, used 4470K [0x000000070ce00000, 0x0000000800000000)
  region size 2048K, 1 young (2048K), 1 survivors (2048K)
 Metaspace       used 11613K, committed 11904K, reserved 1114112K
  class space    used 1194K, committed 1344K, reserved 1048576K
}
Event: 79.224 GC heap before
{Heap before GC invocations=8 (full 0):
 garbage-first heap   total reserved 3983360K, committed 249856K, used 151926K [0x000000070ce00000, 0x0000000800000000)
  region size 2048K, 73 young (149504K), 1 survivors (2048K)
 Metaspace       used 11616K, committed 11904K, reserved 1114112K
  class space    used 1194K, committed 1344K, reserved 1048576K
}
Event: 79.225 GC heap after
{Heap after GC invocations=9 (full 0):
 garbage-first heap   total reserved 3983360K, committed 249856K, used 4454K [0x000000070ce00000, 0x0000000800000000)
  region size 2048K, 1 young (2048K), 1 survivors (2048K)
 Metaspace       used 11616K, committed 11904K, reserved 1114112K
  class space    used 1194K, committed 1344K, reserved 1048576K
}
Event: 101.562 GC heap before
{Heap before GC invocations=9 (full 0):
 garbage-first heap   total reserved 3983360K, committed 249856K, used 162150K [0x000000070ce00000, 0x0000000800000000)
  region size 2048K, 73 young (149504K), 1 survivors (2048K)
 Metaspace       used 11846K, committed 12160K, reserved 1114112K
  class space    used 1206K, committed 1344K, reserved 1048576K
}
Event: 101.563 GC heap after
{Heap after GC invocations=10 (full 0):
 garbage-first heap   total reserved 3983360K, committed 249856K, used 14769K [0x000000070ce00000, 0x0000000800000000)
  region size 2048K, 1 young (2048K), 1 survivors (2048K)
 Metaspace       used 11846K, committed 12160K, reserved 1114112K
  class space    used 1206K, committed 1344K, reserved 1048576K
}

Dll operation events (15 events):
Event: 0.010 Loaded shared library C:\Program Files\Java\jdk-22\bin\java.dll
Event: 0.039 Loaded shared library C:\Program Files\Java\jdk-22\bin\jsvml.dll
Event: 0.076 Loaded shared library C:\Program Files\Java\jdk-22\bin\zip.dll
Event: 0.080 Loaded shared library C:\Program Files\Java\jdk-22\bin\instrument.dll
Event: 0.084 Loaded shared library C:\Program Files\Java\jdk-22\bin\net.dll
Event: 0.086 Loaded shared library C:\Program Files\Java\jdk-22\bin\nio.dll
Event: 0.089 Loaded shared library C:\Program Files\Java\jdk-22\bin\zip.dll
Event: 0.115 Loaded shared library C:\Program Files\JetBrains\IntelliJ IDEA Community Edition 2024.1\bin\breakgen64.dll
Event: 0.121 Loaded shared library C:\Program Files\Java\jdk-22\bin\extnet.dll
Event: 0.125 Loaded shared library C:\Program Files\Java\jdk-22\bin\jimage.dll
Event: 0.135 Loaded shared library C:\Program Files\Java\jdk-22\bin\awt.dll
Event: 0.446 Loaded shared library C:\Users\OhLoo\.m2\repository\com\github\kwhat\jnativehook\2.2.2\JNativeHook-2.2.2.x86_64.dll
Event: 0.497 Loaded shared library C:\Program Files\Java\jdk-22\bin\freetype.dll
Event: 0.498 Loaded shared library C:\Program Files\Java\jdk-22\bin\fontmanager.dll
Event: 6.083 Loaded shared library C:\Users\OhLoo\AppData\Local\Temp\jna-76133011\jna12428310500444049589.dll

Deoptimization events (20 events):
Event: 106.023 Thread 0x0000016b88a496d0 Uncommon trap: trap_request=0xffffffde fr.pc=0x0000016ba310768c relative=0x000000000000006c
Event: 106.023 Thread 0x0000016b88a496d0 Uncommon trap: reason=class_check action=maybe_recompile pc=0x0000016ba310768c method=java.lang.invoke.Invokers$Holder.linkToTargetMethod(Ljava/lang/Object;Ljava/lang/Object;Ljava/lang/Object;)Ljava/lang/Object; @ 1 c2
Event: 106.023 Thread 0x0000016b88a496d0 DEOPT PACKING pc=0x0000016ba310768c sp=0x00000018dc6fe660
Event: 106.023 Thread 0x0000016b88a496d0 DEOPT UNPACKING pc=0x0000016ba2aa7da2 sp=0x00000018dc6fe5e8 mode 2
Event: 106.023 Thread 0x0000016b88a496d0 Uncommon trap: trap_request=0xffffffde fr.pc=0x0000016ba310768c relative=0x000000000000006c
Event: 106.023 Thread 0x0000016b88a496d0 Uncommon trap: reason=class_check action=maybe_recompile pc=0x0000016ba310768c method=java.lang.invoke.Invokers$Holder.linkToTargetMethod(Ljava/lang/Object;Ljava/lang/Object;Ljava/lang/Object;)Ljava/lang/Object; @ 1 c2
Event: 106.023 Thread 0x0000016b88a496d0 DEOPT PACKING pc=0x0000016ba310768c sp=0x00000018dc6fe660
Event: 106.023 Thread 0x0000016b88a496d0 DEOPT UNPACKING pc=0x0000016ba2aa7da2 sp=0x00000018dc6fe5e8 mode 2
Event: 106.023 Thread 0x0000016b88a496d0 Uncommon trap: trap_request=0xffffffde fr.pc=0x0000016ba310768c relative=0x000000000000006c
Event: 106.023 Thread 0x0000016b88a496d0 Uncommon trap: reason=class_check action=maybe_recompile pc=0x0000016ba310768c method=java.lang.invoke.Invokers$Holder.linkToTargetMethod(Ljava/lang/Object;Ljava/lang/Object;Ljava/lang/Object;)Ljava/lang/Object; @ 1 c2
Event: 106.023 Thread 0x0000016b88a496d0 DEOPT PACKING pc=0x0000016ba310768c sp=0x00000018dc6fe660
Event: 106.023 Thread 0x0000016b88a496d0 DEOPT UNPACKING pc=0x0000016ba2aa7da2 sp=0x00000018dc6fe5e8 mode 2
Event: 106.028 Thread 0x0000016b88a4ec20 Uncommon trap: trap_request=0xffffffde fr.pc=0x0000016ba31bf6c8 relative=0x0000000000000888
Event: 106.028 Thread 0x0000016b88a4ec20 Uncommon trap: reason=class_check action=maybe_recompile pc=0x0000016ba31bf6c8 method=java.util.logging.LogManager$LoggerContext.findLogger(Ljava/lang/String;)Ljava/util/logging/Logger; @ 24 c2
Event: 106.028 Thread 0x0000016b88a4ec20 DEOPT PACKING pc=0x0000016ba31bf6c8 sp=0x00000018dd2ff040
Event: 106.028 Thread 0x0000016b88a4ec20 DEOPT UNPACKING pc=0x0000016ba2aa7da2 sp=0x00000018dd2ff000 mode 2
Event: 106.028 Thread 0x0000016b88a4ec20 Uncommon trap: trap_request=0xffffffde fr.pc=0x0000016ba31bf6c8 relative=0x0000000000000888
Event: 106.028 Thread 0x0000016b88a4ec20 Uncommon trap: reason=class_check action=maybe_recompile pc=0x0000016ba31bf6c8 method=java.util.logging.LogManager$LoggerContext.findLogger(Ljava/lang/String;)Ljava/util/logging/Logger; @ 24 c2
Event: 106.028 Thread 0x0000016b88a4ec20 DEOPT PACKING pc=0x0000016ba31bf6c8 sp=0x00000018dd2ff040
Event: 106.028 Thread 0x0000016b88a4ec20 DEOPT UNPACKING pc=0x0000016ba2aa7da2 sp=0x00000018dd2ff000 mode 2

Classes loaded (20 events):
Event: 58.553 Loading class java/awt/event/AWTEventListenerProxy
Event: 58.553 Loading class java/awt/event/AWTEventListenerProxy done
Event: 58.553 Loading class java/awt/Toolkit$SelectiveAWTEventListener
Event: 58.553 Loading class java/awt/Toolkit$SelectiveAWTEventListener done
Event: 58.553 Loading class java/awt/Toolkit$ToolkitEventMulticaster
Event: 58.553 Loading class java/awt/Toolkit$ToolkitEventMulticaster done
Event: 58.553 Loading class java/awt/event/ContainerEvent
Event: 58.553 Loading class java/awt/event/ContainerEvent done
Event: 59.149 Loading class java/awt/LightweightDispatcher$2
Event: 59.149 Loading class java/awt/LightweightDispatcher$2 done
Event: 82.026 Loading class javax/swing/RepaintManager$DoubleBufferInfo
Event: 82.026 Loading class javax/swing/RepaintManager$DoubleBufferInfo done
Event: 82.027 Loading class sun/awt/image/OffScreenImage
Event: 82.027 Loading class sun/awt/image/OffScreenImage done
Event: 82.192 Loading class java/util/WeakHashMap$KeyIterator
Event: 82.192 Loading class java/util/WeakHashMap$HashIterator
Event: 82.192 Loading class java/util/WeakHashMap$HashIterator done
Event: 82.192 Loading class java/util/WeakHashMap$KeyIterator done
Event: 82.204 Loading class javax/swing/RepaintManager$DisplayChangedRunnable
Event: 82.204 Loading class javax/swing/RepaintManager$DisplayChangedRunnable done

Classes unloaded (0 events):
No events

Classes redefined (0 events):
No events

Internal exceptions (20 events):
Event: 0.483 Thread 0x0000016bf8074890 Exception <a 'java/lang/NoSuchMethodError'{0x000000071ba0fa08}: 'void java.lang.invoke.DirectMethodHandle$Holder.invokeVirtual(java.lang.Object, java.lang.Object)'> (0x000000071ba0fa08) 
thrown [s\open\src\hotspot\share\interpreter\linkResolver.cpp, line 774]
Event: 0.494 Thread 0x0000016b931ce5f0 Exception <a 'java/lang/NoSuchMethodError'{0x000000071b4f5c88}: 'void java.lang.invoke.DirectMethodHandle$Holder.invokeStaticInit(java.lang.Object)'> (0x000000071b4f5c88) 
thrown [s\open\src\hotspot\share\interpreter\linkResolver.cpp, line 774]
Event: 1.066 Thread 0x0000016bb22e2a50 Exception <a 'java/lang/NoSuchMethodError'{0x000000071ac76c30}: 'java.lang.Object java.lang.invoke.Invokers$Holder.invokeExact_MT(java.lang.Object, java.lang.Object, java.lang.Object, java.lang.Object, java.lang.Object, java.lang.Object)'> (0x000000071ac76c30) 
thrown [s\open\src\hotspot\share\interpreter\linkResolver.cpp, line 774]
Event: 3.746 Thread 0x0000016b88a496d0 Implicit null exception at 0x0000016ba30ca32a to 0x0000016ba30ca4f0
Event: 4.807 Thread 0x0000016b88a496d0 Implicit null exception at 0x0000016ba30789fa to 0x0000016ba307a564
Event: 5.667 Thread 0x0000016b88a496d0 Implicit null exception at 0x0000016ba309ac21 to 0x0000016ba309dca0
Event: 5.668 Thread 0x0000016b88a496d0 Implicit null exception at 0x0000016ba3093931 to 0x0000016ba3093bb4
Event: 6.064 Thread 0x0000016b88a496d0 Exception <a 'java/lang/NoSuchMethodError'{0x000000071b00a378}: 'java.lang.Object java.lang.invoke.DirectMethodHandle$Holder.invokeStaticInit(java.lang.Object, int, int, int, int)'> (0x000000071b00a378) 
thrown [s\open\src\hotspot\share\interpreter\linkResolver.cpp, line 774]
Event: 6.075 Thread 0x0000016b88a496d0 Exception <a 'java/lang/NoSuchMethodError'{0x000000071b0cfde8}: 'java.lang.Object java.lang.invoke.DirectMethodHandle$Holder.invokeStaticInit(java.lang.Object, java.lang.Object, int, int, int, int)'> (0x000000071b0cfde8) 
thrown [s\open\src\hotspot\share\interpreter\linkResolver.cpp, line 774]
Event: 6.091 Thread 0x0000016b88a496d0 Implicit null exception at 0x0000016ba31289a4 to 0x0000016ba3129014
Event: 6.115 Thread 0x0000016b88a496d0 Exception <a 'java/lang/NoSuchMethodError'{0x000000071aeb1568}: 'int java.lang.invoke.DirectMethodHandle$Holder.invokeSpecial(java.lang.Object, java.lang.Object, java.lang.Object)'> (0x000000071aeb1568) 
thrown [s\open\src\hotspot\share\interpreter\linkResolver.cpp, line 774]
Event: 6.118 Thread 0x0000016b88a496d0 Exception <a 'java/lang/UnsatisfiedLinkError'{0x000000071aed3630}: The specified procedure could not be found.
> (0x000000071aed3630) 
thrown [s\open\src\hotspot\share\prims\jni.cpp, line 539]
Event: 6.125 Thread 0x0000016b88a496d0 Implicit null exception at 0x0000016ba3098f24 to 0x0000016ba30995bc
Event: 43.950 Thread 0x0000016b88a49040 Implicit null exception at 0x0000016ba31c061e to 0x0000016ba31c1ae8
Event: 73.966 Thread 0x0000016b88a49040 Implicit null exception at 0x0000016ba31c32fa to 0x0000016ba31c4d18
Event: 97.376 Thread 0x0000016b88a496d0 Implicit null exception at 0x0000016ba325f758 to 0x0000016ba3261418
Event: 97.379 Thread 0x0000016b88a496d0 Implicit null exception at 0x0000016ba327f50a to 0x0000016ba3282050
Event: 97.407 Thread 0x0000016b88a496d0 Implicit null exception at 0x0000016ba31b15ac to 0x0000016ba31b1c20
Event: 97.407 Thread 0x0000016b88a496d0 Implicit null exception at 0x0000016ba31b256e to 0x0000016ba31b2b78
Event: 97.417 Thread 0x0000016b88a496d0 Implicit null exception at 0x0000016ba30d5961 to 0x0000016ba30d5cd4

ZGC Phase Switch (0 events):
No events

VM Operations (20 events):
Event: 94.125 Executing VM operation: Cleanup
Event: 94.125 Executing VM operation: Cleanup done
Event: 95.126 Executing VM operation: Cleanup
Event: 95.126 Executing VM operation: Cleanup done
Event: 96.139 Executing VM operation: Cleanup
Event: 96.139 Executing VM operation: Cleanup done
Event: 97.142 Executing VM operation: Cleanup
Event: 97.142 Executing VM operation: Cleanup done
Event: 98.143 Executing VM operation: Cleanup
Event: 98.144 Executing VM operation: Cleanup done
Event: 99.149 Executing VM operation: Cleanup
Event: 99.149 Executing VM operation: Cleanup done
Event: 100.153 Executing VM operation: Cleanup
Event: 100.153 Executing VM operation: Cleanup done
Event: 101.168 Executing VM operation: Cleanup
Event: 101.168 Executing VM operation: Cleanup done
Event: 101.562 Executing VM operation: G1CollectForAllocation (G1 Evacuation Pause)
Event: 101.563 Executing VM operation: G1CollectForAllocation (G1 Evacuation Pause) done
Event: 102.572 Executing VM operation: Cleanup
Event: 102.572 Executing VM operation: Cleanup done

Memory protections (0 events):
No events

Nmethod flushes (0 events):
No events

Events (20 events):
Event: 6.031 Thread 0x0000016b8a410380 Thread exited: 0x0000016b8a410380
Event: 6.074 Thread 0x0000016bb2317750 Thread added: 0x0000016b8a41eaf0
Event: 6.092 Thread 0x0000016b88a496d0 Thread added: 0x0000016b88a49040
Event: 6.298 Thread 0x0000016bb2317750 Thread added: 0x0000016b8b3e10e0
Event: 7.255 Thread 0x0000016b8b3e10e0 Thread exited: 0x0000016b8b3e10e0
Event: 7.255 Thread 0x0000016b8a41eaf0 Thread exited: 0x0000016b8a41eaf0
Event: 10.858 Thread 0x0000016bb2316b70 Thread added: 0x0000016b8a44f130
Event: 13.944 Thread 0x0000016b8a44f130 Thread exited: 0x0000016b8a44f130
Event: 82.526 Thread 0x0000016bb2317750 Thread added: 0x0000016b88bec4c0
Event: 83.253 Thread 0x0000016b88bec4c0 Thread exited: 0x0000016b88bec4c0
Event: 99.830 Thread 0x0000016bb2317750 Thread added: 0x0000016b8b20e010
Event: 99.830 Thread 0x0000016bb2317750 Thread added: 0x0000016b8aa68010
Event: 99.956 Thread 0x0000016b8aa68010 Thread exited: 0x0000016b8aa68010
Event: 100.398 Thread 0x0000016b8b20e010 Thread exited: 0x0000016b8b20e010
Event: 106.027 Thread 0x0000016b88a496d0 Thread added: 0x0000016b88a4cb50
Event: 106.027 Thread 0x0000016b88a496d0 Thread added: 0x0000016b88a4ec20
Event: 106.027 Thread 0x0000016b88a496d0 Thread added: 0x0000016b88a4f940
Event: 106.028 Thread 0x0000016b88a4cb50 Thread exited: 0x0000016b88a4cb50
Event: 106.028 Thread 0x0000016b88a4ec20 Thread exited: 0x0000016b88a4ec20
Event: 106.028 Thread 0x0000016b88a4b7a0 Thread exited: 0x0000016b88a4b7a0


Dynamic libraries:
0x00007ff7067f0000 - 0x00007ff706800000 	C:\Program Files\Java\jdk-22\bin\java.exe
0x00007ffaea270000 - 0x00007ffaea487000 	C:\Windows\SYSTEM32\ntdll.dll
0x00007ffae9a80000 - 0x00007ffae9b44000 	C:\Windows\System32\KERNEL32.DLL
0x00007ffae7870000 - 0x00007ffae7c2a000 	C:\Windows\System32\KERNELBASE.dll
0x00007ffae7c30000 - 0x00007ffae7d41000 	C:\Windows\System32\ucrtbase.dll
0x00007ffae46a0000 - 0x00007ffae46b7000 	C:\Program Files\Java\jdk-22\bin\jli.dll
0x00007ffae83f0000 - 0x00007ffae859e000 	C:\Windows\System32\USER32.dll
0x00007ffae46e0000 - 0x00007ffae46fb000 	C:\Program Files\Java\jdk-22\bin\VCRUNTIME140.dll
0x00007ffae7540000 - 0x00007ffae7566000 	C:\Windows\System32\win32u.dll
0x00007ffad6210000 - 0x00007ffad64a2000 	C:\Windows\WinSxS\amd64_microsoft.windows.common-controls_6595b64144ccf1df_6.0.22621.4541_none_2710d1c57384c085\COMCTL32.dll
0x00007ffae9c60000 - 0x00007ffae9c89000 	C:\Windows\System32\GDI32.dll
0x00007ffae7dd0000 - 0x00007ffae7eeb000 	C:\Windows\System32\gdi32full.dll
0x00007ffae9530000 - 0x00007ffae95d7000 	C:\Windows\System32\msvcrt.dll
0x00007ffae7570000 - 0x00007ffae760a000 	C:\Windows\System32\msvcp_win.dll
0x00007ffae9740000 - 0x00007ffae9771000 	C:\Windows\System32\IMM32.DLL
0x00007ffae4690000 - 0x00007ffae469c000 	C:\Program Files\Java\jdk-22\bin\vcruntime140_1.dll
0x00007ffad5d20000 - 0x00007ffad5dae000 	C:\Program Files\Java\jdk-22\bin\msvcp140.dll
0x00007ffa99a80000 - 0x00007ffa9a7c9000 	C:\Program Files\Java\jdk-22\bin\server\jvm.dll
0x00007ffae85a0000 - 0x00007ffae8652000 	C:\Windows\System32\ADVAPI32.dll
0x00007ffae86b0000 - 0x00007ffae8757000 	C:\Windows\System32\sechost.dll
0x00007ffae7610000 - 0x00007ffae7638000 	C:\Windows\System32\bcrypt.dll
0x00007ffaea110000 - 0x00007ffaea224000 	C:\Windows\System32\RPCRT4.dll
0x00007ffaea010000 - 0x00007ffaea081000 	C:\Windows\System32\WS2_32.dll
0x00007ffae63d0000 - 0x00007ffae641d000 	C:\Windows\SYSTEM32\POWRPROF.dll
0x00007ffae3160000 - 0x00007ffae3194000 	C:\Windows\SYSTEM32\WINMM.dll
0x00007ffade900000 - 0x00007ffade90a000 	C:\Windows\SYSTEM32\VERSION.dll
0x00007ffae63b0000 - 0x00007ffae63c3000 	C:\Windows\SYSTEM32\UMPDC.dll
0x00007ffae6610000 - 0x00007ffae6628000 	C:\Windows\SYSTEM32\kernel.appcore.dll
0x00007ffae1790000 - 0x00007ffae179a000 	C:\Program Files\Java\jdk-22\bin\jimage.dll
0x00007ffae27d0000 - 0x00007ffae2a02000 	C:\Windows\SYSTEM32\DBGHELP.DLL
0x00007ffae87c0000 - 0x00007ffae8b4f000 	C:\Windows\System32\combase.dll
0x00007ffae9600000 - 0x00007ffae96d7000 	C:\Windows\System32\OLEAUT32.dll
0x00007ffade480000 - 0x00007ffade4b2000 	C:\Windows\SYSTEM32\dbgcore.DLL
0x00007ffae7d50000 - 0x00007ffae7dcb000 	C:\Windows\System32\bcryptPrimitives.dll
0x00007ffae1780000 - 0x00007ffae178f000 	C:\Program Files\Java\jdk-22\bin\instrument.dll
0x00007ffae07b0000 - 0x00007ffae07ce000 	C:\Program Files\Java\jdk-22\bin\java.dll
0x00007ffae8c20000 - 0x00007ffae9498000 	C:\Windows\System32\SHELL32.dll
0x00007ffae9c90000 - 0x00007ffae9e35000 	C:\Windows\System32\ole32.dll
0x00007ffae5450000 - 0x00007ffae5d58000 	C:\Windows\SYSTEM32\windows.storage.dll
0x00007ffae5310000 - 0x00007ffae544f000 	C:\Windows\SYSTEM32\wintypes.dll
0x00007ffae9b60000 - 0x00007ffae9c5a000 	C:\Windows\System32\SHCORE.dll
0x00007ffae8760000 - 0x00007ffae87be000 	C:\Windows\System32\shlwapi.dll
0x00007ffae7470000 - 0x00007ffae749b000 	C:\Windows\SYSTEM32\profapi.dll
0x00007ffad59d0000 - 0x00007ffad5aa7000 	C:\Program Files\Java\jdk-22\bin\jsvml.dll
0x00007ffadcc80000 - 0x00007ffadcc97000 	C:\Program Files\Java\jdk-22\bin\zip.dll
0x00007ffae07a0000 - 0x00007ffae07b0000 	C:\Program Files\Java\jdk-22\bin\net.dll
0x00007ffae6af0000 - 0x00007ffae6b59000 	C:\Windows\system32\mswsock.dll
0x00007ffae0780000 - 0x00007ffae0796000 	C:\Program Files\Java\jdk-22\bin\nio.dll
0x00007ffadcc60000 - 0x00007ffadcc7a000 	C:\Program Files\JetBrains\IntelliJ IDEA Community Edition 2024.1\bin\breakgen64.dll
0x00007ffae0770000 - 0x00007ffae0779000 	C:\Program Files\Java\jdk-22\bin\extnet.dll
0x00007ffaaf650000 - 0x00007ffaaf7de000 	C:\Program Files\Java\jdk-22\bin\awt.dll
0x00007ffae22a0000 - 0x00007ffae2337000 	C:\Windows\SYSTEM32\apphelp.dll
0x00007ffae4bb0000 - 0x00007ffae4bdb000 	C:\Windows\system32\DWMAPI.DLL
0x00007ffae4960000 - 0x00007ffae4a11000 	C:\Windows\system32\uxtheme.dll
0x00007ffa57760000 - 0x00007ffa57860000 	C:\Windows\system32\opengl32.dll
0x00007ffa66cd0000 - 0x00007ffa66cfd000 	C:\Windows\SYSTEM32\GLU32.dll
0x00007ffae4c20000 - 0x00007ffae4c57000 	C:\Windows\SYSTEM32\dxcore.dll
0x00007ffa9edb0000 - 0x00007ffa9eee3000 	C:\ProgramData\A-Volute\A-Volute.Nahimic\Modules\Scheduled\x64\AudioDevProps2.dll
0x00007ffae9910000 - 0x00007ffae9a71000 	C:\Windows\System32\MSCTF.dll
0x00007ffae4aa0000 - 0x00007ffae4b97000 	C:\Windows\SYSTEM32\dxgi.dll
0x00007ffad9e70000 - 0x00007ffad9e8a000 	C:\Users\OhLoo\.m2\repository\com\github\kwhat\jnativehook\2.2.2\JNativeHook-2.2.2.x86_64.dll
0x00007ffab97d0000 - 0x00007ffab97d9000 	C:\Windows\system32\KBDUS.DLL
0x00007ffad57e0000 - 0x00007ffad5867000 	C:\Program Files\Java\jdk-22\bin\freetype.dll
0x00007ffac97b0000 - 0x00007ffac9887000 	C:\Program Files\Java\jdk-22\bin\fontmanager.dll
0x00007ffabc010000 - 0x00007ffabc155000 	C:\Windows\SYSTEM32\textinputframework.dll
0x00007ffae1f10000 - 0x00007ffae2043000 	C:\Windows\SYSTEM32\CoreMessaging.dll
0x00007ffadf550000 - 0x00007ffadf8bd000 	C:\Windows\SYSTEM32\CoreUIComponents.dll
0x00007ffae6d60000 - 0x00007ffae6d6c000 	C:\Windows\SYSTEM32\CRYPTBASE.DLL
0x00007ffae6d40000 - 0x00007ffae6d5b000 	C:\Windows\SYSTEM32\CRYPTSP.dll
0x00007ffae65d0000 - 0x00007ffae6605000 	C:\Windows\system32\rsaenh.dll
0x00007ffae6be0000 - 0x00007ffae6c08000 	C:\Windows\SYSTEM32\USERENV.dll
0x00007ffae6030000 - 0x00007ffae605d000 	C:\Windows\SYSTEM32\IPHLPAPI.DLL
0x00007ffae9800000 - 0x00007ffae9809000 	C:\Windows\System32\NSI.dll
0x00007ffaca190000 - 0x00007ffaca1d9000 	C:\Users\OhLoo\AppData\Local\Temp\jna-76133011\jna12428310500444049589.dll
0x00007ffae9e40000 - 0x00007ffae9e48000 	C:\Windows\System32\PSAPI.DLL
0x00007ffa9fc00000 - 0x00007ffa9ff24000 	C:\Users\OhLoo\AppData\Local\Temp\tess4j\win32-x86-64\libtesseract541.dll
0x00007ffa99130000 - 0x00007ffa9952b000 	C:\Users\OhLoo\AppData\Local\Temp\tess4j\win32-x86-64\libleptonica1841.dll
0x00007ffaa1a60000 - 0x00007ffaa1c08000 	C:\Windows\system32\d3d9.dll
0x00007ffadc780000 - 0x00007ffadc841000 	C:\Windows\System32\DriverStore\FileRepository\nvlt.inf_amd64_085aa0564c2999be\nvldumdx.dll
0x00007ffae71e0000 - 0x00007ffae71f2000 	C:\Windows\SYSTEM32\msasn1.dll
0x00007ffadcbe0000 - 0x00007ffadcc12000 	C:\Windows\SYSTEM32\cryptnet.dll
0x00007ffae7640000 - 0x00007ffae77a6000 	C:\Windows\System32\CRYPT32.dll
0x00007ffae6df0000 - 0x00007ffae6e3c000 	C:\Windows\SYSTEM32\wldp.dll
0x00007ffadc9a0000 - 0x00007ffadcb02000 	C:\Windows\SYSTEM32\drvstore.dll
0x00007ffae7200000 - 0x00007ffae722c000 	C:\Windows\SYSTEM32\devobj.dll
0x00007ffae7230000 - 0x00007ffae727e000 	C:\Windows\SYSTEM32\cfgmgr32.dll
0x00007ffae7ef0000 - 0x00007ffae7f62000 	C:\Windows\System32\wintrust.dll
0x00007ffae8c00000 - 0x00007ffae8c1f000 	C:\Windows\System32\imagehlp.dll
0x00007ffad7e50000 - 0x00007ffad9e3e000 	C:\Windows\System32\DriverStore\FileRepository\nvlt.inf_amd64_085aa0564c2999be\nvgpucomp64.dll
0x00007ffa66fb0000 - 0x00007ffa68a44000 	C:\Windows\System32\DriverStore\FileRepository\nvlt.inf_amd64_085aa0564c2999be\nvd3dumx.dll
0x00007ffadfb60000 - 0x00007ffadfba9000 	C:\Windows\SYSTEM32\directxdatabasehelper.dll
0x00007ffad69c0000 - 0x00007ffad6b7b000 	C:\Windows\System32\DriverStore\FileRepository\u0397945.inf_amd64_16a50ea7e60ebe3c\B397614\aticfx64.dll
0x00007ffa529e0000 - 0x00007ffa5559d000 	C:\Windows\System32\DriverStore\FileRepository\u0397945.inf_amd64_16a50ea7e60ebe3c\B397614\amdxn64.dll
0x00007ffae7f70000 - 0x00007ffae83e4000 	C:\Windows\System32\SETUPAPI.dll
0x00007ffad6670000 - 0x00007ffad66a5000 	C:\Windows\SYSTEM32\amdihk64.dll
0x00007ffa57db0000 - 0x00007ffa58080000 	C:\Windows\system32\nvspcap64.dll
0x00007ffae6780000 - 0x00007ffae67b4000 	C:\Windows\SYSTEM32\ntmarta.dll
0x00007ffae6b80000 - 0x00007ffae6ba6000 	C:\Windows\SYSTEM32\gpapi.dll
0x00007ffa9e730000 - 0x00007ffa9e885000 	C:\Windows\System32\DriverStore\FileRepository\nvlt.inf_amd64_085aa0564c2999be\nvppex.dll

dbghelp: loaded successfully - version: 4.0.5 - missing functions: none
symbol engine: initialized successfully - sym options: 0x614 - pdb path: .;C:\Program Files\Java\jdk-22\bin;C:\Windows\SYSTEM32;C:\Windows\WinSxS\amd64_microsoft.windows.common-controls_6595b64144ccf1df_6.0.22621.4541_none_2710d1c57384c085;C:\Program Files\Java\jdk-22\bin\server;C:\Program Files\JetBrains\IntelliJ IDEA Community Edition 2024.1\bin;C:\ProgramData\A-Volute\A-Volute.Nahimic\Modules\Scheduled\x64;C:\Windows\System32\DriverStore\FileRepository\u0397945.inf_amd64_16a50ea7e60ebe3c\B397614;C:\Users\OhLoo\.m2\repository\com\github\kwhat\jnativehook\2.2.2;C:\Users\OhLoo\AppData\Local\Temp\jna-76133011;C:\Users\OhLoo\AppData\Local\Temp\tess4j\win32-x86-64;C:\Windows\System32\DriverStore\FileRepository\nvlt.inf_amd64_085aa0564c2999be

VM Arguments:
jvm_args: -javaagent:C:\Program Files\JetBrains\IntelliJ IDEA Community Edition 2024.1\lib\idea_rt.jar=55401:C:\Program Files\JetBrains\IntelliJ IDEA Community Edition 2024.1\bin -Dfile.encoding=UTF-8 -Dsun.stdout.encoding=UTF-8 -Dsun.stderr.encoding=UTF-8 
java_command: Main
java_class_path (initial): C:\Users\OhLoo\IdeaProjects\Pokemon macro\out\production\Doodle World Macro;C:\Users\OhLoo\.m2\repository\net\java\dev\jna\jna\5.15.0\jna-5.15.0.jar;C:\Users\OhLoo\.m2\repository\net\java\dev\jna\jna-platform\5.15.0\jna-platform-5.15.0.jar;C:\Users\OhLoo\.m2\repository\com\github\kwhat\jnativehook\2.2.2\jnativehook-2.2.2.jar;C:\Users\OhLoo\.m2\repository\net\sourceforge\tess4j\tess4j\5.13.0\tess4j-5.13.0.jar;C:\Users\OhLoo\.m2\repository\net\java\dev\jna\jna\5.14.0\jna-5.14.0.jar;C:\Users\OhLoo\.m2\repository\com\github\jai-imageio\jai-imageio-core\1.4.0\jai-imageio-core-1.4.0.jar;C:\Users\OhLoo\.m2\repository\org\apache\pdfbox\pdfbox\3.0.3\pdfbox-3.0.3.jar;C:\Users\OhLoo\.m2\repository\org\apache\pdfbox\pdfbox-io\3.0.3\pdfbox-io-3.0.3.jar;C:\Users\OhLoo\.m2\repository\org\apache\pdfbox\fontbox\3.0.3\fontbox-3.0.3.jar;C:\Users\OhLoo\.m2\repository\commons-logging\commons-logging\1.3.3\commons-logging-1.3.3.jar;C:\Users\OhLoo\.m2\repository\org\apache\pdfbox\pdfbox-tools\3.0.3\pdfbox-tools-3.0.3.jar;C:\Users\OhLoo\.m2\repository\org\apache\pdfbox\pdfbox-debugger\3.0.3\pdfbox-debugger-3.0.3.jar;C:\Users\OhLoo\.m2\repository\info\picocli\picocli\4.7.6\picocli-4.7.6.jar;C:\Users\OhLoo\.m2\repository\org\apache\pdfbox\jbig2-imageio\3.0.4\jbig2-imageio-3.0.4.jar;C:\Users\OhLoo\.m2\repository\commons-io\commons-io\2.16.1\commons-io-2.16.1.jar;C:\Users\OhLoo\.m2\repository\net\sourceforge\lept4j\lept4j\1.19.1\lept4j-1.19.1.jar;C:\Users\OhLoo\.m2\repository\org\jboss\jboss-vfs\3.2.17.Final\jboss-vfs-3.2.17.Final.jar;C:\Users\OhLoo\.m2\repository\org\jboss\logging\jboss-logging\3.1.4.GA\jboss-logging-3.1.4.GA.jar;C:\Users\OhLoo\.m2\repository\org\slf4j\slf4j-api\2.0.16\slf4j-api-2.0.16.jar;C:\Users\OhLoo\.m2\repository\org\slf4j\slf4j-simple\2.0.3\slf4j-simple-2.0.3.jar;C:\Users\OhLoo\.m2\repository\org\slf4j\slf4j-api\2.0.3\slf4j-api-2.0.3.jar
Launcher Type: SUN_STANDARD

[Global flags]
     intx CICompilerCount                          = 4                                         {product} {ergonomic}
     uint ConcGCThreads                            = 3                                         {product} {ergonomic}
     uint G1ConcRefinementThreads                  = 10                                        {product} {ergonomic}
   size_t G1HeapRegionSize                         = 2097152                                   {product} {ergonomic}
   size_t InitialHeapSize                          = 255852544                                 {product} {ergonomic}
   size_t MarkStackSize                            = 4194304                                   {product} {ergonomic}
   size_t MaxHeapSize                              = 4078960640                                {product} {ergonomic}
   size_t MaxNewSize                               = 2447376384                                {product} {ergonomic}
   size_t MinHeapDeltaBytes                        = 2097152                                   {product} {ergonomic}
   size_t MinHeapSize                              = 8388608                                   {product} {ergonomic}
    uintx NonNMethodCodeHeapSize                   = 5839372                                {pd product} {ergonomic}
    uintx NonProfiledCodeHeapSize                  = 122909434                              {pd product} {ergonomic}
    uintx ProfiledCodeHeapSize                     = 122909434                              {pd product} {ergonomic}
    uintx ReservedCodeCacheSize                    = 251658240                              {pd product} {ergonomic}
     bool SegmentedCodeCache                       = true                                      {product} {ergonomic}
   size_t SoftMaxHeapSize                          = 4078960640                             {manageable} {ergonomic}
     bool UseCompressedOops                        = true                           {product lp64_product} {ergonomic}
     bool UseG1GC                                  = true                                      {product} {ergonomic}
     bool UseLargePagesIndividualAllocation        = false                                  {pd product} {ergonomic}

Logging:
Log output configuration:
 #0: stdout all=warning uptime,level,tags foldmultilines=false
 #1: stderr all=off uptime,level,tags foldmultilines=false

Environment Variables:
PATH=C:\Program Files\Common Files\Oracle\Java\javapath;C:\Program Files (x86)\Common Files\Oracle\Java\java8path;C:\Program Files (x86)\Common Files\Oracle\Java\javapath;C:\Windows\system32;C:\Windows;C:\Windows\System32\Wbem;C:\Windows\System32\WindowsPowerShell\v1.0\;C:\Windows\System32\OpenSSH\;C:\Program Files (x86)\NVIDIA Corporation\PhysX\Common;C:\Program Files\NVIDIA Corporation\NVIDIA NvDLISR;C:\Program Files\dotnet\;C:\Program Files\Git\cmd;C:\Users\OhLoo\AppData\Local\Programs\Python\Launcher\;C:\Users\OhLoo\AppData\Local\Microsoft\WindowsApps;;C:\Users\OhLoo\AppData\Local\Programs\Microsoft VS Code\bin
USERNAME=OhLoo
OS=Windows_NT
PROCESSOR_IDENTIFIER=AMD64 Family 25 Model 116 Stepping 1, AuthenticAMD
TMP=C:\Users\OhLoo\AppData\Local\Temp
TEMP=C:\Users\OhLoo\AppData\Local\Temp




Periodic native trim disabled

---------------  S Y S T E M  ---------------

OS:
 Windows 11 , 64 bit Build 22621 (10.0.22621.4391)
OS uptime: 0 days 1:08 hours
Hyper-V role detected

CPU: total 12 (initial active 12) (12 cores per cpu, 2 threads per core) family 25 model 116 stepping 1 microcode 0x0, cx8, cmov, fxsr, ht, mmx, 3dnowpref, sse, sse2, sse3, ssse3, sse4a, sse4.1, sse4.2, popcnt, lzcnt, tsc, tscinvbit, avx, avx2, aes, erms, clmul, bmi1, bmi2, adx, avx512f, avx512dq, avx512cd, avx512bw, avx512vl, sha, fma, vzeroupper, avx512_vpopcntdq, avx512_vpclmulqdq, avx512_vaes, avx512_vnni, clflush, clflushopt, avx512_vbmi2, avx512_vbmi, hv, rdtscp, rdpid, gfni, avx512_bitalg, f16c, cet_ss, avx512_ifma
Processor Information for all 12 processors :
  Max Mhz: 4301, Current Mhz: 4301, Mhz Limit: 4301

Memory: 4k page, system-wide physical 15556M (2202M free)
TotalPageFile size 31113M (AvailPageFile size 8767M)
current process WorkingSet (physical memory assigned to process): 342M, peak: 368M
current process commit charge ("private bytes"): 502M, peak: 525M

vm_info: Java HotSpot(TM) 64-Bit Server VM (22.0.2+9-70) for windows-amd64 JRE (22.0.2+9-70), built on 2024-06-04T16:52:23Z by "mach5one" with MS VC++ 17.6 (VS2022)

END.
